<!DOCTYPE html PUBLIC "-//W3C//DTD XHTML 1.1//EN" "http://www.w3.org/TR/xhtml11/DTD/xhtml11.dtd">
<html xmlns="http://www.w3.org/1999/xhtml"><head><title>TestNG Report</title><style type="text/css">table {margin-bottom:10px;border-collapse:collapse;empty-cells:show}th,td {border:1px solid #009;padding:.25em .5em}th {vertical-align:bottom}td {vertical-align:top}table a {font-weight:bold}.stripe td {background-color: #E6EBF9}.num {text-align:right}.passedodd td {background-color: #3F3}.passedeven td {background-color: #0A0}.skippedodd td {background-color: #DDD}.skippedeven td {background-color: #CCC}.failedodd td,.attn {background-color: #F33}.failedeven td,.stripe .attn {background-color: #D00}.stacktrace {white-space:pre;font-family:monospace}.totop {font-size:85%;text-align:center;border-bottom:2px solid #000}</style></head><body><table><tr><th>Test</th><th># Passed</th><th># Skipped</th><th># Failed</th><th>Time (ms)</th><th>Included Groups</th><th>Excluded Groups</th></tr><tr><th colspan="7">Default suite</th></tr><tr><td><a href="#t0">Default test</a></td><td class="num">61</td><td class="num">0</td><td class="num attn">11</td><td class="num">1,060,300</td><td></td><td></td></tr></table><table><thead><tr><th>Class</th><th>Method</th><th>Start</th><th>Time (ms)</th></tr></thead><tbody><tr><th colspan="4">Default suite</th></tr></tbody><tbody id="t0"><tr><th colspan="4">Default test &#8212; failed</th></tr><tr class="failedeven"><td rowspan="11">com.gdi.testexecutor.TestExecutor</td><td><a href="#m0">testScenarios</a></td><td rowspan="11">1515990345071</td><td rowspan="11">2093</td></tr><tr class="failedeven"><td><a href="#m1">testScenarios</a></td></tr><tr class="failedeven"><td><a href="#m2">testScenarios</a></td></tr><tr class="failedeven"><td><a href="#m3">testScenarios</a></td></tr><tr class="failedeven"><td><a href="#m4">testScenarios</a></td></tr><tr class="failedeven"><td><a href="#m5">testScenarios</a></td></tr><tr class="failedeven"><td><a href="#m6">testScenarios</a></td></tr><tr class="failedeven"><td><a href="#m7">testScenarios</a></td></tr><tr class="failedeven"><td><a href="#m8">testScenarios</a></td></tr><tr class="failedeven"><td><a href="#m9">testScenarios</a></td></tr><tr class="failedeven"><td><a href="#m10">testScenarios</a></td></tr><tr><th colspan="4">Default test &#8212; passed</th></tr><tr class="passedeven"><td rowspan="61">com.gdi.testexecutor.TestExecutor</td><td><a href="#m11">testScenarios</a></td><td rowspan="61">1515990050040</td><td rowspan="61">34693</td></tr><tr class="passedeven"><td><a href="#m12">testScenarios</a></td></tr><tr class="passedeven"><td><a href="#m13">testScenarios</a></td></tr><tr class="passedeven"><td><a href="#m14">testScenarios</a></td></tr><tr class="passedeven"><td><a href="#m15">testScenarios</a></td></tr><tr class="passedeven"><td><a href="#m16">testScenarios</a></td></tr><tr class="passedeven"><td><a href="#m17">testScenarios</a></td></tr><tr class="passedeven"><td><a href="#m18">testScenarios</a></td></tr><tr class="passedeven"><td><a href="#m19">testScenarios</a></td></tr><tr class="passedeven"><td><a href="#m20">testScenarios</a></td></tr><tr class="passedeven"><td><a href="#m21">testScenarios</a></td></tr><tr class="passedeven"><td><a href="#m22">testScenarios</a></td></tr><tr class="passedeven"><td><a href="#m23">testScenarios</a></td></tr><tr class="passedeven"><td><a href="#m24">testScenarios</a></td></tr><tr class="passedeven"><td><a href="#m25">testScenarios</a></td></tr><tr class="passedeven"><td><a href="#m26">testScenarios</a></td></tr><tr class="passedeven"><td><a href="#m27">testScenarios</a></td></tr><tr class="passedeven"><td><a href="#m28">testScenarios</a></td></tr><tr class="passedeven"><td><a href="#m29">testScenarios</a></td></tr><tr class="passedeven"><td><a href="#m30">testScenarios</a></td></tr><tr class="passedeven"><td><a href="#m31">testScenarios</a></td></tr><tr class="passedeven"><td><a href="#m32">testScenarios</a></td></tr><tr class="passedeven"><td><a href="#m33">testScenarios</a></td></tr><tr class="passedeven"><td><a href="#m34">testScenarios</a></td></tr><tr class="passedeven"><td><a href="#m35">testScenarios</a></td></tr><tr class="passedeven"><td><a href="#m36">testScenarios</a></td></tr><tr class="passedeven"><td><a href="#m37">testScenarios</a></td></tr><tr class="passedeven"><td><a href="#m38">testScenarios</a></td></tr><tr class="passedeven"><td><a href="#m39">testScenarios</a></td></tr><tr class="passedeven"><td><a href="#m40">testScenarios</a></td></tr><tr class="passedeven"><td><a href="#m41">testScenarios</a></td></tr><tr class="passedeven"><td><a href="#m42">testScenarios</a></td></tr><tr class="passedeven"><td><a href="#m43">testScenarios</a></td></tr><tr class="passedeven"><td><a href="#m44">testScenarios</a></td></tr><tr class="passedeven"><td><a href="#m45">testScenarios</a></td></tr><tr class="passedeven"><td><a href="#m46">testScenarios</a></td></tr><tr class="passedeven"><td><a href="#m47">testScenarios</a></td></tr><tr class="passedeven"><td><a href="#m48">testScenarios</a></td></tr><tr class="passedeven"><td><a href="#m49">testScenarios</a></td></tr><tr class="passedeven"><td><a href="#m50">testScenarios</a></td></tr><tr class="passedeven"><td><a href="#m51">testScenarios</a></td></tr><tr class="passedeven"><td><a href="#m52">testScenarios</a></td></tr><tr class="passedeven"><td><a href="#m53">testScenarios</a></td></tr><tr class="passedeven"><td><a href="#m54">testScenarios</a></td></tr><tr class="passedeven"><td><a href="#m55">testScenarios</a></td></tr><tr class="passedeven"><td><a href="#m56">testScenarios</a></td></tr><tr class="passedeven"><td><a href="#m57">testScenarios</a></td></tr><tr class="passedeven"><td><a href="#m58">testScenarios</a></td></tr><tr class="passedeven"><td><a href="#m59">testScenarios</a></td></tr><tr class="passedeven"><td><a href="#m60">testScenarios</a></td></tr><tr class="passedeven"><td><a href="#m61">testScenarios</a></td></tr><tr class="passedeven"><td><a href="#m62">testScenarios</a></td></tr><tr class="passedeven"><td><a href="#m63">testScenarios</a></td></tr><tr class="passedeven"><td><a href="#m64">testScenarios</a></td></tr><tr class="passedeven"><td><a href="#m65">testScenarios</a></td></tr><tr class="passedeven"><td><a href="#m66">testScenarios</a></td></tr><tr class="passedeven"><td><a href="#m67">testScenarios</a></td></tr><tr class="passedeven"><td><a href="#m68">testScenarios</a></td></tr><tr class="passedeven"><td><a href="#m69">testScenarios</a></td></tr><tr class="passedeven"><td><a href="#m70">testScenarios</a></td></tr><tr class="passedeven"><td><a href="#m71">testScenarios</a></td></tr></tbody></table><h2>Default test</h2><h3 id="m0">com.gdi.testexecutor.TestExecutor#testScenarios</h3><table class="result"><tr class="param"><th>Parameter #1</th><th>Parameter #2</th></tr><tr class="param stripe"><td>UC34_CheckOutButton</td><td>Yes</td></tr><tr><th colspan="2">Exception</th></tr><tr><td colspan="2"><div class="stacktrace">org.openqa.selenium.NoSuchElementException: An element could not be located on the page using the given search parameters. (WARNING: The server did not provide any stacktrace information)
Command duration or timeout: 85 milliseconds
For documentation on this error, please visit: http://seleniumhq.org/exceptions/no_such_element.html
Build info: version: &apos;2.53.0&apos;, revision: &apos;35ae25b&apos;, time: &apos;2016-03-15 17:00:58&apos;
System info: host: &apos;DivyaT.local&apos;, ip: &apos;192.168.3.171&apos;, os.name: &apos;Mac OS X&apos;, os.arch: &apos;x86_64&apos;, os.version: &apos;10.12.6&apos;, java.version: &apos;1.8.0_101&apos;
Driver info: io.appium.java_client.android.AndroidDriver
Capabilities [{app=/Users/testuser/Downloads/app-v141-garage-ca-internal_qa.apk, platformVersion=7.1.2, automationName=uiautomator2, platformName=Android, deviceName=Redmi, platform=ANY, systemPort=1314}]
Session ID: 4ad49834-aeb0-4e40-936a-fe1681c35c32
*** Element info: {Using=accessibility id, value=cart_checkout}
	at sun.reflect.GeneratedConstructorAccessor45.newInstance(Unknown Source)
	at sun.reflect.DelegatingConstructorAccessorImpl.newInstance(DelegatingConstructorAccessorImpl.java:45)
	at java.lang.reflect.Constructor.newInstance(Constructor.java:423)
	at org.openqa.selenium.remote.ErrorHandler.createThrowable(ErrorHandler.java:206)
	at org.openqa.selenium.remote.ErrorHandler.throwIfResponseFailed(ErrorHandler.java:158)
	at org.openqa.selenium.remote.RemoteWebDriver.execute(RemoteWebDriver.java:678)
	at io.appium.java_client.AppiumDriver.execute(AppiumDriver.java:180)
	at org.openqa.selenium.remote.RemoteWebDriver.findElement(RemoteWebDriver.java:363)
	at io.appium.java_client.AppiumDriver.findElementByAccessibilityId(AppiumDriver.java:587)
	at com.gdi.locators.CartLocators.checkOutButton(CartLocators.java:62)
	at com.gdi.testscenarios.UC34_CheckOutButton.checkOutButton(UC34_CheckOutButton.java:23)
	at com.gdi.testscenarios.UC34_CheckOutButton.&lt;init&gt;(UC34_CheckOutButton.java:17)
	at com.gdi.testscenarios.TestScenarioMapper.executeFunction(TestScenarioMapper.java:141)
	at com.gdi.testexecutor.TestExecutor.testScenarios(TestExecutor.java:129)
	at sun.reflect.GeneratedMethodAccessor2.invoke(Unknown Source)
	at sun.reflect.DelegatingMethodAccessorImpl.invoke(DelegatingMethodAccessorImpl.java:43)
	at java.lang.reflect.Method.invoke(Method.java:498)
	at org.testng.internal.MethodInvocationHelper.invokeMethod(MethodInvocationHelper.java:85)
	at org.testng.internal.Invoker.invokeMethod(Invoker.java:639)
	at org.testng.internal.Invoker.invokeTestMethod(Invoker.java:816)
	at org.testng.internal.Invoker.invokeTestMethods(Invoker.java:1124)
	at org.testng.internal.TestMethodWorker.invokeTestMethods(TestMethodWorker.java:125)
	at org.testng.internal.TestMethodWorker.run(TestMethodWorker.java:108)
	at org.testng.TestRunner.privateRun(TestRunner.java:774)
	at org.testng.TestRunner.run(TestRunner.java:624)
	at org.testng.SuiteRunner.runTest(SuiteRunner.java:359)
	at org.testng.SuiteRunner.runSequentially(SuiteRunner.java:354)
	at org.testng.SuiteRunner.privateRun(SuiteRunner.java:312)
	at org.testng.SuiteRunner.run(SuiteRunner.java:261)
	at org.testng.SuiteRunnerWorker.runSuite(SuiteRunnerWorker.java:52)
	at org.testng.SuiteRunnerWorker.run(SuiteRunnerWorker.java:86)
	at org.testng.TestNG.runSuitesSequentially(TestNG.java:1215)
	at org.testng.TestNG.runSuitesLocally(TestNG.java:1140)
	at org.testng.TestNG.run(TestNG.java:1048)
	at org.testng.remote.AbstractRemoteTestNG.run(AbstractRemoteTestNG.java:132)
	at org.testng.remote.RemoteTestNG.initAndRun(RemoteTestNG.java:236)
	at org.testng.remote.RemoteTestNG.main(RemoteTestNG.java:81)
</div></td></tr></table><p class="totop"><a href="#summary">back to summary</a></p><h3 id="m1">com.gdi.testexecutor.TestExecutor#testScenarios</h3><table class="result"><tr class="param"><th>Parameter #1</th><th>Parameter #2</th></tr><tr class="param stripe"><td>UC17_FaqTermsPrivacyLinks</td><td>Yes</td></tr><tr><th colspan="2">Exception</th></tr><tr><td colspan="2"><div class="stacktrace">org.openqa.selenium.NoSuchElementException: An element could not be located on the page using the given search parameters. (WARNING: The server did not provide any stacktrace information)
Command duration or timeout: 93 milliseconds
For documentation on this error, please visit: http://seleniumhq.org/exceptions/no_such_element.html
Build info: version: &apos;2.53.0&apos;, revision: &apos;35ae25b&apos;, time: &apos;2016-03-15 17:00:58&apos;
System info: host: &apos;DivyaT.local&apos;, ip: &apos;192.168.3.171&apos;, os.name: &apos;Mac OS X&apos;, os.arch: &apos;x86_64&apos;, os.version: &apos;10.12.6&apos;, java.version: &apos;1.8.0_101&apos;
Driver info: io.appium.java_client.android.AndroidDriver
Capabilities [{app=/Users/testuser/Downloads/app-v141-garage-ca-internal_qa.apk, platformVersion=7.1.2, automationName=uiautomator2, platformName=Android, deviceName=Redmi, platform=ANY, systemPort=1314}]
Session ID: 4ad49834-aeb0-4e40-936a-fe1681c35c32
*** Element info: {Using=accessibility id, value=faq}
	at sun.reflect.GeneratedConstructorAccessor45.newInstance(Unknown Source)
	at sun.reflect.DelegatingConstructorAccessorImpl.newInstance(DelegatingConstructorAccessorImpl.java:45)
	at java.lang.reflect.Constructor.newInstance(Constructor.java:423)
	at org.openqa.selenium.remote.ErrorHandler.createThrowable(ErrorHandler.java:206)
	at org.openqa.selenium.remote.ErrorHandler.throwIfResponseFailed(ErrorHandler.java:158)
	at org.openqa.selenium.remote.RemoteWebDriver.execute(RemoteWebDriver.java:678)
	at io.appium.java_client.AppiumDriver.execute(AppiumDriver.java:180)
	at org.openqa.selenium.remote.RemoteWebDriver.findElement(RemoteWebDriver.java:363)
	at io.appium.java_client.AppiumDriver.findElementByAccessibilityId(AppiumDriver.java:587)
	at com.gdi.locators.HomePageLocators.faq(HomePageLocators.java:142)
	at com.gdi.testscenarios.UC17_FaqTermsPrivacyLinks.faqTermsPrivacyLinks(UC17_FaqTermsPrivacyLinks.java:25)
	at com.gdi.testscenarios.UC17_FaqTermsPrivacyLinks.&lt;init&gt;(UC17_FaqTermsPrivacyLinks.java:17)
	at com.gdi.testscenarios.TestScenarioMapper.executeFunction(TestScenarioMapper.java:76)
	at com.gdi.testexecutor.TestExecutor.testScenarios(TestExecutor.java:129)
	at sun.reflect.GeneratedMethodAccessor2.invoke(Unknown Source)
	at sun.reflect.DelegatingMethodAccessorImpl.invoke(DelegatingMethodAccessorImpl.java:43)
	at java.lang.reflect.Method.invoke(Method.java:498)
	at org.testng.internal.MethodInvocationHelper.invokeMethod(MethodInvocationHelper.java:85)
	at org.testng.internal.Invoker.invokeMethod(Invoker.java:639)
	at org.testng.internal.Invoker.invokeTestMethod(Invoker.java:816)
	at org.testng.internal.Invoker.invokeTestMethods(Invoker.java:1124)
	at org.testng.internal.TestMethodWorker.invokeTestMethods(TestMethodWorker.java:125)
	at org.testng.internal.TestMethodWorker.run(TestMethodWorker.java:108)
	at org.testng.TestRunner.privateRun(TestRunner.java:774)
	at org.testng.TestRunner.run(TestRunner.java:624)
	at org.testng.SuiteRunner.runTest(SuiteRunner.java:359)
	at org.testng.SuiteRunner.runSequentially(SuiteRunner.java:354)
	at org.testng.SuiteRunner.privateRun(SuiteRunner.java:312)
	at org.testng.SuiteRunner.run(SuiteRunner.java:261)
	at org.testng.SuiteRunnerWorker.runSuite(SuiteRunnerWorker.java:52)
	at org.testng.SuiteRunnerWorker.run(SuiteRunnerWorker.java:86)
	at org.testng.TestNG.runSuitesSequentially(TestNG.java:1215)
	at org.testng.TestNG.runSuitesLocally(TestNG.java:1140)
	at org.testng.TestNG.run(TestNG.java:1048)
	at org.testng.remote.AbstractRemoteTestNG.run(AbstractRemoteTestNG.java:132)
	at org.testng.remote.RemoteTestNG.initAndRun(RemoteTestNG.java:236)
	at org.testng.remote.RemoteTestNG.main(RemoteTestNG.java:81)
</div></td></tr></table><p class="totop"><a href="#summary">back to summary</a></p><h3 id="m2">com.gdi.testexecutor.TestExecutor#testScenarios</h3><table class="result"><tr class="param"><th>Parameter #1</th><th>Parameter #2</th></tr><tr class="param stripe"><td>UC19_Filters</td><td>Yes</td></tr><tr><th colspan="2">Exception</th></tr><tr><td colspan="2"><div class="stacktrace">org.openqa.selenium.NoSuchElementException: An element could not be located on the page using the given search parameters. (WARNING: The server did not provide any stacktrace information)
Command duration or timeout: 115 milliseconds
For documentation on this error, please visit: http://seleniumhq.org/exceptions/no_such_element.html
Build info: version: &apos;2.53.0&apos;, revision: &apos;35ae25b&apos;, time: &apos;2016-03-15 17:00:58&apos;
System info: host: &apos;DivyaT.local&apos;, ip: &apos;192.168.3.171&apos;, os.name: &apos;Mac OS X&apos;, os.arch: &apos;x86_64&apos;, os.version: &apos;10.12.6&apos;, java.version: &apos;1.8.0_101&apos;
Driver info: io.appium.java_client.android.AndroidDriver
Capabilities [{app=/Users/testuser/Downloads/app-v141-garage-ca-internal_qa.apk, platformVersion=7.1.2, automationName=uiautomator2, platformName=Android, deviceName=Redmi, platform=ANY, systemPort=1314}]
Session ID: 4ad49834-aeb0-4e40-936a-fe1681c35c32
*** Element info: {Using=accessibility id, value=navigationbar_modal_close}
	at sun.reflect.GeneratedConstructorAccessor45.newInstance(Unknown Source)
	at sun.reflect.DelegatingConstructorAccessorImpl.newInstance(DelegatingConstructorAccessorImpl.java:45)
	at java.lang.reflect.Constructor.newInstance(Constructor.java:423)
	at org.openqa.selenium.remote.ErrorHandler.createThrowable(ErrorHandler.java:206)
	at org.openqa.selenium.remote.ErrorHandler.throwIfResponseFailed(ErrorHandler.java:158)
	at org.openqa.selenium.remote.RemoteWebDriver.execute(RemoteWebDriver.java:678)
	at io.appium.java_client.AppiumDriver.execute(AppiumDriver.java:180)
	at org.openqa.selenium.remote.RemoteWebDriver.findElement(RemoteWebDriver.java:363)
	at io.appium.java_client.AppiumDriver.findElementByAccessibilityId(AppiumDriver.java:587)
	at com.gdi.locators.PLPLocators.closeFilterModule(PLPLocators.java:60)
	at com.gdi.testscenarios.UC19_Filters.filters(UC19_Filters.java:63)
	at com.gdi.testscenarios.UC19_Filters.&lt;init&gt;(UC19_Filters.java:19)
	at com.gdi.testscenarios.TestScenarioMapper.executeFunction(TestScenarioMapper.java:84)
	at com.gdi.testexecutor.TestExecutor.testScenarios(TestExecutor.java:129)
	at sun.reflect.GeneratedMethodAccessor2.invoke(Unknown Source)
	at sun.reflect.DelegatingMethodAccessorImpl.invoke(DelegatingMethodAccessorImpl.java:43)
	at java.lang.reflect.Method.invoke(Method.java:498)
	at org.testng.internal.MethodInvocationHelper.invokeMethod(MethodInvocationHelper.java:85)
	at org.testng.internal.Invoker.invokeMethod(Invoker.java:639)
	at org.testng.internal.Invoker.invokeTestMethod(Invoker.java:816)
	at org.testng.internal.Invoker.invokeTestMethods(Invoker.java:1124)
	at org.testng.internal.TestMethodWorker.invokeTestMethods(TestMethodWorker.java:125)
	at org.testng.internal.TestMethodWorker.run(TestMethodWorker.java:108)
	at org.testng.TestRunner.privateRun(TestRunner.java:774)
	at org.testng.TestRunner.run(TestRunner.java:624)
	at org.testng.SuiteRunner.runTest(SuiteRunner.java:359)
	at org.testng.SuiteRunner.runSequentially(SuiteRunner.java:354)
	at org.testng.SuiteRunner.privateRun(SuiteRunner.java:312)
	at org.testng.SuiteRunner.run(SuiteRunner.java:261)
	at org.testng.SuiteRunnerWorker.runSuite(SuiteRunnerWorker.java:52)
	at org.testng.SuiteRunnerWorker.run(SuiteRunnerWorker.java:86)
	at org.testng.TestNG.runSuitesSequentially(TestNG.java:1215)
	at org.testng.TestNG.runSuitesLocally(TestNG.java:1140)
	at org.testng.TestNG.run(TestNG.java:1048)
	at org.testng.remote.AbstractRemoteTestNG.run(AbstractRemoteTestNG.java:132)
	at org.testng.remote.RemoteTestNG.initAndRun(RemoteTestNG.java:236)
	at org.testng.remote.RemoteTestNG.main(RemoteTestNG.java:81)
</div></td></tr></table><p class="totop"><a href="#summary">back to summary</a></p><h3 id="m3">com.gdi.testexecutor.TestExecutor#testScenarios</h3><table class="result"><tr class="param"><th>Parameter #1</th><th>Parameter #2</th></tr><tr class="param stripe"><td>UC37_AddCreditCard</td><td>Yes</td></tr><tr><th colspan="2">Exception</th></tr><tr><td colspan="2"><div class="stacktrace">org.openqa.selenium.NoSuchElementException: An element could not be located on the page using the given search parameters. (WARNING: The server did not provide any stacktrace information)
Command duration or timeout: 1.30 seconds
For documentation on this error, please visit: http://seleniumhq.org/exceptions/no_such_element.html
Build info: version: &apos;2.53.0&apos;, revision: &apos;35ae25b&apos;, time: &apos;2016-03-15 17:00:58&apos;
System info: host: &apos;DivyaT.local&apos;, ip: &apos;192.168.3.171&apos;, os.name: &apos;Mac OS X&apos;, os.arch: &apos;x86_64&apos;, os.version: &apos;10.12.6&apos;, java.version: &apos;1.8.0_101&apos;
Driver info: io.appium.java_client.android.AndroidDriver
Capabilities [{app=/Users/testuser/Downloads/app-v141-garage-ca-internal_qa.apk, platformVersion=7.1.2, automationName=uiautomator2, platformName=Android, deviceName=Redmi, platform=ANY, systemPort=1314}]
Session ID: 4ad49834-aeb0-4e40-936a-fe1681c35c32
*** Element info: {Using=accessibility id, value=payment_credit_card}
	at sun.reflect.GeneratedConstructorAccessor45.newInstance(Unknown Source)
	at sun.reflect.DelegatingConstructorAccessorImpl.newInstance(DelegatingConstructorAccessorImpl.java:45)
	at java.lang.reflect.Constructor.newInstance(Constructor.java:423)
	at org.openqa.selenium.remote.ErrorHandler.createThrowable(ErrorHandler.java:206)
	at org.openqa.selenium.remote.ErrorHandler.throwIfResponseFailed(ErrorHandler.java:158)
	at org.openqa.selenium.remote.RemoteWebDriver.execute(RemoteWebDriver.java:678)
	at io.appium.java_client.AppiumDriver.execute(AppiumDriver.java:180)
	at org.openqa.selenium.remote.RemoteWebDriver.findElement(RemoteWebDriver.java:363)
	at io.appium.java_client.AppiumDriver.findElementByAccessibilityId(AppiumDriver.java:587)
	at com.gdi.locators.CartLocators.addCreditCardImage(CartLocators.java:71)
	at com.gdi.testscenarios.UC37_AddCreditCard.addCreditCard(UC37_AddCreditCard.java:24)
	at com.gdi.testscenarios.UC37_AddCreditCard.&lt;init&gt;(UC37_AddCreditCard.java:17)
	at com.gdi.testscenarios.TestScenarioMapper.executeFunction(TestScenarioMapper.java:153)
	at com.gdi.testexecutor.TestExecutor.testScenarios(TestExecutor.java:129)
	at sun.reflect.GeneratedMethodAccessor2.invoke(Unknown Source)
	at sun.reflect.DelegatingMethodAccessorImpl.invoke(DelegatingMethodAccessorImpl.java:43)
	at java.lang.reflect.Method.invoke(Method.java:498)
	at org.testng.internal.MethodInvocationHelper.invokeMethod(MethodInvocationHelper.java:85)
	at org.testng.internal.Invoker.invokeMethod(Invoker.java:639)
	at org.testng.internal.Invoker.invokeTestMethod(Invoker.java:816)
	at org.testng.internal.Invoker.invokeTestMethods(Invoker.java:1124)
	at org.testng.internal.TestMethodWorker.invokeTestMethods(TestMethodWorker.java:125)
	at org.testng.internal.TestMethodWorker.run(TestMethodWorker.java:108)
	at org.testng.TestRunner.privateRun(TestRunner.java:774)
	at org.testng.TestRunner.run(TestRunner.java:624)
	at org.testng.SuiteRunner.runTest(SuiteRunner.java:359)
	at org.testng.SuiteRunner.runSequentially(SuiteRunner.java:354)
	at org.testng.SuiteRunner.privateRun(SuiteRunner.java:312)
	at org.testng.SuiteRunner.run(SuiteRunner.java:261)
	at org.testng.SuiteRunnerWorker.runSuite(SuiteRunnerWorker.java:52)
	at org.testng.SuiteRunnerWorker.run(SuiteRunnerWorker.java:86)
	at org.testng.TestNG.runSuitesSequentially(TestNG.java:1215)
	at org.testng.TestNG.runSuitesLocally(TestNG.java:1140)
	at org.testng.TestNG.run(TestNG.java:1048)
	at org.testng.remote.AbstractRemoteTestNG.run(AbstractRemoteTestNG.java:132)
	at org.testng.remote.RemoteTestNG.initAndRun(RemoteTestNG.java:236)
	at org.testng.remote.RemoteTestNG.main(RemoteTestNG.java:81)
</div></td></tr></table><p class="totop"><a href="#summary">back to summary</a></p><h3 id="m4">com.gdi.testexecutor.TestExecutor#testScenarios</h3><table class="result"><tr class="param"><th>Parameter #1</th><th>Parameter #2</th></tr><tr class="param stripe"><td>UC40_CheckOutWithGC</td><td>Yes</td></tr><tr><th colspan="2">Exception</th></tr><tr><td colspan="2"><div class="stacktrace">org.openqa.selenium.NoSuchElementException: An element could not be located on the page using the given search parameters. (WARNING: The server did not provide any stacktrace information)
Command duration or timeout: 78 milliseconds
For documentation on this error, please visit: http://seleniumhq.org/exceptions/no_such_element.html
Build info: version: &apos;2.53.0&apos;, revision: &apos;35ae25b&apos;, time: &apos;2016-03-15 17:00:58&apos;
System info: host: &apos;DivyaT.local&apos;, ip: &apos;192.168.3.171&apos;, os.name: &apos;Mac OS X&apos;, os.arch: &apos;x86_64&apos;, os.version: &apos;10.12.6&apos;, java.version: &apos;1.8.0_101&apos;
Driver info: io.appium.java_client.android.AndroidDriver
Capabilities [{app=/Users/testuser/Downloads/app-v141-garage-ca-internal_qa.apk, platformVersion=7.1.2, automationName=uiautomator2, platformName=Android, deviceName=Redmi, platform=ANY, systemPort=1314}]
Session ID: 4ad49834-aeb0-4e40-936a-fe1681c35c32
*** Element info: {Using=accessibility id, value=cart_checkout}
	at sun.reflect.GeneratedConstructorAccessor45.newInstance(Unknown Source)
	at sun.reflect.DelegatingConstructorAccessorImpl.newInstance(DelegatingConstructorAccessorImpl.java:45)
	at java.lang.reflect.Constructor.newInstance(Constructor.java:423)
	at org.openqa.selenium.remote.ErrorHandler.createThrowable(ErrorHandler.java:206)
	at org.openqa.selenium.remote.ErrorHandler.throwIfResponseFailed(ErrorHandler.java:158)
	at org.openqa.selenium.remote.RemoteWebDriver.execute(RemoteWebDriver.java:678)
	at io.appium.java_client.AppiumDriver.execute(AppiumDriver.java:180)
	at org.openqa.selenium.remote.RemoteWebDriver.findElement(RemoteWebDriver.java:363)
	at io.appium.java_client.AppiumDriver.findElementByAccessibilityId(AppiumDriver.java:587)
	at com.gdi.locators.CartLocators.placeYourOrderButton(CartLocators.java:90)
	at com.gdi.testscenarios.UC40_CheckOutWithGC.checkOutWithGC(UC40_CheckOutWithGC.java:23)
	at com.gdi.testscenarios.UC40_CheckOutWithGC.&lt;init&gt;(UC40_CheckOutWithGC.java:17)
	at com.gdi.testscenarios.TestScenarioMapper.executeFunction(TestScenarioMapper.java:165)
	at com.gdi.testexecutor.TestExecutor.testScenarios(TestExecutor.java:129)
	at sun.reflect.GeneratedMethodAccessor2.invoke(Unknown Source)
	at sun.reflect.DelegatingMethodAccessorImpl.invoke(DelegatingMethodAccessorImpl.java:43)
	at java.lang.reflect.Method.invoke(Method.java:498)
	at org.testng.internal.MethodInvocationHelper.invokeMethod(MethodInvocationHelper.java:85)
	at org.testng.internal.Invoker.invokeMethod(Invoker.java:639)
	at org.testng.internal.Invoker.invokeTestMethod(Invoker.java:816)
	at org.testng.internal.Invoker.invokeTestMethods(Invoker.java:1124)
	at org.testng.internal.TestMethodWorker.invokeTestMethods(TestMethodWorker.java:125)
	at org.testng.internal.TestMethodWorker.run(TestMethodWorker.java:108)
	at org.testng.TestRunner.privateRun(TestRunner.java:774)
	at org.testng.TestRunner.run(TestRunner.java:624)
	at org.testng.SuiteRunner.runTest(SuiteRunner.java:359)
	at org.testng.SuiteRunner.runSequentially(SuiteRunner.java:354)
	at org.testng.SuiteRunner.privateRun(SuiteRunner.java:312)
	at org.testng.SuiteRunner.run(SuiteRunner.java:261)
	at org.testng.SuiteRunnerWorker.runSuite(SuiteRunnerWorker.java:52)
	at org.testng.SuiteRunnerWorker.run(SuiteRunnerWorker.java:86)
	at org.testng.TestNG.runSuitesSequentially(TestNG.java:1215)
	at org.testng.TestNG.runSuitesLocally(TestNG.java:1140)
	at org.testng.TestNG.run(TestNG.java:1048)
	at org.testng.remote.AbstractRemoteTestNG.run(AbstractRemoteTestNG.java:132)
	at org.testng.remote.RemoteTestNG.initAndRun(RemoteTestNG.java:236)
	at org.testng.remote.RemoteTestNG.main(RemoteTestNG.java:81)
</div></td></tr></table><p class="totop"><a href="#summary">back to summary</a></p><h3 id="m5">com.gdi.testexecutor.TestExecutor#testScenarios</h3><table class="result"><tr class="param"><th>Parameter #1</th><th>Parameter #2</th></tr><tr class="param stripe"><td>UC39_CheckOutWithoutSavingcreditCard</td><td>Yes</td></tr><tr><th colspan="2">Exception</th></tr><tr><td colspan="2"><div class="stacktrace">org.openqa.selenium.NoSuchElementException: An element could not be located on the page using the given search parameters. (WARNING: The server did not provide any stacktrace information)
Command duration or timeout: 69 milliseconds
For documentation on this error, please visit: http://seleniumhq.org/exceptions/no_such_element.html
Build info: version: &apos;2.53.0&apos;, revision: &apos;35ae25b&apos;, time: &apos;2016-03-15 17:00:58&apos;
System info: host: &apos;DivyaT.local&apos;, ip: &apos;192.168.3.171&apos;, os.name: &apos;Mac OS X&apos;, os.arch: &apos;x86_64&apos;, os.version: &apos;10.12.6&apos;, java.version: &apos;1.8.0_101&apos;
Driver info: io.appium.java_client.android.AndroidDriver
Capabilities [{app=/Users/testuser/Downloads/app-v141-garage-ca-internal_qa.apk, platformVersion=7.1.2, automationName=uiautomator2, platformName=Android, deviceName=Redmi, platform=ANY, systemPort=1314}]
Session ID: 4ad49834-aeb0-4e40-936a-fe1681c35c32
*** Element info: {Using=accessibility id, value=save_credit_card_details}
	at sun.reflect.GeneratedConstructorAccessor45.newInstance(Unknown Source)
	at sun.reflect.DelegatingConstructorAccessorImpl.newInstance(DelegatingConstructorAccessorImpl.java:45)
	at java.lang.reflect.Constructor.newInstance(Constructor.java:423)
	at org.openqa.selenium.remote.ErrorHandler.createThrowable(ErrorHandler.java:206)
	at org.openqa.selenium.remote.ErrorHandler.throwIfResponseFailed(ErrorHandler.java:158)
	at org.openqa.selenium.remote.RemoteWebDriver.execute(RemoteWebDriver.java:678)
	at io.appium.java_client.AppiumDriver.execute(AppiumDriver.java:180)
	at org.openqa.selenium.remote.RemoteWebDriver.findElement(RemoteWebDriver.java:363)
	at io.appium.java_client.AppiumDriver.findElementByAccessibilityId(AppiumDriver.java:587)
	at com.gdi.locators.CartLocators.unCheckSaveCreditCard(CartLocators.java:84)
	at com.gdi.testscenarios.UC39_CheckOutWithoutSavingcreditCard.checkOutWithoutSavingcreditCard(UC39_CheckOutWithoutSavingcreditCard.java:23)
	at com.gdi.testscenarios.UC39_CheckOutWithoutSavingcreditCard.&lt;init&gt;(UC39_CheckOutWithoutSavingcreditCard.java:18)
	at com.gdi.testscenarios.TestScenarioMapper.executeFunction(TestScenarioMapper.java:161)
	at com.gdi.testexecutor.TestExecutor.testScenarios(TestExecutor.java:129)
	at sun.reflect.GeneratedMethodAccessor2.invoke(Unknown Source)
	at sun.reflect.DelegatingMethodAccessorImpl.invoke(DelegatingMethodAccessorImpl.java:43)
	at java.lang.reflect.Method.invoke(Method.java:498)
	at org.testng.internal.MethodInvocationHelper.invokeMethod(MethodInvocationHelper.java:85)
	at org.testng.internal.Invoker.invokeMethod(Invoker.java:639)
	at org.testng.internal.Invoker.invokeTestMethod(Invoker.java:816)
	at org.testng.internal.Invoker.invokeTestMethods(Invoker.java:1124)
	at org.testng.internal.TestMethodWorker.invokeTestMethods(TestMethodWorker.java:125)
	at org.testng.internal.TestMethodWorker.run(TestMethodWorker.java:108)
	at org.testng.TestRunner.privateRun(TestRunner.java:774)
	at org.testng.TestRunner.run(TestRunner.java:624)
	at org.testng.SuiteRunner.runTest(SuiteRunner.java:359)
	at org.testng.SuiteRunner.runSequentially(SuiteRunner.java:354)
	at org.testng.SuiteRunner.privateRun(SuiteRunner.java:312)
	at org.testng.SuiteRunner.run(SuiteRunner.java:261)
	at org.testng.SuiteRunnerWorker.runSuite(SuiteRunnerWorker.java:52)
	at org.testng.SuiteRunnerWorker.run(SuiteRunnerWorker.java:86)
	at org.testng.TestNG.runSuitesSequentially(TestNG.java:1215)
	at org.testng.TestNG.runSuitesLocally(TestNG.java:1140)
	at org.testng.TestNG.run(TestNG.java:1048)
	at org.testng.remote.AbstractRemoteTestNG.run(AbstractRemoteTestNG.java:132)
	at org.testng.remote.RemoteTestNG.initAndRun(RemoteTestNG.java:236)
	at org.testng.remote.RemoteTestNG.main(RemoteTestNG.java:81)
</div></td></tr></table><p class="totop"><a href="#summary">back to summary</a></p><h3 id="m6">com.gdi.testexecutor.TestExecutor#testScenarios</h3><table class="result"><tr class="param"><th>Parameter #1</th><th>Parameter #2</th></tr><tr class="param stripe"><td>UC36_ShippingMethod</td><td>Yes</td></tr><tr><th colspan="2">Exception</th></tr><tr><td colspan="2"><div class="stacktrace">org.openqa.selenium.NoSuchElementException: An element could not be located on the page using the given search parameters. (WARNING: The server did not provide any stacktrace information)
Command duration or timeout: 60 milliseconds
For documentation on this error, please visit: http://seleniumhq.org/exceptions/no_such_element.html
Build info: version: &apos;2.53.0&apos;, revision: &apos;35ae25b&apos;, time: &apos;2016-03-15 17:00:58&apos;
System info: host: &apos;DivyaT.local&apos;, ip: &apos;192.168.3.171&apos;, os.name: &apos;Mac OS X&apos;, os.arch: &apos;x86_64&apos;, os.version: &apos;10.12.6&apos;, java.version: &apos;1.8.0_101&apos;
Driver info: io.appium.java_client.android.AndroidDriver
Capabilities [{app=/Users/testuser/Downloads/app-v141-garage-ca-internal_qa.apk, platformVersion=7.1.2, automationName=uiautomator2, platformName=Android, deviceName=Redmi, platform=ANY, systemPort=1314}]
Session ID: 4ad49834-aeb0-4e40-936a-fe1681c35c32
*** Element info: {Using=accessibility id, value=cart_checkout}
	at sun.reflect.GeneratedConstructorAccessor45.newInstance(Unknown Source)
	at sun.reflect.DelegatingConstructorAccessorImpl.newInstance(DelegatingConstructorAccessorImpl.java:45)
	at java.lang.reflect.Constructor.newInstance(Constructor.java:423)
	at org.openqa.selenium.remote.ErrorHandler.createThrowable(ErrorHandler.java:206)
	at org.openqa.selenium.remote.ErrorHandler.throwIfResponseFailed(ErrorHandler.java:158)
	at org.openqa.selenium.remote.RemoteWebDriver.execute(RemoteWebDriver.java:678)
	at io.appium.java_client.AppiumDriver.execute(AppiumDriver.java:180)
	at org.openqa.selenium.remote.RemoteWebDriver.findElement(RemoteWebDriver.java:363)
	at io.appium.java_client.AppiumDriver.findElementByAccessibilityId(AppiumDriver.java:587)
	at com.gdi.locators.CartLocators.selectPayment(CartLocators.java:68)
	at com.gdi.testscenarios.UC36_ShippingMethod.shippingMethod(UC36_ShippingMethod.java:23)
	at com.gdi.testscenarios.UC36_ShippingMethod.&lt;init&gt;(UC36_ShippingMethod.java:17)
	at com.gdi.testscenarios.TestScenarioMapper.executeFunction(TestScenarioMapper.java:149)
	at com.gdi.testexecutor.TestExecutor.testScenarios(TestExecutor.java:129)
	at sun.reflect.GeneratedMethodAccessor2.invoke(Unknown Source)
	at sun.reflect.DelegatingMethodAccessorImpl.invoke(DelegatingMethodAccessorImpl.java:43)
	at java.lang.reflect.Method.invoke(Method.java:498)
	at org.testng.internal.MethodInvocationHelper.invokeMethod(MethodInvocationHelper.java:85)
	at org.testng.internal.Invoker.invokeMethod(Invoker.java:639)
	at org.testng.internal.Invoker.invokeTestMethod(Invoker.java:816)
	at org.testng.internal.Invoker.invokeTestMethods(Invoker.java:1124)
	at org.testng.internal.TestMethodWorker.invokeTestMethods(TestMethodWorker.java:125)
	at org.testng.internal.TestMethodWorker.run(TestMethodWorker.java:108)
	at org.testng.TestRunner.privateRun(TestRunner.java:774)
	at org.testng.TestRunner.run(TestRunner.java:624)
	at org.testng.SuiteRunner.runTest(SuiteRunner.java:359)
	at org.testng.SuiteRunner.runSequentially(SuiteRunner.java:354)
	at org.testng.SuiteRunner.privateRun(SuiteRunner.java:312)
	at org.testng.SuiteRunner.run(SuiteRunner.java:261)
	at org.testng.SuiteRunnerWorker.runSuite(SuiteRunnerWorker.java:52)
	at org.testng.SuiteRunnerWorker.run(SuiteRunnerWorker.java:86)
	at org.testng.TestNG.runSuitesSequentially(TestNG.java:1215)
	at org.testng.TestNG.runSuitesLocally(TestNG.java:1140)
	at org.testng.TestNG.run(TestNG.java:1048)
	at org.testng.remote.AbstractRemoteTestNG.run(AbstractRemoteTestNG.java:132)
	at org.testng.remote.RemoteTestNG.initAndRun(RemoteTestNG.java:236)
	at org.testng.remote.RemoteTestNG.main(RemoteTestNG.java:81)
</div></td></tr></table><p class="totop"><a href="#summary">back to summary</a></p><h3 id="m7">com.gdi.testexecutor.TestExecutor#testScenarios</h3><table class="result"><tr class="param"><th>Parameter #1</th><th>Parameter #2</th></tr><tr class="param stripe"><td>UC64_OfferStartShoppingButton</td><td>Yes</td></tr><tr><th colspan="2">Exception</th></tr><tr><td colspan="2"><div class="stacktrace">org.openqa.selenium.NoSuchElementException: An element could not be located on the page using the given search parameters. (WARNING: The server did not provide any stacktrace information)
Command duration or timeout: 40 milliseconds
For documentation on this error, please visit: http://seleniumhq.org/exceptions/no_such_element.html
Build info: version: &apos;2.53.0&apos;, revision: &apos;35ae25b&apos;, time: &apos;2016-03-15 17:00:58&apos;
System info: host: &apos;DivyaT.local&apos;, ip: &apos;192.168.3.171&apos;, os.name: &apos;Mac OS X&apos;, os.arch: &apos;x86_64&apos;, os.version: &apos;10.12.6&apos;, java.version: &apos;1.8.0_101&apos;
Driver info: io.appium.java_client.android.AndroidDriver
Capabilities [{app=/Users/testuser/Downloads/app-v141-garage-ca-internal_qa.apk, platformVersion=7.1.2, automationName=uiautomator2, platformName=Android, deviceName=Redmi, platform=ANY, systemPort=1314}]
Session ID: 4ad49834-aeb0-4e40-936a-fe1681c35c32
*** Element info: {Using=accessibility id, value=start_shopping}
	at sun.reflect.GeneratedConstructorAccessor45.newInstance(Unknown Source)
	at sun.reflect.DelegatingConstructorAccessorImpl.newInstance(DelegatingConstructorAccessorImpl.java:45)
	at java.lang.reflect.Constructor.newInstance(Constructor.java:423)
	at org.openqa.selenium.remote.ErrorHandler.createThrowable(ErrorHandler.java:206)
	at org.openqa.selenium.remote.ErrorHandler.throwIfResponseFailed(ErrorHandler.java:158)
	at org.openqa.selenium.remote.RemoteWebDriver.execute(RemoteWebDriver.java:678)
	at io.appium.java_client.AppiumDriver.execute(AppiumDriver.java:180)
	at org.openqa.selenium.remote.RemoteWebDriver.findElement(RemoteWebDriver.java:363)
	at io.appium.java_client.AppiumDriver.findElementByAccessibilityId(AppiumDriver.java:587)
	at com.gdi.locators.OfferPageLocators.startShoppingButton(OfferPageLocators.java:16)
	at com.gdi.testscenarios.UC64_OfferStartShoppingButton.offerStartShoppingButton(UC64_OfferStartShoppingButton.java:22)
	at com.gdi.testscenarios.UC64_OfferStartShoppingButton.&lt;init&gt;(UC64_OfferStartShoppingButton.java:17)
	at com.gdi.testscenarios.TestScenarioMapper.executeFunction(TestScenarioMapper.java:276)
	at com.gdi.testexecutor.TestExecutor.testScenarios(TestExecutor.java:129)
	at sun.reflect.GeneratedMethodAccessor2.invoke(Unknown Source)
	at sun.reflect.DelegatingMethodAccessorImpl.invoke(DelegatingMethodAccessorImpl.java:43)
	at java.lang.reflect.Method.invoke(Method.java:498)
	at org.testng.internal.MethodInvocationHelper.invokeMethod(MethodInvocationHelper.java:85)
	at org.testng.internal.Invoker.invokeMethod(Invoker.java:639)
	at org.testng.internal.Invoker.invokeTestMethod(Invoker.java:816)
	at org.testng.internal.Invoker.invokeTestMethods(Invoker.java:1124)
	at org.testng.internal.TestMethodWorker.invokeTestMethods(TestMethodWorker.java:125)
	at org.testng.internal.TestMethodWorker.run(TestMethodWorker.java:108)
	at org.testng.TestRunner.privateRun(TestRunner.java:774)
	at org.testng.TestRunner.run(TestRunner.java:624)
	at org.testng.SuiteRunner.runTest(SuiteRunner.java:359)
	at org.testng.SuiteRunner.runSequentially(SuiteRunner.java:354)
	at org.testng.SuiteRunner.privateRun(SuiteRunner.java:312)
	at org.testng.SuiteRunner.run(SuiteRunner.java:261)
	at org.testng.SuiteRunnerWorker.runSuite(SuiteRunnerWorker.java:52)
	at org.testng.SuiteRunnerWorker.run(SuiteRunnerWorker.java:86)
	at org.testng.TestNG.runSuitesSequentially(TestNG.java:1215)
	at org.testng.TestNG.runSuitesLocally(TestNG.java:1140)
	at org.testng.TestNG.run(TestNG.java:1048)
	at org.testng.remote.AbstractRemoteTestNG.run(AbstractRemoteTestNG.java:132)
	at org.testng.remote.RemoteTestNG.initAndRun(RemoteTestNG.java:236)
	at org.testng.remote.RemoteTestNG.main(RemoteTestNG.java:81)
</div></td></tr></table><p class="totop"><a href="#summary">back to summary</a></p><h3 id="m8">com.gdi.testexecutor.TestExecutor#testScenarios</h3><table class="result"><tr class="param"><th>Parameter #1</th><th>Parameter #2</th></tr><tr class="param stripe"><td>UC16_GiftCard</td><td>Yes</td></tr><tr><th colspan="2">Exception</th></tr><tr><td colspan="2"><div class="stacktrace">org.openqa.selenium.NoSuchElementException: An element could not be located on the page using the given search parameters. (WARNING: The server did not provide any stacktrace information)
Command duration or timeout: 112 milliseconds
For documentation on this error, please visit: http://seleniumhq.org/exceptions/no_such_element.html
Build info: version: &apos;2.53.0&apos;, revision: &apos;35ae25b&apos;, time: &apos;2016-03-15 17:00:58&apos;
System info: host: &apos;DivyaT.local&apos;, ip: &apos;192.168.3.171&apos;, os.name: &apos;Mac OS X&apos;, os.arch: &apos;x86_64&apos;, os.version: &apos;10.12.6&apos;, java.version: &apos;1.8.0_101&apos;
Driver info: io.appium.java_client.android.AndroidDriver
Capabilities [{app=/Users/testuser/Downloads/app-v141-garage-ca-internal_qa.apk, platformVersion=7.1.2, automationName=uiautomator2, platformName=Android, deviceName=Redmi, platform=ANY, systemPort=1314}]
Session ID: 4ad49834-aeb0-4e40-936a-fe1681c35c32
*** Element info: {Using=accessibility id, value=GIFT_CARD}
	at sun.reflect.GeneratedConstructorAccessor45.newInstance(Unknown Source)
	at sun.reflect.DelegatingConstructorAccessorImpl.newInstance(DelegatingConstructorAccessorImpl.java:45)
	at java.lang.reflect.Constructor.newInstance(Constructor.java:423)
	at org.openqa.selenium.remote.ErrorHandler.createThrowable(ErrorHandler.java:206)
	at org.openqa.selenium.remote.ErrorHandler.throwIfResponseFailed(ErrorHandler.java:158)
	at org.openqa.selenium.remote.RemoteWebDriver.execute(RemoteWebDriver.java:678)
	at io.appium.java_client.AppiumDriver.execute(AppiumDriver.java:180)
	at org.openqa.selenium.remote.RemoteWebDriver.findElement(RemoteWebDriver.java:363)
	at io.appium.java_client.AppiumDriver.findElementByAccessibilityId(AppiumDriver.java:587)
	at com.gdi.locators.HomePageLocators.giftCard(HomePageLocators.java:132)
	at com.gdi.testscenarios.UC16_GiftCard.giftCard(UC16_GiftCard.java:38)
	at com.gdi.testscenarios.UC16_GiftCard.&lt;init&gt;(UC16_GiftCard.java:16)
	at com.gdi.testscenarios.TestScenarioMapper.executeFunction(TestScenarioMapper.java:72)
	at com.gdi.testexecutor.TestExecutor.testScenarios(TestExecutor.java:129)
	at sun.reflect.NativeMethodAccessorImpl.invoke0(Native Method)
	at sun.reflect.NativeMethodAccessorImpl.invoke(NativeMethodAccessorImpl.java:62)
	at sun.reflect.DelegatingMethodAccessorImpl.invoke(DelegatingMethodAccessorImpl.java:43)
	at java.lang.reflect.Method.invoke(Method.java:498)
	at org.testng.internal.MethodInvocationHelper.invokeMethod(MethodInvocationHelper.java:85)
	at org.testng.internal.Invoker.invokeMethod(Invoker.java:639)
	at org.testng.internal.Invoker.invokeTestMethod(Invoker.java:816)
	at org.testng.internal.Invoker.invokeTestMethods(Invoker.java:1124)
	at org.testng.internal.TestMethodWorker.invokeTestMethods(TestMethodWorker.java:125)
	at org.testng.internal.TestMethodWorker.run(TestMethodWorker.java:108)
	at org.testng.TestRunner.privateRun(TestRunner.java:774)
	at org.testng.TestRunner.run(TestRunner.java:624)
	at org.testng.SuiteRunner.runTest(SuiteRunner.java:359)
	at org.testng.SuiteRunner.runSequentially(SuiteRunner.java:354)
	at org.testng.SuiteRunner.privateRun(SuiteRunner.java:312)
	at org.testng.SuiteRunner.run(SuiteRunner.java:261)
	at org.testng.SuiteRunnerWorker.runSuite(SuiteRunnerWorker.java:52)
	at org.testng.SuiteRunnerWorker.run(SuiteRunnerWorker.java:86)
	at org.testng.TestNG.runSuitesSequentially(TestNG.java:1215)
	at org.testng.TestNG.runSuitesLocally(TestNG.java:1140)
	at org.testng.TestNG.run(TestNG.java:1048)
	at org.testng.remote.AbstractRemoteTestNG.run(AbstractRemoteTestNG.java:132)
	at org.testng.remote.RemoteTestNG.initAndRun(RemoteTestNG.java:236)
	at org.testng.remote.RemoteTestNG.main(RemoteTestNG.java:81)
</div></td></tr></table><p class="totop"><a href="#summary">back to summary</a></p><h3 id="m9">com.gdi.testexecutor.TestExecutor#testScenarios</h3><table class="result"><tr class="param"><th>Parameter #1</th><th>Parameter #2</th></tr><tr class="param stripe"><td>UC35_SaveSelectShipping</td><td>Yes</td></tr><tr><th colspan="2">Exception</th></tr><tr><td colspan="2"><div class="stacktrace">org.openqa.selenium.NoSuchElementException: An element could not be located on the page using the given search parameters. (WARNING: The server did not provide any stacktrace information)
Command duration or timeout: 60 milliseconds
For documentation on this error, please visit: http://seleniumhq.org/exceptions/no_such_element.html
Build info: version: &apos;2.53.0&apos;, revision: &apos;35ae25b&apos;, time: &apos;2016-03-15 17:00:58&apos;
System info: host: &apos;DivyaT.local&apos;, ip: &apos;192.168.3.171&apos;, os.name: &apos;Mac OS X&apos;, os.arch: &apos;x86_64&apos;, os.version: &apos;10.12.6&apos;, java.version: &apos;1.8.0_101&apos;
Driver info: io.appium.java_client.android.AndroidDriver
Capabilities [{app=/Users/testuser/Downloads/app-v141-garage-ca-internal_qa.apk, platformVersion=7.1.2, automationName=uiautomator2, platformName=Android, deviceName=Redmi, platform=ANY, systemPort=1314}]
Session ID: 4ad49834-aeb0-4e40-936a-fe1681c35c32
*** Element info: {Using=accessibility id, value=cart_checkout}
	at sun.reflect.GeneratedConstructorAccessor45.newInstance(Unknown Source)
	at sun.reflect.DelegatingConstructorAccessorImpl.newInstance(DelegatingConstructorAccessorImpl.java:45)
	at java.lang.reflect.Constructor.newInstance(Constructor.java:423)
	at org.openqa.selenium.remote.ErrorHandler.createThrowable(ErrorHandler.java:206)
	at org.openqa.selenium.remote.ErrorHandler.throwIfResponseFailed(ErrorHandler.java:158)
	at org.openqa.selenium.remote.RemoteWebDriver.execute(RemoteWebDriver.java:678)
	at io.appium.java_client.AppiumDriver.execute(AppiumDriver.java:180)
	at org.openqa.selenium.remote.RemoteWebDriver.findElement(RemoteWebDriver.java:363)
	at io.appium.java_client.AppiumDriver.findElementByAccessibilityId(AppiumDriver.java:587)
	at com.gdi.locators.CartLocators.saveSelectShipping(CartLocators.java:65)
	at com.gdi.testscenarios.UC35_SaveSelectShipping.saveSelectShipping(UC35_SaveSelectShipping.java:23)
	at com.gdi.testscenarios.UC35_SaveSelectShipping.&lt;init&gt;(UC35_SaveSelectShipping.java:17)
	at com.gdi.testscenarios.TestScenarioMapper.executeFunction(TestScenarioMapper.java:145)
	at com.gdi.testexecutor.TestExecutor.testScenarios(TestExecutor.java:129)
	at sun.reflect.GeneratedMethodAccessor2.invoke(Unknown Source)
	at sun.reflect.DelegatingMethodAccessorImpl.invoke(DelegatingMethodAccessorImpl.java:43)
	at java.lang.reflect.Method.invoke(Method.java:498)
	at org.testng.internal.MethodInvocationHelper.invokeMethod(MethodInvocationHelper.java:85)
	at org.testng.internal.Invoker.invokeMethod(Invoker.java:639)
	at org.testng.internal.Invoker.invokeTestMethod(Invoker.java:816)
	at org.testng.internal.Invoker.invokeTestMethods(Invoker.java:1124)
	at org.testng.internal.TestMethodWorker.invokeTestMethods(TestMethodWorker.java:125)
	at org.testng.internal.TestMethodWorker.run(TestMethodWorker.java:108)
	at org.testng.TestRunner.privateRun(TestRunner.java:774)
	at org.testng.TestRunner.run(TestRunner.java:624)
	at org.testng.SuiteRunner.runTest(SuiteRunner.java:359)
	at org.testng.SuiteRunner.runSequentially(SuiteRunner.java:354)
	at org.testng.SuiteRunner.privateRun(SuiteRunner.java:312)
	at org.testng.SuiteRunner.run(SuiteRunner.java:261)
	at org.testng.SuiteRunnerWorker.runSuite(SuiteRunnerWorker.java:52)
	at org.testng.SuiteRunnerWorker.run(SuiteRunnerWorker.java:86)
	at org.testng.TestNG.runSuitesSequentially(TestNG.java:1215)
	at org.testng.TestNG.runSuitesLocally(TestNG.java:1140)
	at org.testng.TestNG.run(TestNG.java:1048)
	at org.testng.remote.AbstractRemoteTestNG.run(AbstractRemoteTestNG.java:132)
	at org.testng.remote.RemoteTestNG.initAndRun(RemoteTestNG.java:236)
	at org.testng.remote.RemoteTestNG.main(RemoteTestNG.java:81)
</div></td></tr></table><p class="totop"><a href="#summary">back to summary</a></p><h3 id="m10">com.gdi.testexecutor.TestExecutor#testScenarios</h3><table class="result"><tr class="param"><th>Parameter #1</th><th>Parameter #2</th></tr><tr class="param stripe"><td>UC38_CheckOutWithNewCC</td><td>Yes</td></tr><tr><th colspan="2">Exception</th></tr><tr><td colspan="2"><div class="stacktrace">org.openqa.selenium.NoSuchElementException: An element could not be located on the page using the given search parameters. (WARNING: The server did not provide any stacktrace information)
Command duration or timeout: 103 milliseconds
For documentation on this error, please visit: http://seleniumhq.org/exceptions/no_such_element.html
Build info: version: &apos;2.53.0&apos;, revision: &apos;35ae25b&apos;, time: &apos;2016-03-15 17:00:58&apos;
System info: host: &apos;DivyaT.local&apos;, ip: &apos;192.168.3.171&apos;, os.name: &apos;Mac OS X&apos;, os.arch: &apos;x86_64&apos;, os.version: &apos;10.12.6&apos;, java.version: &apos;1.8.0_101&apos;
Driver info: io.appium.java_client.android.AndroidDriver
Capabilities [{app=/Users/testuser/Downloads/app-v141-garage-ca-internal_qa.apk, platformVersion=7.1.2, automationName=uiautomator2, platformName=Android, deviceName=Redmi, platform=ANY, systemPort=1314}]
Session ID: 4ad49834-aeb0-4e40-936a-fe1681c35c32
*** Element info: {Using=xpath, value=//android.widget.TextView[@text=&apos;Billing Address&apos;]}
	at sun.reflect.GeneratedConstructorAccessor45.newInstance(Unknown Source)
	at sun.reflect.DelegatingConstructorAccessorImpl.newInstance(DelegatingConstructorAccessorImpl.java:45)
	at java.lang.reflect.Constructor.newInstance(Constructor.java:423)
	at org.openqa.selenium.remote.ErrorHandler.createThrowable(ErrorHandler.java:206)
	at org.openqa.selenium.remote.ErrorHandler.throwIfResponseFailed(ErrorHandler.java:158)
	at org.openqa.selenium.remote.RemoteWebDriver.execute(RemoteWebDriver.java:678)
	at io.appium.java_client.AppiumDriver.execute(AppiumDriver.java:180)
	at org.openqa.selenium.remote.RemoteWebDriver.findElement(RemoteWebDriver.java:363)
	at org.openqa.selenium.remote.RemoteWebDriver.findElementByXPath(RemoteWebDriver.java:500)
	at org.openqa.selenium.By$ByXPath.findElement(By.java:361)
	at org.openqa.selenium.remote.RemoteWebDriver.findElement(RemoteWebDriver.java:355)
	at com.gdi.locators.CartLocators.billingAddressStaticText(CartLocators.java:96)
	at com.gdi.testscenarios.UC38_CheckOutWithNewCC.checkOutWithNewCC(UC38_CheckOutWithNewCC.java:23)
	at com.gdi.testscenarios.UC38_CheckOutWithNewCC.&lt;init&gt;(UC38_CheckOutWithNewCC.java:17)
	at com.gdi.testscenarios.TestScenarioMapper.executeFunction(TestScenarioMapper.java:157)
	at com.gdi.testexecutor.TestExecutor.testScenarios(TestExecutor.java:129)
	at sun.reflect.GeneratedMethodAccessor2.invoke(Unknown Source)
	at sun.reflect.DelegatingMethodAccessorImpl.invoke(DelegatingMethodAccessorImpl.java:43)
	at java.lang.reflect.Method.invoke(Method.java:498)
	at org.testng.internal.MethodInvocationHelper.invokeMethod(MethodInvocationHelper.java:85)
	at org.testng.internal.Invoker.invokeMethod(Invoker.java:639)
	at org.testng.internal.Invoker.invokeTestMethod(Invoker.java:816)
	at org.testng.internal.Invoker.invokeTestMethods(Invoker.java:1124)
	at org.testng.internal.TestMethodWorker.invokeTestMethods(TestMethodWorker.java:125)
	at org.testng.internal.TestMethodWorker.run(TestMethodWorker.java:108)
	at org.testng.TestRunner.privateRun(TestRunner.java:774)
	at org.testng.TestRunner.run(TestRunner.java:624)
	at org.testng.SuiteRunner.runTest(SuiteRunner.java:359)
	at org.testng.SuiteRunner.runSequentially(SuiteRunner.java:354)
	at org.testng.SuiteRunner.privateRun(SuiteRunner.java:312)
	at org.testng.SuiteRunner.run(SuiteRunner.java:261)
	at org.testng.SuiteRunnerWorker.runSuite(SuiteRunnerWorker.java:52)
	at org.testng.SuiteRunnerWorker.run(SuiteRunnerWorker.java:86)
	at org.testng.TestNG.runSuitesSequentially(TestNG.java:1215)
	at org.testng.TestNG.runSuitesLocally(TestNG.java:1140)
	at org.testng.TestNG.run(TestNG.java:1048)
	at org.testng.remote.AbstractRemoteTestNG.run(AbstractRemoteTestNG.java:132)
	at org.testng.remote.RemoteTestNG.initAndRun(RemoteTestNG.java:236)
	at org.testng.remote.RemoteTestNG.main(RemoteTestNG.java:81)
</div></td></tr></table><p class="totop"><a href="#summary">back to summary</a></p><h3 id="m11">com.gdi.testexecutor.TestExecutor#testScenarios</h3><table class="result"><tr class="param"><th>Parameter #1</th><th>Parameter #2</th></tr><tr class="param stripe"><td>UC08_CreateAccountWithInvalidPassword</td><td>Yes</td></tr></table><p class="totop"><a href="#summary">back to summary</a></p><h3 id="m12">com.gdi.testexecutor.TestExecutor#testScenarios</h3><table class="result"><tr class="param"><th>Parameter #1</th><th>Parameter #2</th></tr><tr class="param stripe"><td>UC65_MyStudioTitle</td><td>Yes</td></tr></table><p class="totop"><a href="#summary">back to summary</a></p><h3 id="m13">com.gdi.testexecutor.TestExecutor#testScenarios</h3><table class="result"><tr class="param"><th>Parameter #1</th><th>Parameter #2</th></tr><tr class="param stripe"><td>UC26_SaveToWishList</td><td>Yes</td></tr></table><p class="totop"><a href="#summary">back to summary</a></p><h3 id="m14">com.gdi.testexecutor.TestExecutor#testScenarios</h3><table class="result"><tr class="param"><th>Parameter #1</th><th>Parameter #2</th></tr><tr class="param stripe"><td>UC18_NavigateToSubCategiries</td><td>Yes</td></tr></table><p class="totop"><a href="#summary">back to summary</a></p><h3 id="m15">com.gdi.testexecutor.TestExecutor#testScenarios</h3><table class="result"><tr class="param"><th>Parameter #1</th><th>Parameter #2</th></tr><tr class="param stripe"><td>UC47_OrderHistory</td><td>Yes</td></tr></table><p class="totop"><a href="#summary">back to summary</a></p><h3 id="m16">com.gdi.testexecutor.TestExecutor#testScenarios</h3><table class="result"><tr class="param"><th>Parameter #1</th><th>Parameter #2</th></tr><tr class="param stripe"><td>UC46_MyProfile</td><td>Yes</td></tr></table><p class="totop"><a href="#summary">back to summary</a></p><h3 id="m17">com.gdi.testexecutor.TestExecutor#testScenarios</h3><table class="result"><tr class="param"><th>Parameter #1</th><th>Parameter #2</th></tr><tr class="param stripe"><td>UC03_CreateNewAccount</td><td>Yes</td></tr></table><p class="totop"><a href="#summary">back to summary</a></p><h3 id="m18">com.gdi.testexecutor.TestExecutor#testScenarios</h3><table class="result"><tr class="param"><th>Parameter #1</th><th>Parameter #2</th></tr><tr class="param stripe"><td>UC55_BirthdayEdit</td><td>Yes</td></tr></table><p class="totop"><a href="#summary">back to summary</a></p><h3 id="m19">com.gdi.testexecutor.TestExecutor#testScenarios</h3><table class="result"><tr class="param"><th>Parameter #1</th><th>Parameter #2</th></tr><tr class="param stripe"><td>UC07_LoginWithExistingAccountWrongPwd</td><td>Yes</td></tr></table><p class="totop"><a href="#summary">back to summary</a></p><h3 id="m20">com.gdi.testexecutor.TestExecutor#testScenarios</h3><table class="result"><tr class="param"><th>Parameter #1</th><th>Parameter #2</th></tr><tr class="param stripe"><td>UC56_EditAddressButton</td><td>Yes</td></tr></table><p class="totop"><a href="#summary">back to summary</a></p><h3 id="m21">com.gdi.testexecutor.TestExecutor#testScenarios</h3><table class="result"><tr class="param"><th>Parameter #1</th><th>Parameter #2</th></tr><tr class="param stripe"><td>UC66_StudioInfoHeader</td><td>Yes</td></tr></table><p class="totop"><a href="#summary">back to summary</a></p><h3 id="m22">com.gdi.testexecutor.TestExecutor#testScenarios</h3><table class="result"><tr class="param"><th>Parameter #1</th><th>Parameter #2</th></tr><tr class="param stripe"><td>UC71_BaseBenifits</td><td>Yes</td></tr></table><p class="totop"><a href="#summary">back to summary</a></p><h3 id="m23">com.gdi.testexecutor.TestExecutor#testScenarios</h3><table class="result"><tr class="param"><th>Parameter #1</th><th>Parameter #2</th></tr><tr class="param stripe"><td>UC73_KeepProductInWishlist</td><td>Yes</td></tr></table><p class="totop"><a href="#summary">back to summary</a></p><h3 id="m24">com.gdi.testexecutor.TestExecutor#testScenarios</h3><table class="result"><tr class="param"><th>Parameter #1</th><th>Parameter #2</th></tr><tr class="param stripe"><td>UC32_ValidateSummaryIsUpdating</td><td>Yes</td></tr></table><p class="totop"><a href="#summary">back to summary</a></p><h3 id="m25">com.gdi.testexecutor.TestExecutor#testScenarios</h3><table class="result"><tr class="param"><th>Parameter #1</th><th>Parameter #2</th></tr><tr class="param stripe"><td>UC54_ChangePasswordLink</td><td>Yes</td></tr></table><p class="totop"><a href="#summary">back to summary</a></p><h3 id="m26">com.gdi.testexecutor.TestExecutor#testScenarios</h3><table class="result"><tr class="param"><th>Parameter #1</th><th>Parameter #2</th></tr><tr class="param stripe"><td>UC21_TextPrice</td><td>Yes</td></tr></table><p class="totop"><a href="#summary">back to summary</a></p><h3 id="m27">com.gdi.testexecutor.TestExecutor#testScenarios</h3><table class="result"><tr class="param"><th>Parameter #1</th><th>Parameter #2</th></tr><tr class="param stripe"><td>UC29_BagQuantity</td><td>Yes</td></tr></table><p class="totop"><a href="#summary">back to summary</a></p><h3 id="m28">com.gdi.testexecutor.TestExecutor#testScenarios</h3><table class="result"><tr class="param"><th>Parameter #1</th><th>Parameter #2</th></tr><tr class="param stripe"><td>UC72_VIPBenifits</td><td>Yes</td></tr></table><p class="totop"><a href="#summary">back to summary</a></p><h3 id="m29">com.gdi.testexecutor.TestExecutor#testScenarios</h3><table class="result"><tr class="param"><th>Parameter #1</th><th>Parameter #2</th></tr><tr class="param stripe"><td>UC44_StoreSelection</td><td>Yes</td></tr></table><p class="totop"><a href="#summary">back to summary</a></p><h3 id="m30">com.gdi.testexecutor.TestExecutor#testScenarios</h3><table class="result"><tr class="param"><th>Parameter #1</th><th>Parameter #2</th></tr><tr class="param stripe"><td>UC45_ValidateBottomButtons</td><td>Yes</td></tr></table><p class="totop"><a href="#summary">back to summary</a></p><h3 id="m31">com.gdi.testexecutor.TestExecutor#testScenarios</h3><table class="result"><tr class="param"><th>Parameter #1</th><th>Parameter #2</th></tr><tr class="param stripe"><td>UC41_CountrySelection</td><td>Yes</td></tr></table><p class="totop"><a href="#summary">back to summary</a></p><h3 id="m32">com.gdi.testexecutor.TestExecutor#testScenarios</h3><table class="result"><tr class="param"><th>Parameter #1</th><th>Parameter #2</th></tr><tr class="param stripe"><td>UC49_ProfileSetting</td><td>Yes</td></tr></table><p class="totop"><a href="#summary">back to summary</a></p><h3 id="m33">com.gdi.testexecutor.TestExecutor#testScenarios</h3><table class="result"><tr class="param"><th>Parameter #1</th><th>Parameter #2</th></tr><tr class="param stripe"><td>UC11_WeHandPickedTheseForYou</td><td>Yes</td></tr></table><p class="totop"><a href="#summary">back to summary</a></p><h3 id="m34">com.gdi.testexecutor.TestExecutor#testScenarios</h3><table class="result"><tr class="param"><th>Parameter #1</th><th>Parameter #2</th></tr><tr class="param stripe"><td>UC04_CompleteProfileBadgeValidation</td><td>Yes</td></tr></table><p class="totop"><a href="#summary">back to summary</a></p><h3 id="m35">com.gdi.testexecutor.TestExecutor#testScenarios</h3><table class="result"><tr class="param"><th>Parameter #1</th><th>Parameter #2</th></tr><tr class="param stripe"><td>UC28_Description</td><td>Yes</td></tr></table><p class="totop"><a href="#summary">back to summary</a></p><h3 id="m36">com.gdi.testexecutor.TestExecutor#testScenarios</h3><table class="result"><tr class="param"><th>Parameter #1</th><th>Parameter #2</th></tr><tr class="param stripe"><td>UC20_ImageZoom</td><td>Yes</td></tr></table><p class="totop"><a href="#summary">back to summary</a></p><h3 id="m37">com.gdi.testexecutor.TestExecutor#testScenarios</h3><table class="result"><tr class="param"><th>Parameter #1</th><th>Parameter #2</th></tr><tr class="param stripe"><td>UC69_SeeRewardsLink</td><td>Yes</td></tr></table><p class="totop"><a href="#summary">back to summary</a></p><h3 id="m38">com.gdi.testexecutor.TestExecutor#testScenarios</h3><table class="result"><tr class="param"><th>Parameter #1</th><th>Parameter #2</th></tr><tr class="param stripe"><td>UC50_ValidateTagScanButton</td><td>Yes</td></tr></table><p class="totop"><a href="#summary">back to summary</a></p><h3 id="m39">com.gdi.testexecutor.TestExecutor#testScenarios</h3><table class="result"><tr class="param"><th>Parameter #1</th><th>Parameter #2</th></tr><tr class="param stripe"><td>UC10_EmptyBagMessage</td><td>Yes</td></tr></table><p class="totop"><a href="#summary">back to summary</a></p><h3 id="m40">com.gdi.testexecutor.TestExecutor#testScenarios</h3><table class="result"><tr class="param"><th>Parameter #1</th><th>Parameter #2</th></tr><tr class="param stripe"><td>UC51_GetFirstName</td><td>Yes</td></tr></table><p class="totop"><a href="#summary">back to summary</a></p><h3 id="m41">com.gdi.testexecutor.TestExecutor#testScenarios</h3><table class="result"><tr class="param"><th>Parameter #1</th><th>Parameter #2</th></tr><tr class="param stripe"><td>UC23_SizeSelection</td><td>Yes</td></tr></table><p class="totop"><a href="#summary">back to summary</a></p><h3 id="m42">com.gdi.testexecutor.TestExecutor#testScenarios</h3><table class="result"><tr class="param"><th>Parameter #1</th><th>Parameter #2</th></tr><tr class="param stripe"><td>UC48_CustomerId</td><td>Yes</td></tr></table><p class="totop"><a href="#summary">back to summary</a></p><h3 id="m43">com.gdi.testexecutor.TestExecutor#testScenarios</h3><table class="result"><tr class="param"><th>Parameter #1</th><th>Parameter #2</th></tr><tr class="param stripe"><td>UC52_GetLastName</td><td>Yes</td></tr></table><p class="totop"><a href="#summary">back to summary</a></p><h3 id="m44">com.gdi.testexecutor.TestExecutor#testScenarios</h3><table class="result"><tr class="param"><th>Parameter #1</th><th>Parameter #2</th></tr><tr class="param stripe"><td>UC59_LanguagePreferences</td><td>Yes</td></tr></table><p class="totop"><a href="#summary">back to summary</a></p><h3 id="m45">com.gdi.testexecutor.TestExecutor#testScenarios</h3><table class="result"><tr class="param"><th>Parameter #1</th><th>Parameter #2</th></tr><tr class="param stripe"><td>UC67_LocalizationHeader</td><td>Yes</td></tr></table><p class="totop"><a href="#summary">back to summary</a></p><h3 id="m46">com.gdi.testexecutor.TestExecutor#testScenarios</h3><table class="result"><tr class="param"><th>Parameter #1</th><th>Parameter #2</th></tr><tr class="param stripe"><td>UC70_RewardsAndBenifitsTitle</td><td>Yes</td></tr></table><p class="totop"><a href="#summary">back to summary</a></p><h3 id="m47">com.gdi.testexecutor.TestExecutor#testScenarios</h3><table class="result"><tr class="param"><th>Parameter #1</th><th>Parameter #2</th></tr><tr class="param stripe"><td>UC63_OfferSorryMessage</td><td>Yes</td></tr></table><p class="totop"><a href="#summary">back to summary</a></p><h3 id="m48">com.gdi.testexecutor.TestExecutor#testScenarios</h3><table class="result"><tr class="param"><th>Parameter #1</th><th>Parameter #2</th></tr><tr class="param stripe"><td>UC25_AddToBag</td><td>Yes</td></tr></table><p class="totop"><a href="#summary">back to summary</a></p><h3 id="m49">com.gdi.testexecutor.TestExecutor#testScenarios</h3><table class="result"><tr class="param"><th>Parameter #1</th><th>Parameter #2</th></tr><tr class="param stripe"><td>UC13_EmptyWishlistMessage</td><td>Yes</td></tr></table><p class="totop"><a href="#summary">back to summary</a></p><h3 id="m50">com.gdi.testexecutor.TestExecutor#testScenarios</h3><table class="result"><tr class="param"><th>Parameter #1</th><th>Parameter #2</th></tr><tr class="param stripe"><td>UC02_SkipThistep</td><td>Yes</td></tr></table><p class="totop"><a href="#summary">back to summary</a></p><h3 id="m51">com.gdi.testexecutor.TestExecutor#testScenarios</h3><table class="result"><tr class="param"><th>Parameter #1</th><th>Parameter #2</th></tr><tr class="param stripe"><td>UC42_ProvinceSelection</td><td>Yes</td></tr></table><p class="totop"><a href="#summary">back to summary</a></p><h3 id="m52">com.gdi.testexecutor.TestExecutor#testScenarios</h3><table class="result"><tr class="param"><th>Parameter #1</th><th>Parameter #2</th></tr><tr class="param stripe"><td>UC01_BannerLogoTermsConditions</td><td>Yes</td></tr></table><p class="totop"><a href="#summary">back to summary</a></p><h3 id="m53">com.gdi.testexecutor.TestExecutor#testScenarios</h3><table class="result"><tr class="param"><th>Parameter #1</th><th>Parameter #2</th></tr><tr class="param stripe"><td>UC57_RemoveAddressButton</td><td>Yes</td></tr></table><p class="totop"><a href="#summary">back to summary</a></p><h3 id="m54">com.gdi.testexecutor.TestExecutor#testScenarios</h3><table class="result"><tr class="param"><th>Parameter #1</th><th>Parameter #2</th></tr><tr class="param stripe"><td>UC53_GetPhoneNumber</td><td>Yes</td></tr></table><p class="totop"><a href="#summary">back to summary</a></p><h3 id="m55">com.gdi.testexecutor.TestExecutor#testScenarios</h3><table class="result"><tr class="param"><th>Parameter #1</th><th>Parameter #2</th></tr><tr class="param stripe"><td>UC74_AddProductToBagFromWishlist</td><td>Yes</td></tr></table><p class="totop"><a href="#summary">back to summary</a></p><h3 id="m56">com.gdi.testexecutor.TestExecutor#testScenarios</h3><table class="result"><tr class="param"><th>Parameter #1</th><th>Parameter #2</th></tr><tr class="param stripe"><td>UC06_LogoutLoginBackValidateProfile</td><td>Yes</td></tr></table><p class="totop"><a href="#summary">back to summary</a></p><h3 id="m57">com.gdi.testexecutor.TestExecutor#testScenarios</h3><table class="result"><tr class="param"><th>Parameter #1</th><th>Parameter #2</th></tr><tr class="param stripe"><td>UC09_Login</td><td>Yes</td></tr></table><p class="totop"><a href="#summary">back to summary</a></p><h3 id="m58">com.gdi.testexecutor.TestExecutor#testScenarios</h3><table class="result"><tr class="param"><th>Parameter #1</th><th>Parameter #2</th></tr><tr class="param stripe"><td>UC05_ValidateNotifications</td><td>Yes</td></tr></table><p class="totop"><a href="#summary">back to summary</a></p><h3 id="m59">com.gdi.testexecutor.TestExecutor#testScenarios</h3><table class="result"><tr class="param"><th>Parameter #1</th><th>Parameter #2</th></tr><tr class="param stripe"><td>UC30_EditQuantity</td><td>Yes</td></tr></table><p class="totop"><a href="#summary">back to summary</a></p><h3 id="m60">com.gdi.testexecutor.TestExecutor#testScenarios</h3><table class="result"><tr class="param"><th>Parameter #1</th><th>Parameter #2</th></tr><tr class="param stripe"><td>UC75_RemoveProductFromCart</td><td>Yes</td></tr></table><p class="totop"><a href="#summary">back to summary</a></p><h3 id="m61">com.gdi.testexecutor.TestExecutor#testScenarios</h3><table class="result"><tr class="param"><th>Parameter #1</th><th>Parameter #2</th></tr><tr class="param stripe"><td>UC68_SlideBetweenBadges</td><td>Yes</td></tr></table><p class="totop"><a href="#summary">back to summary</a></p><h3 id="m62">com.gdi.testexecutor.TestExecutor#testScenarios</h3><table class="result"><tr class="param"><th>Parameter #1</th><th>Parameter #2</th></tr><tr class="param stripe"><td>UC12_VerifyElementsOnHomePage</td><td>Yes</td></tr></table><p class="totop"><a href="#summary">back to summary</a></p><h3 id="m63">com.gdi.testexecutor.TestExecutor#testScenarios</h3><table class="result"><tr class="param"><th>Parameter #1</th><th>Parameter #2</th></tr><tr class="param stripe"><td>UC60_UpdateProfileButton</td><td>Yes</td></tr></table><p class="totop"><a href="#summary">back to summary</a></p><h3 id="m64">com.gdi.testexecutor.TestExecutor#testScenarios</h3><table class="result"><tr class="param"><th>Parameter #1</th><th>Parameter #2</th></tr><tr class="param stripe"><td>UC33_ApplyProfileCoupon</td><td>Yes</td></tr></table><p class="totop"><a href="#summary">back to summary</a></p><h3 id="m65">com.gdi.testexecutor.TestExecutor#testScenarios</h3><table class="result"><tr class="param"><th>Parameter #1</th><th>Parameter #2</th></tr><tr class="param stripe"><td>UC24_ValidateSizeChart</td><td>Yes</td></tr></table><p class="totop"><a href="#summary">back to summary</a></p><h3 id="m66">com.gdi.testexecutor.TestExecutor#testScenarios</h3><table class="result"><tr class="param"><th>Parameter #1</th><th>Parameter #2</th></tr><tr class="param stripe"><td>UC14_CarousalLinks</td><td>Yes</td></tr></table><p class="totop"><a href="#summary">back to summary</a></p><h3 id="m67">com.gdi.testexecutor.TestExecutor#testScenarios</h3><table class="result"><tr class="param"><th>Parameter #1</th><th>Parameter #2</th></tr><tr class="param stripe"><td>UC27_FindInStore</td><td>Yes</td></tr></table><p class="totop"><a href="#summary">back to summary</a></p><h3 id="m68">com.gdi.testexecutor.TestExecutor#testScenarios</h3><table class="result"><tr class="param"><th>Parameter #1</th><th>Parameter #2</th></tr><tr class="param stripe"><td>UC15_Categories</td><td>No</td></tr></table><p class="totop"><a href="#summary">back to summary</a></p><h3 id="m69">com.gdi.testexecutor.TestExecutor#testScenarios</h3><table class="result"><tr class="param"><th>Parameter #1</th><th>Parameter #2</th></tr><tr class="param stripe"><td>UC58_AddNewAddress</td><td>Yes</td></tr></table><p class="totop"><a href="#summary">back to summary</a></p><h3 id="m70">com.gdi.testexecutor.TestExecutor#testScenarios</h3><table class="result"><tr class="param"><th>Parameter #1</th><th>Parameter #2</th></tr><tr class="param stripe"><td>UC22_SendShare</td><td>Yes</td></tr></table><p class="totop"><a href="#summary">back to summary</a></p><h3 id="m71">com.gdi.testexecutor.TestExecutor#testScenarios</h3><table class="result"><tr class="param"><th>Parameter #1</th><th>Parameter #2</th></tr><tr class="param stripe"><td>UC43_CitySelection</td><td>Yes</td></tr></table><p class="totop"><a href="#summary">back to summary</a></p></body></html>