<?xml version="1.0" encoding="UTF-8"?>
<testng-results skipped="0" failed="11" total="72" passed="61">
  <reporter-output>
  </reporter-output>
  <suite name="Default suite" duration-ms="1060300" started-at="2018-01-15T04:13:59Z" finished-at="2018-01-15T04:31:40Z">
    <groups>
    </groups>
    <test name="Default test" duration-ms="1060300" started-at="2018-01-15T04:13:59Z" finished-at="2018-01-15T04:31:40Z">
      <class name="com.gdi.testexecutor.TestExecutor">
        <test-method status="PASS" signature="initFrameWork()[pri:0, instance:com.gdi.testexecutor.TestExecutor@18be83e4]" name="initFrameWork" is-config="true" duration-ms="173" started-at="2018-01-15T09:43:59Z" finished-at="2018-01-15T09:43:59Z">
          <reporter-output>
          </reporter-output>
        </test-method> <!-- initFrameWork -->
        <test-method status="PASS" signature="launchApp()[pri:0, instance:com.gdi.testexecutor.TestExecutor@18be83e4]" name="launchApp" is-config="true" duration-ms="39553" started-at="2018-01-15T09:43:59Z" finished-at="2018-01-15T09:44:39Z">
          <reporter-output>
          </reporter-output>
        </test-method> <!-- launchApp -->
        <test-method status="PASS" signature="testScenarios(java.lang.String, java.lang.String)[pri:0, instance:com.gdi.testexecutor.TestExecutor@18be83e4]" name="testScenarios" duration-ms="55765" started-at="2018-01-15T09:44:43Z" data-provider="getScenarios" finished-at="2018-01-15T09:45:39Z">
          <params>
            <param index="0">
              <value>
                <![CDATA[UC01_BannerLogoTermsConditions]]>
              </value>
            </param>
            <param index="1">
              <value>
                <![CDATA[Yes]]>
              </value>
            </param>
          </params>
          <reporter-output>
          </reporter-output>
        </test-method> <!-- testScenarios -->
        <test-method status="PASS" signature="testScenarios(java.lang.String, java.lang.String)[pri:0, instance:com.gdi.testexecutor.TestExecutor@18be83e4]" name="testScenarios" duration-ms="13285" started-at="2018-01-15T09:45:39Z" data-provider="getScenarios" finished-at="2018-01-15T09:45:52Z">
          <params>
            <param index="0">
              <value>
                <![CDATA[UC02_SkipThistep]]>
              </value>
            </param>
            <param index="1">
              <value>
                <![CDATA[Yes]]>
              </value>
            </param>
          </params>
          <reporter-output>
          </reporter-output>
        </test-method> <!-- testScenarios -->
        <test-method status="PASS" signature="testScenarios(java.lang.String, java.lang.String)[pri:0, instance:com.gdi.testexecutor.TestExecutor@18be83e4]" name="testScenarios" duration-ms="86898" started-at="2018-01-15T09:45:52Z" data-provider="getScenarios" finished-at="2018-01-15T09:47:19Z">
          <params>
            <param index="0">
              <value>
                <![CDATA[UC03_CreateNewAccount]]>
              </value>
            </param>
            <param index="1">
              <value>
                <![CDATA[Yes]]>
              </value>
            </param>
          </params>
          <reporter-output>
          </reporter-output>
        </test-method> <!-- testScenarios -->
        <test-method status="PASS" signature="testScenarios(java.lang.String, java.lang.String)[pri:0, instance:com.gdi.testexecutor.TestExecutor@18be83e4]" name="testScenarios" duration-ms="38888" started-at="2018-01-15T09:47:19Z" data-provider="getScenarios" finished-at="2018-01-15T09:47:58Z">
          <params>
            <param index="0">
              <value>
                <![CDATA[UC04_CompleteProfileBadgeValidation]]>
              </value>
            </param>
            <param index="1">
              <value>
                <![CDATA[Yes]]>
              </value>
            </param>
          </params>
          <reporter-output>
          </reporter-output>
        </test-method> <!-- testScenarios -->
        <test-method status="PASS" signature="testScenarios(java.lang.String, java.lang.String)[pri:0, instance:com.gdi.testexecutor.TestExecutor@18be83e4]" name="testScenarios" duration-ms="14299" started-at="2018-01-15T09:47:58Z" data-provider="getScenarios" finished-at="2018-01-15T09:48:12Z">
          <params>
            <param index="0">
              <value>
                <![CDATA[UC05_ValidateNotifications]]>
              </value>
            </param>
            <param index="1">
              <value>
                <![CDATA[Yes]]>
              </value>
            </param>
          </params>
          <reporter-output>
          </reporter-output>
        </test-method> <!-- testScenarios -->
        <test-method status="PASS" signature="testScenarios(java.lang.String, java.lang.String)[pri:0, instance:com.gdi.testexecutor.TestExecutor@18be83e4]" name="testScenarios" duration-ms="111887" started-at="2018-01-15T09:48:12Z" data-provider="getScenarios" finished-at="2018-01-15T09:50:04Z">
          <params>
            <param index="0">
              <value>
                <![CDATA[UC06_LogoutLoginBackValidateProfile]]>
              </value>
            </param>
            <param index="1">
              <value>
                <![CDATA[Yes]]>
              </value>
            </param>
          </params>
          <reporter-output>
          </reporter-output>
        </test-method> <!-- testScenarios -->
        <test-method status="PASS" signature="testScenarios(java.lang.String, java.lang.String)[pri:0, instance:com.gdi.testexecutor.TestExecutor@18be83e4]" name="testScenarios" duration-ms="45617" started-at="2018-01-15T09:50:04Z" data-provider="getScenarios" finished-at="2018-01-15T09:50:50Z">
          <params>
            <param index="0">
              <value>
                <![CDATA[UC07_LoginWithExistingAccountWrongPwd]]>
              </value>
            </param>
            <param index="1">
              <value>
                <![CDATA[Yes]]>
              </value>
            </param>
          </params>
          <reporter-output>
          </reporter-output>
        </test-method> <!-- testScenarios -->
        <test-method status="PASS" signature="testScenarios(java.lang.String, java.lang.String)[pri:0, instance:com.gdi.testexecutor.TestExecutor@18be83e4]" name="testScenarios" duration-ms="34693" started-at="2018-01-15T09:50:50Z" data-provider="getScenarios" finished-at="2018-01-15T09:51:24Z">
          <params>
            <param index="0">
              <value>
                <![CDATA[UC08_CreateAccountWithInvalidPassword]]>
              </value>
            </param>
            <param index="1">
              <value>
                <![CDATA[Yes]]>
              </value>
            </param>
          </params>
          <reporter-output>
          </reporter-output>
        </test-method> <!-- testScenarios -->
        <test-method status="PASS" signature="testScenarios(java.lang.String, java.lang.String)[pri:0, instance:com.gdi.testexecutor.TestExecutor@18be83e4]" name="testScenarios" duration-ms="33305" started-at="2018-01-15T09:51:24Z" data-provider="getScenarios" finished-at="2018-01-15T09:51:58Z">
          <params>
            <param index="0">
              <value>
                <![CDATA[UC09_Login]]>
              </value>
            </param>
            <param index="1">
              <value>
                <![CDATA[Yes]]>
              </value>
            </param>
          </params>
          <reporter-output>
          </reporter-output>
        </test-method> <!-- testScenarios -->
        <test-method status="PASS" signature="testScenarios(java.lang.String, java.lang.String)[pri:0, instance:com.gdi.testexecutor.TestExecutor@18be83e4]" name="testScenarios" duration-ms="31866" started-at="2018-01-15T09:51:58Z" data-provider="getScenarios" finished-at="2018-01-15T09:52:29Z">
          <params>
            <param index="0">
              <value>
                <![CDATA[UC10_EmptyBagMessage]]>
              </value>
            </param>
            <param index="1">
              <value>
                <![CDATA[Yes]]>
              </value>
            </param>
          </params>
          <reporter-output>
          </reporter-output>
        </test-method> <!-- testScenarios -->
        <test-method status="PASS" signature="testScenarios(java.lang.String, java.lang.String)[pri:0, instance:com.gdi.testexecutor.TestExecutor@18be83e4]" name="testScenarios" duration-ms="168" started-at="2018-01-15T09:52:29Z" data-provider="getScenarios" finished-at="2018-01-15T09:52:30Z">
          <params>
            <param index="0">
              <value>
                <![CDATA[UC11_WeHandPickedTheseForYou]]>
              </value>
            </param>
            <param index="1">
              <value>
                <![CDATA[Yes]]>
              </value>
            </param>
          </params>
          <reporter-output>
          </reporter-output>
        </test-method> <!-- testScenarios -->
        <test-method status="PASS" signature="testScenarios(java.lang.String, java.lang.String)[pri:0, instance:com.gdi.testexecutor.TestExecutor@18be83e4]" name="testScenarios" duration-ms="2627" started-at="2018-01-15T09:52:30Z" data-provider="getScenarios" finished-at="2018-01-15T09:52:32Z">
          <params>
            <param index="0">
              <value>
                <![CDATA[UC12_VerifyElementsOnHomePage]]>
              </value>
            </param>
            <param index="1">
              <value>
                <![CDATA[Yes]]>
              </value>
            </param>
          </params>
          <reporter-output>
          </reporter-output>
        </test-method> <!-- testScenarios -->
        <test-method status="PASS" signature="testScenarios(java.lang.String, java.lang.String)[pri:0, instance:com.gdi.testexecutor.TestExecutor@18be83e4]" name="testScenarios" duration-ms="5129" started-at="2018-01-15T09:52:32Z" data-provider="getScenarios" finished-at="2018-01-15T09:52:37Z">
          <params>
            <param index="0">
              <value>
                <![CDATA[UC13_EmptyWishlistMessage]]>
              </value>
            </param>
            <param index="1">
              <value>
                <![CDATA[Yes]]>
              </value>
            </param>
          </params>
          <reporter-output>
          </reporter-output>
        </test-method> <!-- testScenarios -->
        <test-method status="PASS" signature="testScenarios(java.lang.String, java.lang.String)[pri:0, instance:com.gdi.testexecutor.TestExecutor@18be83e4]" name="testScenarios" duration-ms="21354" started-at="2018-01-15T09:52:37Z" data-provider="getScenarios" finished-at="2018-01-15T09:52:59Z">
          <params>
            <param index="0">
              <value>
                <![CDATA[UC14_CarousalLinks]]>
              </value>
            </param>
            <param index="1">
              <value>
                <![CDATA[Yes]]>
              </value>
            </param>
          </params>
          <reporter-output>
          </reporter-output>
        </test-method> <!-- testScenarios -->
        <test-method status="PASS" signature="testScenarios(java.lang.String, java.lang.String)[pri:0, instance:com.gdi.testexecutor.TestExecutor@18be83e4]" name="testScenarios" duration-ms="1" started-at="2018-01-15T09:52:59Z" data-provider="getScenarios" finished-at="2018-01-15T09:52:59Z">
          <params>
            <param index="0">
              <value>
                <![CDATA[UC15_Categories]]>
              </value>
            </param>
            <param index="1">
              <value>
                <![CDATA[No]]>
              </value>
            </param>
          </params>
          <reporter-output>
          </reporter-output>
        </test-method> <!-- testScenarios -->
        <test-method status="FAIL" signature="testScenarios(java.lang.String, java.lang.String)[pri:0, instance:com.gdi.testexecutor.TestExecutor@18be83e4]" name="testScenarios" duration-ms="6135" started-at="2018-01-15T09:52:59Z" data-provider="getScenarios" finished-at="2018-01-15T09:53:05Z">
          <params>
            <param index="0">
              <value>
                <![CDATA[UC16_GiftCard]]>
              </value>
            </param>
            <param index="1">
              <value>
                <![CDATA[Yes]]>
              </value>
            </param>
          </params>
          <exception class="org.openqa.selenium.NoSuchElementException">
            <message>
              <![CDATA[An element could not be located on the page using the given search parameters. (WARNING: The server did not provide any stacktrace information)
Command duration or timeout: 112 milliseconds
For documentation on this error, please visit: http://seleniumhq.org/exceptions/no_such_element.html
Build info: version: '2.53.0', revision: '35ae25b', time: '2016-03-15 17:00:58'
System info: host: 'DivyaT.local', ip: '192.168.3.171', os.name: 'Mac OS X', os.arch: 'x86_64', os.version: '10.12.6', java.version: '1.8.0_101'
Driver info: io.appium.java_client.android.AndroidDriver
Capabilities [{app=/Users/testuser/Downloads/app-v141-garage-ca-internal_qa.apk, platformVersion=7.1.2, automationName=uiautomator2, platformName=Android, deviceName=Redmi, platform=ANY, systemPort=1314}]
Session ID: 4ad49834-aeb0-4e40-936a-fe1681c35c32
*** Element info: {Using=accessibility id, value=GIFT_CARD}]]>
            </message>
            <full-stacktrace>
              <![CDATA[org.openqa.selenium.NoSuchElementException: An element could not be located on the page using the given search parameters. (WARNING: The server did not provide any stacktrace information)
Command duration or timeout: 112 milliseconds
For documentation on this error, please visit: http://seleniumhq.org/exceptions/no_such_element.html
Build info: version: '2.53.0', revision: '35ae25b', time: '2016-03-15 17:00:58'
System info: host: 'DivyaT.local', ip: '192.168.3.171', os.name: 'Mac OS X', os.arch: 'x86_64', os.version: '10.12.6', java.version: '1.8.0_101'
Driver info: io.appium.java_client.android.AndroidDriver
Capabilities [{app=/Users/testuser/Downloads/app-v141-garage-ca-internal_qa.apk, platformVersion=7.1.2, automationName=uiautomator2, platformName=Android, deviceName=Redmi, platform=ANY, systemPort=1314}]
Session ID: 4ad49834-aeb0-4e40-936a-fe1681c35c32
*** Element info: {Using=accessibility id, value=GIFT_CARD}
	at sun.reflect.GeneratedConstructorAccessor45.newInstance(Unknown Source)
	at sun.reflect.DelegatingConstructorAccessorImpl.newInstance(DelegatingConstructorAccessorImpl.java:45)
	at java.lang.reflect.Constructor.newInstance(Constructor.java:423)
	at org.openqa.selenium.remote.ErrorHandler.createThrowable(ErrorHandler.java:206)
	at org.openqa.selenium.remote.ErrorHandler.throwIfResponseFailed(ErrorHandler.java:158)
	at org.openqa.selenium.remote.RemoteWebDriver.execute(RemoteWebDriver.java:678)
	at io.appium.java_client.AppiumDriver.execute(AppiumDriver.java:180)
	at org.openqa.selenium.remote.RemoteWebDriver.findElement(RemoteWebDriver.java:363)
	at io.appium.java_client.AppiumDriver.findElementByAccessibilityId(AppiumDriver.java:587)
	at com.gdi.locators.HomePageLocators.giftCard(HomePageLocators.java:132)
	at com.gdi.testscenarios.UC16_GiftCard.giftCard(UC16_GiftCard.java:38)
	at com.gdi.testscenarios.UC16_GiftCard.<init>(UC16_GiftCard.java:16)
	at com.gdi.testscenarios.TestScenarioMapper.executeFunction(TestScenarioMapper.java:72)
	at com.gdi.testexecutor.TestExecutor.testScenarios(TestExecutor.java:129)
	at sun.reflect.NativeMethodAccessorImpl.invoke0(Native Method)
	at sun.reflect.NativeMethodAccessorImpl.invoke(NativeMethodAccessorImpl.java:62)
	at sun.reflect.DelegatingMethodAccessorImpl.invoke(DelegatingMethodAccessorImpl.java:43)
	at java.lang.reflect.Method.invoke(Method.java:498)
	at org.testng.internal.MethodInvocationHelper.invokeMethod(MethodInvocationHelper.java:85)
	at org.testng.internal.Invoker.invokeMethod(Invoker.java:639)
	at org.testng.internal.Invoker.invokeTestMethod(Invoker.java:816)
	at org.testng.internal.Invoker.invokeTestMethods(Invoker.java:1124)
	at org.testng.internal.TestMethodWorker.invokeTestMethods(TestMethodWorker.java:125)
	at org.testng.internal.TestMethodWorker.run(TestMethodWorker.java:108)
	at org.testng.TestRunner.privateRun(TestRunner.java:774)
	at org.testng.TestRunner.run(TestRunner.java:624)
	at org.testng.SuiteRunner.runTest(SuiteRunner.java:359)
	at org.testng.SuiteRunner.runSequentially(SuiteRunner.java:354)
	at org.testng.SuiteRunner.privateRun(SuiteRunner.java:312)
	at org.testng.SuiteRunner.run(SuiteRunner.java:261)
	at org.testng.SuiteRunnerWorker.runSuite(SuiteRunnerWorker.java:52)
	at org.testng.SuiteRunnerWorker.run(SuiteRunnerWorker.java:86)
	at org.testng.TestNG.runSuitesSequentially(TestNG.java:1215)
	at org.testng.TestNG.runSuitesLocally(TestNG.java:1140)
	at org.testng.TestNG.run(TestNG.java:1048)
	at org.testng.remote.AbstractRemoteTestNG.run(AbstractRemoteTestNG.java:132)
	at org.testng.remote.RemoteTestNG.initAndRun(RemoteTestNG.java:236)
	at org.testng.remote.RemoteTestNG.main(RemoteTestNG.java:81)
]]>
            </full-stacktrace>
          </exception> <!-- org.openqa.selenium.NoSuchElementException -->
          <reporter-output>
          </reporter-output>
        </test-method> <!-- testScenarios -->
        <test-method status="FAIL" signature="testScenarios(java.lang.String, java.lang.String)[pri:0, instance:com.gdi.testexecutor.TestExecutor@18be83e4]" name="testScenarios" duration-ms="2689" started-at="2018-01-15T09:53:05Z" data-provider="getScenarios" finished-at="2018-01-15T09:53:08Z">
          <params>
            <param index="0">
              <value>
                <![CDATA[UC17_FaqTermsPrivacyLinks]]>
              </value>
            </param>
            <param index="1">
              <value>
                <![CDATA[Yes]]>
              </value>
            </param>
          </params>
          <exception class="org.openqa.selenium.NoSuchElementException">
            <message>
              <![CDATA[An element could not be located on the page using the given search parameters. (WARNING: The server did not provide any stacktrace information)
Command duration or timeout: 93 milliseconds
For documentation on this error, please visit: http://seleniumhq.org/exceptions/no_such_element.html
Build info: version: '2.53.0', revision: '35ae25b', time: '2016-03-15 17:00:58'
System info: host: 'DivyaT.local', ip: '192.168.3.171', os.name: 'Mac OS X', os.arch: 'x86_64', os.version: '10.12.6', java.version: '1.8.0_101'
Driver info: io.appium.java_client.android.AndroidDriver
Capabilities [{app=/Users/testuser/Downloads/app-v141-garage-ca-internal_qa.apk, platformVersion=7.1.2, automationName=uiautomator2, platformName=Android, deviceName=Redmi, platform=ANY, systemPort=1314}]
Session ID: 4ad49834-aeb0-4e40-936a-fe1681c35c32
*** Element info: {Using=accessibility id, value=faq}]]>
            </message>
            <full-stacktrace>
              <![CDATA[org.openqa.selenium.NoSuchElementException: An element could not be located on the page using the given search parameters. (WARNING: The server did not provide any stacktrace information)
Command duration or timeout: 93 milliseconds
For documentation on this error, please visit: http://seleniumhq.org/exceptions/no_such_element.html
Build info: version: '2.53.0', revision: '35ae25b', time: '2016-03-15 17:00:58'
System info: host: 'DivyaT.local', ip: '192.168.3.171', os.name: 'Mac OS X', os.arch: 'x86_64', os.version: '10.12.6', java.version: '1.8.0_101'
Driver info: io.appium.java_client.android.AndroidDriver
Capabilities [{app=/Users/testuser/Downloads/app-v141-garage-ca-internal_qa.apk, platformVersion=7.1.2, automationName=uiautomator2, platformName=Android, deviceName=Redmi, platform=ANY, systemPort=1314}]
Session ID: 4ad49834-aeb0-4e40-936a-fe1681c35c32
*** Element info: {Using=accessibility id, value=faq}
	at sun.reflect.GeneratedConstructorAccessor45.newInstance(Unknown Source)
	at sun.reflect.DelegatingConstructorAccessorImpl.newInstance(DelegatingConstructorAccessorImpl.java:45)
	at java.lang.reflect.Constructor.newInstance(Constructor.java:423)
	at org.openqa.selenium.remote.ErrorHandler.createThrowable(ErrorHandler.java:206)
	at org.openqa.selenium.remote.ErrorHandler.throwIfResponseFailed(ErrorHandler.java:158)
	at org.openqa.selenium.remote.RemoteWebDriver.execute(RemoteWebDriver.java:678)
	at io.appium.java_client.AppiumDriver.execute(AppiumDriver.java:180)
	at org.openqa.selenium.remote.RemoteWebDriver.findElement(RemoteWebDriver.java:363)
	at io.appium.java_client.AppiumDriver.findElementByAccessibilityId(AppiumDriver.java:587)
	at com.gdi.locators.HomePageLocators.faq(HomePageLocators.java:142)
	at com.gdi.testscenarios.UC17_FaqTermsPrivacyLinks.faqTermsPrivacyLinks(UC17_FaqTermsPrivacyLinks.java:25)
	at com.gdi.testscenarios.UC17_FaqTermsPrivacyLinks.<init>(UC17_FaqTermsPrivacyLinks.java:17)
	at com.gdi.testscenarios.TestScenarioMapper.executeFunction(TestScenarioMapper.java:76)
	at com.gdi.testexecutor.TestExecutor.testScenarios(TestExecutor.java:129)
	at sun.reflect.GeneratedMethodAccessor2.invoke(Unknown Source)
	at sun.reflect.DelegatingMethodAccessorImpl.invoke(DelegatingMethodAccessorImpl.java:43)
	at java.lang.reflect.Method.invoke(Method.java:498)
	at org.testng.internal.MethodInvocationHelper.invokeMethod(MethodInvocationHelper.java:85)
	at org.testng.internal.Invoker.invokeMethod(Invoker.java:639)
	at org.testng.internal.Invoker.invokeTestMethod(Invoker.java:816)
	at org.testng.internal.Invoker.invokeTestMethods(Invoker.java:1124)
	at org.testng.internal.TestMethodWorker.invokeTestMethods(TestMethodWorker.java:125)
	at org.testng.internal.TestMethodWorker.run(TestMethodWorker.java:108)
	at org.testng.TestRunner.privateRun(TestRunner.java:774)
	at org.testng.TestRunner.run(TestRunner.java:624)
	at org.testng.SuiteRunner.runTest(SuiteRunner.java:359)
	at org.testng.SuiteRunner.runSequentially(SuiteRunner.java:354)
	at org.testng.SuiteRunner.privateRun(SuiteRunner.java:312)
	at org.testng.SuiteRunner.run(SuiteRunner.java:261)
	at org.testng.SuiteRunnerWorker.runSuite(SuiteRunnerWorker.java:52)
	at org.testng.SuiteRunnerWorker.run(SuiteRunnerWorker.java:86)
	at org.testng.TestNG.runSuitesSequentially(TestNG.java:1215)
	at org.testng.TestNG.runSuitesLocally(TestNG.java:1140)
	at org.testng.TestNG.run(TestNG.java:1048)
	at org.testng.remote.AbstractRemoteTestNG.run(AbstractRemoteTestNG.java:132)
	at org.testng.remote.RemoteTestNG.initAndRun(RemoteTestNG.java:236)
	at org.testng.remote.RemoteTestNG.main(RemoteTestNG.java:81)
]]>
            </full-stacktrace>
          </exception> <!-- org.openqa.selenium.NoSuchElementException -->
          <reporter-output>
          </reporter-output>
        </test-method> <!-- testScenarios -->
        <test-method status="PASS" signature="testScenarios(java.lang.String, java.lang.String)[pri:0, instance:com.gdi.testexecutor.TestExecutor@18be83e4]" name="testScenarios" duration-ms="34158" started-at="2018-01-15T09:53:08Z" data-provider="getScenarios" finished-at="2018-01-15T09:53:42Z">
          <params>
            <param index="0">
              <value>
                <![CDATA[UC18_NavigateToSubCategiries]]>
              </value>
            </param>
            <param index="1">
              <value>
                <![CDATA[Yes]]>
              </value>
            </param>
          </params>
          <reporter-output>
          </reporter-output>
        </test-method> <!-- testScenarios -->
        <test-method status="FAIL" signature="testScenarios(java.lang.String, java.lang.String)[pri:0, instance:com.gdi.testexecutor.TestExecutor@18be83e4]" name="testScenarios" duration-ms="45045" started-at="2018-01-15T09:53:42Z" data-provider="getScenarios" finished-at="2018-01-15T09:54:27Z">
          <params>
            <param index="0">
              <value>
                <![CDATA[UC19_Filters]]>
              </value>
            </param>
            <param index="1">
              <value>
                <![CDATA[Yes]]>
              </value>
            </param>
          </params>
          <exception class="org.openqa.selenium.NoSuchElementException">
            <message>
              <![CDATA[An element could not be located on the page using the given search parameters. (WARNING: The server did not provide any stacktrace information)
Command duration or timeout: 115 milliseconds
For documentation on this error, please visit: http://seleniumhq.org/exceptions/no_such_element.html
Build info: version: '2.53.0', revision: '35ae25b', time: '2016-03-15 17:00:58'
System info: host: 'DivyaT.local', ip: '192.168.3.171', os.name: 'Mac OS X', os.arch: 'x86_64', os.version: '10.12.6', java.version: '1.8.0_101'
Driver info: io.appium.java_client.android.AndroidDriver
Capabilities [{app=/Users/testuser/Downloads/app-v141-garage-ca-internal_qa.apk, platformVersion=7.1.2, automationName=uiautomator2, platformName=Android, deviceName=Redmi, platform=ANY, systemPort=1314}]
Session ID: 4ad49834-aeb0-4e40-936a-fe1681c35c32
*** Element info: {Using=accessibility id, value=navigationbar_modal_close}]]>
            </message>
            <full-stacktrace>
              <![CDATA[org.openqa.selenium.NoSuchElementException: An element could not be located on the page using the given search parameters. (WARNING: The server did not provide any stacktrace information)
Command duration or timeout: 115 milliseconds
For documentation on this error, please visit: http://seleniumhq.org/exceptions/no_such_element.html
Build info: version: '2.53.0', revision: '35ae25b', time: '2016-03-15 17:00:58'
System info: host: 'DivyaT.local', ip: '192.168.3.171', os.name: 'Mac OS X', os.arch: 'x86_64', os.version: '10.12.6', java.version: '1.8.0_101'
Driver info: io.appium.java_client.android.AndroidDriver
Capabilities [{app=/Users/testuser/Downloads/app-v141-garage-ca-internal_qa.apk, platformVersion=7.1.2, automationName=uiautomator2, platformName=Android, deviceName=Redmi, platform=ANY, systemPort=1314}]
Session ID: 4ad49834-aeb0-4e40-936a-fe1681c35c32
*** Element info: {Using=accessibility id, value=navigationbar_modal_close}
	at sun.reflect.GeneratedConstructorAccessor45.newInstance(Unknown Source)
	at sun.reflect.DelegatingConstructorAccessorImpl.newInstance(DelegatingConstructorAccessorImpl.java:45)
	at java.lang.reflect.Constructor.newInstance(Constructor.java:423)
	at org.openqa.selenium.remote.ErrorHandler.createThrowable(ErrorHandler.java:206)
	at org.openqa.selenium.remote.ErrorHandler.throwIfResponseFailed(ErrorHandler.java:158)
	at org.openqa.selenium.remote.RemoteWebDriver.execute(RemoteWebDriver.java:678)
	at io.appium.java_client.AppiumDriver.execute(AppiumDriver.java:180)
	at org.openqa.selenium.remote.RemoteWebDriver.findElement(RemoteWebDriver.java:363)
	at io.appium.java_client.AppiumDriver.findElementByAccessibilityId(AppiumDriver.java:587)
	at com.gdi.locators.PLPLocators.closeFilterModule(PLPLocators.java:60)
	at com.gdi.testscenarios.UC19_Filters.filters(UC19_Filters.java:63)
	at com.gdi.testscenarios.UC19_Filters.<init>(UC19_Filters.java:19)
	at com.gdi.testscenarios.TestScenarioMapper.executeFunction(TestScenarioMapper.java:84)
	at com.gdi.testexecutor.TestExecutor.testScenarios(TestExecutor.java:129)
	at sun.reflect.GeneratedMethodAccessor2.invoke(Unknown Source)
	at sun.reflect.DelegatingMethodAccessorImpl.invoke(DelegatingMethodAccessorImpl.java:43)
	at java.lang.reflect.Method.invoke(Method.java:498)
	at org.testng.internal.MethodInvocationHelper.invokeMethod(MethodInvocationHelper.java:85)
	at org.testng.internal.Invoker.invokeMethod(Invoker.java:639)
	at org.testng.internal.Invoker.invokeTestMethod(Invoker.java:816)
	at org.testng.internal.Invoker.invokeTestMethods(Invoker.java:1124)
	at org.testng.internal.TestMethodWorker.invokeTestMethods(TestMethodWorker.java:125)
	at org.testng.internal.TestMethodWorker.run(TestMethodWorker.java:108)
	at org.testng.TestRunner.privateRun(TestRunner.java:774)
	at org.testng.TestRunner.run(TestRunner.java:624)
	at org.testng.SuiteRunner.runTest(SuiteRunner.java:359)
	at org.testng.SuiteRunner.runSequentially(SuiteRunner.java:354)
	at org.testng.SuiteRunner.privateRun(SuiteRunner.java:312)
	at org.testng.SuiteRunner.run(SuiteRunner.java:261)
	at org.testng.SuiteRunnerWorker.runSuite(SuiteRunnerWorker.java:52)
	at org.testng.SuiteRunnerWorker.run(SuiteRunnerWorker.java:86)
	at org.testng.TestNG.runSuitesSequentially(TestNG.java:1215)
	at org.testng.TestNG.runSuitesLocally(TestNG.java:1140)
	at org.testng.TestNG.run(TestNG.java:1048)
	at org.testng.remote.AbstractRemoteTestNG.run(AbstractRemoteTestNG.java:132)
	at org.testng.remote.RemoteTestNG.initAndRun(RemoteTestNG.java:236)
	at org.testng.remote.RemoteTestNG.main(RemoteTestNG.java:81)
]]>
            </full-stacktrace>
          </exception> <!-- org.openqa.selenium.NoSuchElementException -->
          <reporter-output>
          </reporter-output>
        </test-method> <!-- testScenarios -->
        <test-method status="PASS" signature="testScenarios(java.lang.String, java.lang.String)[pri:0, instance:com.gdi.testexecutor.TestExecutor@18be83e4]" name="testScenarios" duration-ms="14520" started-at="2018-01-15T09:54:27Z" data-provider="getScenarios" finished-at="2018-01-15T09:54:41Z">
          <params>
            <param index="0">
              <value>
                <![CDATA[UC20_ImageZoom]]>
              </value>
            </param>
            <param index="1">
              <value>
                <![CDATA[Yes]]>
              </value>
            </param>
          </params>
          <reporter-output>
          </reporter-output>
        </test-method> <!-- testScenarios -->
        <test-method status="PASS" signature="testScenarios(java.lang.String, java.lang.String)[pri:0, instance:com.gdi.testexecutor.TestExecutor@18be83e4]" name="testScenarios" duration-ms="210" started-at="2018-01-15T09:54:41Z" data-provider="getScenarios" finished-at="2018-01-15T09:54:42Z">
          <params>
            <param index="0">
              <value>
                <![CDATA[UC21_TextPrice]]>
              </value>
            </param>
            <param index="1">
              <value>
                <![CDATA[Yes]]>
              </value>
            </param>
          </params>
          <reporter-output>
          </reporter-output>
        </test-method> <!-- testScenarios -->
        <test-method status="PASS" signature="testScenarios(java.lang.String, java.lang.String)[pri:0, instance:com.gdi.testexecutor.TestExecutor@18be83e4]" name="testScenarios" duration-ms="102" started-at="2018-01-15T09:54:42Z" data-provider="getScenarios" finished-at="2018-01-15T09:54:42Z">
          <params>
            <param index="0">
              <value>
                <![CDATA[UC22_SendShare]]>
              </value>
            </param>
            <param index="1">
              <value>
                <![CDATA[Yes]]>
              </value>
            </param>
          </params>
          <reporter-output>
          </reporter-output>
        </test-method> <!-- testScenarios -->
        <test-method status="PASS" signature="testScenarios(java.lang.String, java.lang.String)[pri:0, instance:com.gdi.testexecutor.TestExecutor@18be83e4]" name="testScenarios" duration-ms="7028" started-at="2018-01-15T09:54:42Z" data-provider="getScenarios" finished-at="2018-01-15T09:54:49Z">
          <params>
            <param index="0">
              <value>
                <![CDATA[UC23_SizeSelection]]>
              </value>
            </param>
            <param index="1">
              <value>
                <![CDATA[Yes]]>
              </value>
            </param>
          </params>
          <reporter-output>
          </reporter-output>
        </test-method> <!-- testScenarios -->
        <test-method status="PASS" signature="testScenarios(java.lang.String, java.lang.String)[pri:0, instance:com.gdi.testexecutor.TestExecutor@18be83e4]" name="testScenarios" duration-ms="13423" started-at="2018-01-15T09:54:49Z" data-provider="getScenarios" finished-at="2018-01-15T09:55:02Z">
          <params>
            <param index="0">
              <value>
                <![CDATA[UC24_ValidateSizeChart]]>
              </value>
            </param>
            <param index="1">
              <value>
                <![CDATA[Yes]]>
              </value>
            </param>
          </params>
          <reporter-output>
          </reporter-output>
        </test-method> <!-- testScenarios -->
        <test-method status="PASS" signature="testScenarios(java.lang.String, java.lang.String)[pri:0, instance:com.gdi.testexecutor.TestExecutor@18be83e4]" name="testScenarios" duration-ms="5428" started-at="2018-01-15T09:55:02Z" data-provider="getScenarios" finished-at="2018-01-15T09:55:08Z">
          <params>
            <param index="0">
              <value>
                <![CDATA[UC25_AddToBag]]>
              </value>
            </param>
            <param index="1">
              <value>
                <![CDATA[Yes]]>
              </value>
            </param>
          </params>
          <reporter-output>
          </reporter-output>
        </test-method> <!-- testScenarios -->
        <test-method status="PASS" signature="testScenarios(java.lang.String, java.lang.String)[pri:0, instance:com.gdi.testexecutor.TestExecutor@18be83e4]" name="testScenarios" duration-ms="10351" started-at="2018-01-15T09:55:08Z" data-provider="getScenarios" finished-at="2018-01-15T09:55:18Z">
          <params>
            <param index="0">
              <value>
                <![CDATA[UC26_SaveToWishList]]>
              </value>
            </param>
            <param index="1">
              <value>
                <![CDATA[Yes]]>
              </value>
            </param>
          </params>
          <reporter-output>
          </reporter-output>
        </test-method> <!-- testScenarios -->
        <test-method status="PASS" signature="testScenarios(java.lang.String, java.lang.String)[pri:0, instance:com.gdi.testexecutor.TestExecutor@18be83e4]" name="testScenarios" duration-ms="98" started-at="2018-01-15T09:55:18Z" data-provider="getScenarios" finished-at="2018-01-15T09:55:18Z">
          <params>
            <param index="0">
              <value>
                <![CDATA[UC27_FindInStore]]>
              </value>
            </param>
            <param index="1">
              <value>
                <![CDATA[Yes]]>
              </value>
            </param>
          </params>
          <reporter-output>
          </reporter-output>
        </test-method> <!-- testScenarios -->
        <test-method status="PASS" signature="testScenarios(java.lang.String, java.lang.String)[pri:0, instance:com.gdi.testexecutor.TestExecutor@18be83e4]" name="testScenarios" duration-ms="3876" started-at="2018-01-15T09:55:18Z" data-provider="getScenarios" finished-at="2018-01-15T09:55:22Z">
          <params>
            <param index="0">
              <value>
                <![CDATA[UC28_Description]]>
              </value>
            </param>
            <param index="1">
              <value>
                <![CDATA[Yes]]>
              </value>
            </param>
          </params>
          <reporter-output>
          </reporter-output>
        </test-method> <!-- testScenarios -->
        <test-method status="PASS" signature="testScenarios(java.lang.String, java.lang.String)[pri:0, instance:com.gdi.testexecutor.TestExecutor@18be83e4]" name="testScenarios" duration-ms="10275" started-at="2018-01-15T09:55:22Z" data-provider="getScenarios" finished-at="2018-01-15T09:55:32Z">
          <params>
            <param index="0">
              <value>
                <![CDATA[UC29_BagQuantity]]>
              </value>
            </param>
            <param index="1">
              <value>
                <![CDATA[Yes]]>
              </value>
            </param>
          </params>
          <reporter-output>
          </reporter-output>
        </test-method> <!-- testScenarios -->
        <test-method status="PASS" signature="testScenarios(java.lang.String, java.lang.String)[pri:0, instance:com.gdi.testexecutor.TestExecutor@18be83e4]" name="testScenarios" duration-ms="8659" started-at="2018-01-15T09:55:32Z" data-provider="getScenarios" finished-at="2018-01-15T09:55:41Z">
          <params>
            <param index="0">
              <value>
                <![CDATA[UC30_EditQuantity]]>
              </value>
            </param>
            <param index="1">
              <value>
                <![CDATA[Yes]]>
              </value>
            </param>
          </params>
          <reporter-output>
          </reporter-output>
        </test-method> <!-- testScenarios -->
        <test-method status="PASS" signature="testScenarios(java.lang.String, java.lang.String)[pri:0, instance:com.gdi.testexecutor.TestExecutor@18be83e4]" name="testScenarios" duration-ms="143" started-at="2018-01-15T09:55:41Z" data-provider="getScenarios" finished-at="2018-01-15T09:55:41Z">
          <params>
            <param index="0">
              <value>
                <![CDATA[UC32_ValidateSummaryIsUpdating]]>
              </value>
            </param>
            <param index="1">
              <value>
                <![CDATA[Yes]]>
              </value>
            </param>
          </params>
          <reporter-output>
          </reporter-output>
        </test-method> <!-- testScenarios -->
        <test-method status="PASS" signature="testScenarios(java.lang.String, java.lang.String)[pri:0, instance:com.gdi.testexecutor.TestExecutor@18be83e4]" name="testScenarios" duration-ms="3594" started-at="2018-01-15T09:55:41Z" data-provider="getScenarios" finished-at="2018-01-15T09:55:45Z">
          <params>
            <param index="0">
              <value>
                <![CDATA[UC33_ApplyProfileCoupon]]>
              </value>
            </param>
            <param index="1">
              <value>
                <![CDATA[Yes]]>
              </value>
            </param>
          </params>
          <reporter-output>
          </reporter-output>
        </test-method> <!-- testScenarios -->
        <test-method status="FAIL" signature="testScenarios(java.lang.String, java.lang.String)[pri:0, instance:com.gdi.testexecutor.TestExecutor@18be83e4]" name="testScenarios" duration-ms="2093" started-at="2018-01-15T09:55:45Z" data-provider="getScenarios" finished-at="2018-01-15T09:55:47Z">
          <params>
            <param index="0">
              <value>
                <![CDATA[UC34_CheckOutButton]]>
              </value>
            </param>
            <param index="1">
              <value>
                <![CDATA[Yes]]>
              </value>
            </param>
          </params>
          <exception class="org.openqa.selenium.NoSuchElementException">
            <message>
              <![CDATA[An element could not be located on the page using the given search parameters. (WARNING: The server did not provide any stacktrace information)
Command duration or timeout: 85 milliseconds
For documentation on this error, please visit: http://seleniumhq.org/exceptions/no_such_element.html
Build info: version: '2.53.0', revision: '35ae25b', time: '2016-03-15 17:00:58'
System info: host: 'DivyaT.local', ip: '192.168.3.171', os.name: 'Mac OS X', os.arch: 'x86_64', os.version: '10.12.6', java.version: '1.8.0_101'
Driver info: io.appium.java_client.android.AndroidDriver
Capabilities [{app=/Users/testuser/Downloads/app-v141-garage-ca-internal_qa.apk, platformVersion=7.1.2, automationName=uiautomator2, platformName=Android, deviceName=Redmi, platform=ANY, systemPort=1314}]
Session ID: 4ad49834-aeb0-4e40-936a-fe1681c35c32
*** Element info: {Using=accessibility id, value=cart_checkout}]]>
            </message>
            <full-stacktrace>
              <![CDATA[org.openqa.selenium.NoSuchElementException: An element could not be located on the page using the given search parameters. (WARNING: The server did not provide any stacktrace information)
Command duration or timeout: 85 milliseconds
For documentation on this error, please visit: http://seleniumhq.org/exceptions/no_such_element.html
Build info: version: '2.53.0', revision: '35ae25b', time: '2016-03-15 17:00:58'
System info: host: 'DivyaT.local', ip: '192.168.3.171', os.name: 'Mac OS X', os.arch: 'x86_64', os.version: '10.12.6', java.version: '1.8.0_101'
Driver info: io.appium.java_client.android.AndroidDriver
Capabilities [{app=/Users/testuser/Downloads/app-v141-garage-ca-internal_qa.apk, platformVersion=7.1.2, automationName=uiautomator2, platformName=Android, deviceName=Redmi, platform=ANY, systemPort=1314}]
Session ID: 4ad49834-aeb0-4e40-936a-fe1681c35c32
*** Element info: {Using=accessibility id, value=cart_checkout}
	at sun.reflect.GeneratedConstructorAccessor45.newInstance(Unknown Source)
	at sun.reflect.DelegatingConstructorAccessorImpl.newInstance(DelegatingConstructorAccessorImpl.java:45)
	at java.lang.reflect.Constructor.newInstance(Constructor.java:423)
	at org.openqa.selenium.remote.ErrorHandler.createThrowable(ErrorHandler.java:206)
	at org.openqa.selenium.remote.ErrorHandler.throwIfResponseFailed(ErrorHandler.java:158)
	at org.openqa.selenium.remote.RemoteWebDriver.execute(RemoteWebDriver.java:678)
	at io.appium.java_client.AppiumDriver.execute(AppiumDriver.java:180)
	at org.openqa.selenium.remote.RemoteWebDriver.findElement(RemoteWebDriver.java:363)
	at io.appium.java_client.AppiumDriver.findElementByAccessibilityId(AppiumDriver.java:587)
	at com.gdi.locators.CartLocators.checkOutButton(CartLocators.java:62)
	at com.gdi.testscenarios.UC34_CheckOutButton.checkOutButton(UC34_CheckOutButton.java:23)
	at com.gdi.testscenarios.UC34_CheckOutButton.<init>(UC34_CheckOutButton.java:17)
	at com.gdi.testscenarios.TestScenarioMapper.executeFunction(TestScenarioMapper.java:141)
	at com.gdi.testexecutor.TestExecutor.testScenarios(TestExecutor.java:129)
	at sun.reflect.GeneratedMethodAccessor2.invoke(Unknown Source)
	at sun.reflect.DelegatingMethodAccessorImpl.invoke(DelegatingMethodAccessorImpl.java:43)
	at java.lang.reflect.Method.invoke(Method.java:498)
	at org.testng.internal.MethodInvocationHelper.invokeMethod(MethodInvocationHelper.java:85)
	at org.testng.internal.Invoker.invokeMethod(Invoker.java:639)
	at org.testng.internal.Invoker.invokeTestMethod(Invoker.java:816)
	at org.testng.internal.Invoker.invokeTestMethods(Invoker.java:1124)
	at org.testng.internal.TestMethodWorker.invokeTestMethods(TestMethodWorker.java:125)
	at org.testng.internal.TestMethodWorker.run(TestMethodWorker.java:108)
	at org.testng.TestRunner.privateRun(TestRunner.java:774)
	at org.testng.TestRunner.run(TestRunner.java:624)
	at org.testng.SuiteRunner.runTest(SuiteRunner.java:359)
	at org.testng.SuiteRunner.runSequentially(SuiteRunner.java:354)
	at org.testng.SuiteRunner.privateRun(SuiteRunner.java:312)
	at org.testng.SuiteRunner.run(SuiteRunner.java:261)
	at org.testng.SuiteRunnerWorker.runSuite(SuiteRunnerWorker.java:52)
	at org.testng.SuiteRunnerWorker.run(SuiteRunnerWorker.java:86)
	at org.testng.TestNG.runSuitesSequentially(TestNG.java:1215)
	at org.testng.TestNG.runSuitesLocally(TestNG.java:1140)
	at org.testng.TestNG.run(TestNG.java:1048)
	at org.testng.remote.AbstractRemoteTestNG.run(AbstractRemoteTestNG.java:132)
	at org.testng.remote.RemoteTestNG.initAndRun(RemoteTestNG.java:236)
	at org.testng.remote.RemoteTestNG.main(RemoteTestNG.java:81)
]]>
            </full-stacktrace>
          </exception> <!-- org.openqa.selenium.NoSuchElementException -->
          <reporter-output>
          </reporter-output>
        </test-method> <!-- testScenarios -->
        <test-method status="FAIL" signature="testScenarios(java.lang.String, java.lang.String)[pri:0, instance:com.gdi.testexecutor.TestExecutor@18be83e4]" name="testScenarios" duration-ms="36352" started-at="2018-01-15T09:55:47Z" data-provider="getScenarios" finished-at="2018-01-15T09:56:23Z">
          <params>
            <param index="0">
              <value>
                <![CDATA[UC35_SaveSelectShipping]]>
              </value>
            </param>
            <param index="1">
              <value>
                <![CDATA[Yes]]>
              </value>
            </param>
          </params>
          <exception class="org.openqa.selenium.NoSuchElementException">
            <message>
              <![CDATA[An element could not be located on the page using the given search parameters. (WARNING: The server did not provide any stacktrace information)
Command duration or timeout: 60 milliseconds
For documentation on this error, please visit: http://seleniumhq.org/exceptions/no_such_element.html
Build info: version: '2.53.0', revision: '35ae25b', time: '2016-03-15 17:00:58'
System info: host: 'DivyaT.local', ip: '192.168.3.171', os.name: 'Mac OS X', os.arch: 'x86_64', os.version: '10.12.6', java.version: '1.8.0_101'
Driver info: io.appium.java_client.android.AndroidDriver
Capabilities [{app=/Users/testuser/Downloads/app-v141-garage-ca-internal_qa.apk, platformVersion=7.1.2, automationName=uiautomator2, platformName=Android, deviceName=Redmi, platform=ANY, systemPort=1314}]
Session ID: 4ad49834-aeb0-4e40-936a-fe1681c35c32
*** Element info: {Using=accessibility id, value=cart_checkout}]]>
            </message>
            <full-stacktrace>
              <![CDATA[org.openqa.selenium.NoSuchElementException: An element could not be located on the page using the given search parameters. (WARNING: The server did not provide any stacktrace information)
Command duration or timeout: 60 milliseconds
For documentation on this error, please visit: http://seleniumhq.org/exceptions/no_such_element.html
Build info: version: '2.53.0', revision: '35ae25b', time: '2016-03-15 17:00:58'
System info: host: 'DivyaT.local', ip: '192.168.3.171', os.name: 'Mac OS X', os.arch: 'x86_64', os.version: '10.12.6', java.version: '1.8.0_101'
Driver info: io.appium.java_client.android.AndroidDriver
Capabilities [{app=/Users/testuser/Downloads/app-v141-garage-ca-internal_qa.apk, platformVersion=7.1.2, automationName=uiautomator2, platformName=Android, deviceName=Redmi, platform=ANY, systemPort=1314}]
Session ID: 4ad49834-aeb0-4e40-936a-fe1681c35c32
*** Element info: {Using=accessibility id, value=cart_checkout}
	at sun.reflect.GeneratedConstructorAccessor45.newInstance(Unknown Source)
	at sun.reflect.DelegatingConstructorAccessorImpl.newInstance(DelegatingConstructorAccessorImpl.java:45)
	at java.lang.reflect.Constructor.newInstance(Constructor.java:423)
	at org.openqa.selenium.remote.ErrorHandler.createThrowable(ErrorHandler.java:206)
	at org.openqa.selenium.remote.ErrorHandler.throwIfResponseFailed(ErrorHandler.java:158)
	at org.openqa.selenium.remote.RemoteWebDriver.execute(RemoteWebDriver.java:678)
	at io.appium.java_client.AppiumDriver.execute(AppiumDriver.java:180)
	at org.openqa.selenium.remote.RemoteWebDriver.findElement(RemoteWebDriver.java:363)
	at io.appium.java_client.AppiumDriver.findElementByAccessibilityId(AppiumDriver.java:587)
	at com.gdi.locators.CartLocators.saveSelectShipping(CartLocators.java:65)
	at com.gdi.testscenarios.UC35_SaveSelectShipping.saveSelectShipping(UC35_SaveSelectShipping.java:23)
	at com.gdi.testscenarios.UC35_SaveSelectShipping.<init>(UC35_SaveSelectShipping.java:17)
	at com.gdi.testscenarios.TestScenarioMapper.executeFunction(TestScenarioMapper.java:145)
	at com.gdi.testexecutor.TestExecutor.testScenarios(TestExecutor.java:129)
	at sun.reflect.GeneratedMethodAccessor2.invoke(Unknown Source)
	at sun.reflect.DelegatingMethodAccessorImpl.invoke(DelegatingMethodAccessorImpl.java:43)
	at java.lang.reflect.Method.invoke(Method.java:498)
	at org.testng.internal.MethodInvocationHelper.invokeMethod(MethodInvocationHelper.java:85)
	at org.testng.internal.Invoker.invokeMethod(Invoker.java:639)
	at org.testng.internal.Invoker.invokeTestMethod(Invoker.java:816)
	at org.testng.internal.Invoker.invokeTestMethods(Invoker.java:1124)
	at org.testng.internal.TestMethodWorker.invokeTestMethods(TestMethodWorker.java:125)
	at org.testng.internal.TestMethodWorker.run(TestMethodWorker.java:108)
	at org.testng.TestRunner.privateRun(TestRunner.java:774)
	at org.testng.TestRunner.run(TestRunner.java:624)
	at org.testng.SuiteRunner.runTest(SuiteRunner.java:359)
	at org.testng.SuiteRunner.runSequentially(SuiteRunner.java:354)
	at org.testng.SuiteRunner.privateRun(SuiteRunner.java:312)
	at org.testng.SuiteRunner.run(SuiteRunner.java:261)
	at org.testng.SuiteRunnerWorker.runSuite(SuiteRunnerWorker.java:52)
	at org.testng.SuiteRunnerWorker.run(SuiteRunnerWorker.java:86)
	at org.testng.TestNG.runSuitesSequentially(TestNG.java:1215)
	at org.testng.TestNG.runSuitesLocally(TestNG.java:1140)
	at org.testng.TestNG.run(TestNG.java:1048)
	at org.testng.remote.AbstractRemoteTestNG.run(AbstractRemoteTestNG.java:132)
	at org.testng.remote.RemoteTestNG.initAndRun(RemoteTestNG.java:236)
	at org.testng.remote.RemoteTestNG.main(RemoteTestNG.java:81)
]]>
            </full-stacktrace>
          </exception> <!-- org.openqa.selenium.NoSuchElementException -->
          <reporter-output>
          </reporter-output>
        </test-method> <!-- testScenarios -->
        <test-method status="FAIL" signature="testScenarios(java.lang.String, java.lang.String)[pri:0, instance:com.gdi.testexecutor.TestExecutor@18be83e4]" name="testScenarios" duration-ms="38296" started-at="2018-01-15T09:56:23Z" data-provider="getScenarios" finished-at="2018-01-15T09:57:01Z">
          <params>
            <param index="0">
              <value>
                <![CDATA[UC36_ShippingMethod]]>
              </value>
            </param>
            <param index="1">
              <value>
                <![CDATA[Yes]]>
              </value>
            </param>
          </params>
          <exception class="org.openqa.selenium.NoSuchElementException">
            <message>
              <![CDATA[An element could not be located on the page using the given search parameters. (WARNING: The server did not provide any stacktrace information)
Command duration or timeout: 60 milliseconds
For documentation on this error, please visit: http://seleniumhq.org/exceptions/no_such_element.html
Build info: version: '2.53.0', revision: '35ae25b', time: '2016-03-15 17:00:58'
System info: host: 'DivyaT.local', ip: '192.168.3.171', os.name: 'Mac OS X', os.arch: 'x86_64', os.version: '10.12.6', java.version: '1.8.0_101'
Driver info: io.appium.java_client.android.AndroidDriver
Capabilities [{app=/Users/testuser/Downloads/app-v141-garage-ca-internal_qa.apk, platformVersion=7.1.2, automationName=uiautomator2, platformName=Android, deviceName=Redmi, platform=ANY, systemPort=1314}]
Session ID: 4ad49834-aeb0-4e40-936a-fe1681c35c32
*** Element info: {Using=accessibility id, value=cart_checkout}]]>
            </message>
            <full-stacktrace>
              <![CDATA[org.openqa.selenium.NoSuchElementException: An element could not be located on the page using the given search parameters. (WARNING: The server did not provide any stacktrace information)
Command duration or timeout: 60 milliseconds
For documentation on this error, please visit: http://seleniumhq.org/exceptions/no_such_element.html
Build info: version: '2.53.0', revision: '35ae25b', time: '2016-03-15 17:00:58'
System info: host: 'DivyaT.local', ip: '192.168.3.171', os.name: 'Mac OS X', os.arch: 'x86_64', os.version: '10.12.6', java.version: '1.8.0_101'
Driver info: io.appium.java_client.android.AndroidDriver
Capabilities [{app=/Users/testuser/Downloads/app-v141-garage-ca-internal_qa.apk, platformVersion=7.1.2, automationName=uiautomator2, platformName=Android, deviceName=Redmi, platform=ANY, systemPort=1314}]
Session ID: 4ad49834-aeb0-4e40-936a-fe1681c35c32
*** Element info: {Using=accessibility id, value=cart_checkout}
	at sun.reflect.GeneratedConstructorAccessor45.newInstance(Unknown Source)
	at sun.reflect.DelegatingConstructorAccessorImpl.newInstance(DelegatingConstructorAccessorImpl.java:45)
	at java.lang.reflect.Constructor.newInstance(Constructor.java:423)
	at org.openqa.selenium.remote.ErrorHandler.createThrowable(ErrorHandler.java:206)
	at org.openqa.selenium.remote.ErrorHandler.throwIfResponseFailed(ErrorHandler.java:158)
	at org.openqa.selenium.remote.RemoteWebDriver.execute(RemoteWebDriver.java:678)
	at io.appium.java_client.AppiumDriver.execute(AppiumDriver.java:180)
	at org.openqa.selenium.remote.RemoteWebDriver.findElement(RemoteWebDriver.java:363)
	at io.appium.java_client.AppiumDriver.findElementByAccessibilityId(AppiumDriver.java:587)
	at com.gdi.locators.CartLocators.selectPayment(CartLocators.java:68)
	at com.gdi.testscenarios.UC36_ShippingMethod.shippingMethod(UC36_ShippingMethod.java:23)
	at com.gdi.testscenarios.UC36_ShippingMethod.<init>(UC36_ShippingMethod.java:17)
	at com.gdi.testscenarios.TestScenarioMapper.executeFunction(TestScenarioMapper.java:149)
	at com.gdi.testexecutor.TestExecutor.testScenarios(TestExecutor.java:129)
	at sun.reflect.GeneratedMethodAccessor2.invoke(Unknown Source)
	at sun.reflect.DelegatingMethodAccessorImpl.invoke(DelegatingMethodAccessorImpl.java:43)
	at java.lang.reflect.Method.invoke(Method.java:498)
	at org.testng.internal.MethodInvocationHelper.invokeMethod(MethodInvocationHelper.java:85)
	at org.testng.internal.Invoker.invokeMethod(Invoker.java:639)
	at org.testng.internal.Invoker.invokeTestMethod(Invoker.java:816)
	at org.testng.internal.Invoker.invokeTestMethods(Invoker.java:1124)
	at org.testng.internal.TestMethodWorker.invokeTestMethods(TestMethodWorker.java:125)
	at org.testng.internal.TestMethodWorker.run(TestMethodWorker.java:108)
	at org.testng.TestRunner.privateRun(TestRunner.java:774)
	at org.testng.TestRunner.run(TestRunner.java:624)
	at org.testng.SuiteRunner.runTest(SuiteRunner.java:359)
	at org.testng.SuiteRunner.runSequentially(SuiteRunner.java:354)
	at org.testng.SuiteRunner.privateRun(SuiteRunner.java:312)
	at org.testng.SuiteRunner.run(SuiteRunner.java:261)
	at org.testng.SuiteRunnerWorker.runSuite(SuiteRunnerWorker.java:52)
	at org.testng.SuiteRunnerWorker.run(SuiteRunnerWorker.java:86)
	at org.testng.TestNG.runSuitesSequentially(TestNG.java:1215)
	at org.testng.TestNG.runSuitesLocally(TestNG.java:1140)
	at org.testng.TestNG.run(TestNG.java:1048)
	at org.testng.remote.AbstractRemoteTestNG.run(AbstractRemoteTestNG.java:132)
	at org.testng.remote.RemoteTestNG.initAndRun(RemoteTestNG.java:236)
	at org.testng.remote.RemoteTestNG.main(RemoteTestNG.java:81)
]]>
            </full-stacktrace>
          </exception> <!-- org.openqa.selenium.NoSuchElementException -->
          <reporter-output>
          </reporter-output>
        </test-method> <!-- testScenarios -->
        <test-method status="FAIL" signature="testScenarios(java.lang.String, java.lang.String)[pri:0, instance:com.gdi.testexecutor.TestExecutor@18be83e4]" name="testScenarios" duration-ms="35411" started-at="2018-01-15T09:57:01Z" data-provider="getScenarios" finished-at="2018-01-15T09:57:37Z">
          <params>
            <param index="0">
              <value>
                <![CDATA[UC37_AddCreditCard]]>
              </value>
            </param>
            <param index="1">
              <value>
                <![CDATA[Yes]]>
              </value>
            </param>
          </params>
          <exception class="org.openqa.selenium.NoSuchElementException">
            <message>
              <![CDATA[An element could not be located on the page using the given search parameters. (WARNING: The server did not provide any stacktrace information)
Command duration or timeout: 1.30 seconds
For documentation on this error, please visit: http://seleniumhq.org/exceptions/no_such_element.html
Build info: version: '2.53.0', revision: '35ae25b', time: '2016-03-15 17:00:58'
System info: host: 'DivyaT.local', ip: '192.168.3.171', os.name: 'Mac OS X', os.arch: 'x86_64', os.version: '10.12.6', java.version: '1.8.0_101'
Driver info: io.appium.java_client.android.AndroidDriver
Capabilities [{app=/Users/testuser/Downloads/app-v141-garage-ca-internal_qa.apk, platformVersion=7.1.2, automationName=uiautomator2, platformName=Android, deviceName=Redmi, platform=ANY, systemPort=1314}]
Session ID: 4ad49834-aeb0-4e40-936a-fe1681c35c32
*** Element info: {Using=accessibility id, value=payment_credit_card}]]>
            </message>
            <full-stacktrace>
              <![CDATA[org.openqa.selenium.NoSuchElementException: An element could not be located on the page using the given search parameters. (WARNING: The server did not provide any stacktrace information)
Command duration or timeout: 1.30 seconds
For documentation on this error, please visit: http://seleniumhq.org/exceptions/no_such_element.html
Build info: version: '2.53.0', revision: '35ae25b', time: '2016-03-15 17:00:58'
System info: host: 'DivyaT.local', ip: '192.168.3.171', os.name: 'Mac OS X', os.arch: 'x86_64', os.version: '10.12.6', java.version: '1.8.0_101'
Driver info: io.appium.java_client.android.AndroidDriver
Capabilities [{app=/Users/testuser/Downloads/app-v141-garage-ca-internal_qa.apk, platformVersion=7.1.2, automationName=uiautomator2, platformName=Android, deviceName=Redmi, platform=ANY, systemPort=1314}]
Session ID: 4ad49834-aeb0-4e40-936a-fe1681c35c32
*** Element info: {Using=accessibility id, value=payment_credit_card}
	at sun.reflect.GeneratedConstructorAccessor45.newInstance(Unknown Source)
	at sun.reflect.DelegatingConstructorAccessorImpl.newInstance(DelegatingConstructorAccessorImpl.java:45)
	at java.lang.reflect.Constructor.newInstance(Constructor.java:423)
	at org.openqa.selenium.remote.ErrorHandler.createThrowable(ErrorHandler.java:206)
	at org.openqa.selenium.remote.ErrorHandler.throwIfResponseFailed(ErrorHandler.java:158)
	at org.openqa.selenium.remote.RemoteWebDriver.execute(RemoteWebDriver.java:678)
	at io.appium.java_client.AppiumDriver.execute(AppiumDriver.java:180)
	at org.openqa.selenium.remote.RemoteWebDriver.findElement(RemoteWebDriver.java:363)
	at io.appium.java_client.AppiumDriver.findElementByAccessibilityId(AppiumDriver.java:587)
	at com.gdi.locators.CartLocators.addCreditCardImage(CartLocators.java:71)
	at com.gdi.testscenarios.UC37_AddCreditCard.addCreditCard(UC37_AddCreditCard.java:24)
	at com.gdi.testscenarios.UC37_AddCreditCard.<init>(UC37_AddCreditCard.java:17)
	at com.gdi.testscenarios.TestScenarioMapper.executeFunction(TestScenarioMapper.java:153)
	at com.gdi.testexecutor.TestExecutor.testScenarios(TestExecutor.java:129)
	at sun.reflect.GeneratedMethodAccessor2.invoke(Unknown Source)
	at sun.reflect.DelegatingMethodAccessorImpl.invoke(DelegatingMethodAccessorImpl.java:43)
	at java.lang.reflect.Method.invoke(Method.java:498)
	at org.testng.internal.MethodInvocationHelper.invokeMethod(MethodInvocationHelper.java:85)
	at org.testng.internal.Invoker.invokeMethod(Invoker.java:639)
	at org.testng.internal.Invoker.invokeTestMethod(Invoker.java:816)
	at org.testng.internal.Invoker.invokeTestMethods(Invoker.java:1124)
	at org.testng.internal.TestMethodWorker.invokeTestMethods(TestMethodWorker.java:125)
	at org.testng.internal.TestMethodWorker.run(TestMethodWorker.java:108)
	at org.testng.TestRunner.privateRun(TestRunner.java:774)
	at org.testng.TestRunner.run(TestRunner.java:624)
	at org.testng.SuiteRunner.runTest(SuiteRunner.java:359)
	at org.testng.SuiteRunner.runSequentially(SuiteRunner.java:354)
	at org.testng.SuiteRunner.privateRun(SuiteRunner.java:312)
	at org.testng.SuiteRunner.run(SuiteRunner.java:261)
	at org.testng.SuiteRunnerWorker.runSuite(SuiteRunnerWorker.java:52)
	at org.testng.SuiteRunnerWorker.run(SuiteRunnerWorker.java:86)
	at org.testng.TestNG.runSuitesSequentially(TestNG.java:1215)
	at org.testng.TestNG.runSuitesLocally(TestNG.java:1140)
	at org.testng.TestNG.run(TestNG.java:1048)
	at org.testng.remote.AbstractRemoteTestNG.run(AbstractRemoteTestNG.java:132)
	at org.testng.remote.RemoteTestNG.initAndRun(RemoteTestNG.java:236)
	at org.testng.remote.RemoteTestNG.main(RemoteTestNG.java:81)
]]>
            </full-stacktrace>
          </exception> <!-- org.openqa.selenium.NoSuchElementException -->
          <reporter-output>
          </reporter-output>
        </test-method> <!-- testScenarios -->
        <test-method status="FAIL" signature="testScenarios(java.lang.String, java.lang.String)[pri:0, instance:com.gdi.testexecutor.TestExecutor@18be83e4]" name="testScenarios" duration-ms="2113" started-at="2018-01-15T09:57:37Z" data-provider="getScenarios" finished-at="2018-01-15T09:57:39Z">
          <params>
            <param index="0">
              <value>
                <![CDATA[UC38_CheckOutWithNewCC]]>
              </value>
            </param>
            <param index="1">
              <value>
                <![CDATA[Yes]]>
              </value>
            </param>
          </params>
          <exception class="org.openqa.selenium.NoSuchElementException">
            <message>
              <![CDATA[An element could not be located on the page using the given search parameters. (WARNING: The server did not provide any stacktrace information)
Command duration or timeout: 103 milliseconds
For documentation on this error, please visit: http://seleniumhq.org/exceptions/no_such_element.html
Build info: version: '2.53.0', revision: '35ae25b', time: '2016-03-15 17:00:58'
System info: host: 'DivyaT.local', ip: '192.168.3.171', os.name: 'Mac OS X', os.arch: 'x86_64', os.version: '10.12.6', java.version: '1.8.0_101'
Driver info: io.appium.java_client.android.AndroidDriver
Capabilities [{app=/Users/testuser/Downloads/app-v141-garage-ca-internal_qa.apk, platformVersion=7.1.2, automationName=uiautomator2, platformName=Android, deviceName=Redmi, platform=ANY, systemPort=1314}]
Session ID: 4ad49834-aeb0-4e40-936a-fe1681c35c32
*** Element info: {Using=xpath, value=//android.widget.TextView[@text='Billing Address']}]]>
            </message>
            <full-stacktrace>
              <![CDATA[org.openqa.selenium.NoSuchElementException: An element could not be located on the page using the given search parameters. (WARNING: The server did not provide any stacktrace information)
Command duration or timeout: 103 milliseconds
For documentation on this error, please visit: http://seleniumhq.org/exceptions/no_such_element.html
Build info: version: '2.53.0', revision: '35ae25b', time: '2016-03-15 17:00:58'
System info: host: 'DivyaT.local', ip: '192.168.3.171', os.name: 'Mac OS X', os.arch: 'x86_64', os.version: '10.12.6', java.version: '1.8.0_101'
Driver info: io.appium.java_client.android.AndroidDriver
Capabilities [{app=/Users/testuser/Downloads/app-v141-garage-ca-internal_qa.apk, platformVersion=7.1.2, automationName=uiautomator2, platformName=Android, deviceName=Redmi, platform=ANY, systemPort=1314}]
Session ID: 4ad49834-aeb0-4e40-936a-fe1681c35c32
*** Element info: {Using=xpath, value=//android.widget.TextView[@text='Billing Address']}
	at sun.reflect.GeneratedConstructorAccessor45.newInstance(Unknown Source)
	at sun.reflect.DelegatingConstructorAccessorImpl.newInstance(DelegatingConstructorAccessorImpl.java:45)
	at java.lang.reflect.Constructor.newInstance(Constructor.java:423)
	at org.openqa.selenium.remote.ErrorHandler.createThrowable(ErrorHandler.java:206)
	at org.openqa.selenium.remote.ErrorHandler.throwIfResponseFailed(ErrorHandler.java:158)
	at org.openqa.selenium.remote.RemoteWebDriver.execute(RemoteWebDriver.java:678)
	at io.appium.java_client.AppiumDriver.execute(AppiumDriver.java:180)
	at org.openqa.selenium.remote.RemoteWebDriver.findElement(RemoteWebDriver.java:363)
	at org.openqa.selenium.remote.RemoteWebDriver.findElementByXPath(RemoteWebDriver.java:500)
	at org.openqa.selenium.By$ByXPath.findElement(By.java:361)
	at org.openqa.selenium.remote.RemoteWebDriver.findElement(RemoteWebDriver.java:355)
	at com.gdi.locators.CartLocators.billingAddressStaticText(CartLocators.java:96)
	at com.gdi.testscenarios.UC38_CheckOutWithNewCC.checkOutWithNewCC(UC38_CheckOutWithNewCC.java:23)
	at com.gdi.testscenarios.UC38_CheckOutWithNewCC.<init>(UC38_CheckOutWithNewCC.java:17)
	at com.gdi.testscenarios.TestScenarioMapper.executeFunction(TestScenarioMapper.java:157)
	at com.gdi.testexecutor.TestExecutor.testScenarios(TestExecutor.java:129)
	at sun.reflect.GeneratedMethodAccessor2.invoke(Unknown Source)
	at sun.reflect.DelegatingMethodAccessorImpl.invoke(DelegatingMethodAccessorImpl.java:43)
	at java.lang.reflect.Method.invoke(Method.java:498)
	at org.testng.internal.MethodInvocationHelper.invokeMethod(MethodInvocationHelper.java:85)
	at org.testng.internal.Invoker.invokeMethod(Invoker.java:639)
	at org.testng.internal.Invoker.invokeTestMethod(Invoker.java:816)
	at org.testng.internal.Invoker.invokeTestMethods(Invoker.java:1124)
	at org.testng.internal.TestMethodWorker.invokeTestMethods(TestMethodWorker.java:125)
	at org.testng.internal.TestMethodWorker.run(TestMethodWorker.java:108)
	at org.testng.TestRunner.privateRun(TestRunner.java:774)
	at org.testng.TestRunner.run(TestRunner.java:624)
	at org.testng.SuiteRunner.runTest(SuiteRunner.java:359)
	at org.testng.SuiteRunner.runSequentially(SuiteRunner.java:354)
	at org.testng.SuiteRunner.privateRun(SuiteRunner.java:312)
	at org.testng.SuiteRunner.run(SuiteRunner.java:261)
	at org.testng.SuiteRunnerWorker.runSuite(SuiteRunnerWorker.java:52)
	at org.testng.SuiteRunnerWorker.run(SuiteRunnerWorker.java:86)
	at org.testng.TestNG.runSuitesSequentially(TestNG.java:1215)
	at org.testng.TestNG.runSuitesLocally(TestNG.java:1140)
	at org.testng.TestNG.run(TestNG.java:1048)
	at org.testng.remote.AbstractRemoteTestNG.run(AbstractRemoteTestNG.java:132)
	at org.testng.remote.RemoteTestNG.initAndRun(RemoteTestNG.java:236)
	at org.testng.remote.RemoteTestNG.main(RemoteTestNG.java:81)
]]>
            </full-stacktrace>
          </exception> <!-- org.openqa.selenium.NoSuchElementException -->
          <reporter-output>
          </reporter-output>
        </test-method> <!-- testScenarios -->
        <test-method status="FAIL" signature="testScenarios(java.lang.String, java.lang.String)[pri:0, instance:com.gdi.testexecutor.TestExecutor@18be83e4]" name="testScenarios" duration-ms="71" started-at="2018-01-15T09:57:39Z" data-provider="getScenarios" finished-at="2018-01-15T09:57:39Z">
          <params>
            <param index="0">
              <value>
                <![CDATA[UC39_CheckOutWithoutSavingcreditCard]]>
              </value>
            </param>
            <param index="1">
              <value>
                <![CDATA[Yes]]>
              </value>
            </param>
          </params>
          <exception class="org.openqa.selenium.NoSuchElementException">
            <message>
              <![CDATA[An element could not be located on the page using the given search parameters. (WARNING: The server did not provide any stacktrace information)
Command duration or timeout: 69 milliseconds
For documentation on this error, please visit: http://seleniumhq.org/exceptions/no_such_element.html
Build info: version: '2.53.0', revision: '35ae25b', time: '2016-03-15 17:00:58'
System info: host: 'DivyaT.local', ip: '192.168.3.171', os.name: 'Mac OS X', os.arch: 'x86_64', os.version: '10.12.6', java.version: '1.8.0_101'
Driver info: io.appium.java_client.android.AndroidDriver
Capabilities [{app=/Users/testuser/Downloads/app-v141-garage-ca-internal_qa.apk, platformVersion=7.1.2, automationName=uiautomator2, platformName=Android, deviceName=Redmi, platform=ANY, systemPort=1314}]
Session ID: 4ad49834-aeb0-4e40-936a-fe1681c35c32
*** Element info: {Using=accessibility id, value=save_credit_card_details}]]>
            </message>
            <full-stacktrace>
              <![CDATA[org.openqa.selenium.NoSuchElementException: An element could not be located on the page using the given search parameters. (WARNING: The server did not provide any stacktrace information)
Command duration or timeout: 69 milliseconds
For documentation on this error, please visit: http://seleniumhq.org/exceptions/no_such_element.html
Build info: version: '2.53.0', revision: '35ae25b', time: '2016-03-15 17:00:58'
System info: host: 'DivyaT.local', ip: '192.168.3.171', os.name: 'Mac OS X', os.arch: 'x86_64', os.version: '10.12.6', java.version: '1.8.0_101'
Driver info: io.appium.java_client.android.AndroidDriver
Capabilities [{app=/Users/testuser/Downloads/app-v141-garage-ca-internal_qa.apk, platformVersion=7.1.2, automationName=uiautomator2, platformName=Android, deviceName=Redmi, platform=ANY, systemPort=1314}]
Session ID: 4ad49834-aeb0-4e40-936a-fe1681c35c32
*** Element info: {Using=accessibility id, value=save_credit_card_details}
	at sun.reflect.GeneratedConstructorAccessor45.newInstance(Unknown Source)
	at sun.reflect.DelegatingConstructorAccessorImpl.newInstance(DelegatingConstructorAccessorImpl.java:45)
	at java.lang.reflect.Constructor.newInstance(Constructor.java:423)
	at org.openqa.selenium.remote.ErrorHandler.createThrowable(ErrorHandler.java:206)
	at org.openqa.selenium.remote.ErrorHandler.throwIfResponseFailed(ErrorHandler.java:158)
	at org.openqa.selenium.remote.RemoteWebDriver.execute(RemoteWebDriver.java:678)
	at io.appium.java_client.AppiumDriver.execute(AppiumDriver.java:180)
	at org.openqa.selenium.remote.RemoteWebDriver.findElement(RemoteWebDriver.java:363)
	at io.appium.java_client.AppiumDriver.findElementByAccessibilityId(AppiumDriver.java:587)
	at com.gdi.locators.CartLocators.unCheckSaveCreditCard(CartLocators.java:84)
	at com.gdi.testscenarios.UC39_CheckOutWithoutSavingcreditCard.checkOutWithoutSavingcreditCard(UC39_CheckOutWithoutSavingcreditCard.java:23)
	at com.gdi.testscenarios.UC39_CheckOutWithoutSavingcreditCard.<init>(UC39_CheckOutWithoutSavingcreditCard.java:18)
	at com.gdi.testscenarios.TestScenarioMapper.executeFunction(TestScenarioMapper.java:161)
	at com.gdi.testexecutor.TestExecutor.testScenarios(TestExecutor.java:129)
	at sun.reflect.GeneratedMethodAccessor2.invoke(Unknown Source)
	at sun.reflect.DelegatingMethodAccessorImpl.invoke(DelegatingMethodAccessorImpl.java:43)
	at java.lang.reflect.Method.invoke(Method.java:498)
	at org.testng.internal.MethodInvocationHelper.invokeMethod(MethodInvocationHelper.java:85)
	at org.testng.internal.Invoker.invokeMethod(Invoker.java:639)
	at org.testng.internal.Invoker.invokeTestMethod(Invoker.java:816)
	at org.testng.internal.Invoker.invokeTestMethods(Invoker.java:1124)
	at org.testng.internal.TestMethodWorker.invokeTestMethods(TestMethodWorker.java:125)
	at org.testng.internal.TestMethodWorker.run(TestMethodWorker.java:108)
	at org.testng.TestRunner.privateRun(TestRunner.java:774)
	at org.testng.TestRunner.run(TestRunner.java:624)
	at org.testng.SuiteRunner.runTest(SuiteRunner.java:359)
	at org.testng.SuiteRunner.runSequentially(SuiteRunner.java:354)
	at org.testng.SuiteRunner.privateRun(SuiteRunner.java:312)
	at org.testng.SuiteRunner.run(SuiteRunner.java:261)
	at org.testng.SuiteRunnerWorker.runSuite(SuiteRunnerWorker.java:52)
	at org.testng.SuiteRunnerWorker.run(SuiteRunnerWorker.java:86)
	at org.testng.TestNG.runSuitesSequentially(TestNG.java:1215)
	at org.testng.TestNG.runSuitesLocally(TestNG.java:1140)
	at org.testng.TestNG.run(TestNG.java:1048)
	at org.testng.remote.AbstractRemoteTestNG.run(AbstractRemoteTestNG.java:132)
	at org.testng.remote.RemoteTestNG.initAndRun(RemoteTestNG.java:236)
	at org.testng.remote.RemoteTestNG.main(RemoteTestNG.java:81)
]]>
            </full-stacktrace>
          </exception> <!-- org.openqa.selenium.NoSuchElementException -->
          <reporter-output>
          </reporter-output>
        </test-method> <!-- testScenarios -->
        <test-method status="FAIL" signature="testScenarios(java.lang.String, java.lang.String)[pri:0, instance:com.gdi.testexecutor.TestExecutor@18be83e4]" name="testScenarios" duration-ms="1081" started-at="2018-01-15T09:57:39Z" data-provider="getScenarios" finished-at="2018-01-15T09:57:40Z">
          <params>
            <param index="0">
              <value>
                <![CDATA[UC40_CheckOutWithGC]]>
              </value>
            </param>
            <param index="1">
              <value>
                <![CDATA[Yes]]>
              </value>
            </param>
          </params>
          <exception class="org.openqa.selenium.NoSuchElementException">
            <message>
              <![CDATA[An element could not be located on the page using the given search parameters. (WARNING: The server did not provide any stacktrace information)
Command duration or timeout: 78 milliseconds
For documentation on this error, please visit: http://seleniumhq.org/exceptions/no_such_element.html
Build info: version: '2.53.0', revision: '35ae25b', time: '2016-03-15 17:00:58'
System info: host: 'DivyaT.local', ip: '192.168.3.171', os.name: 'Mac OS X', os.arch: 'x86_64', os.version: '10.12.6', java.version: '1.8.0_101'
Driver info: io.appium.java_client.android.AndroidDriver
Capabilities [{app=/Users/testuser/Downloads/app-v141-garage-ca-internal_qa.apk, platformVersion=7.1.2, automationName=uiautomator2, platformName=Android, deviceName=Redmi, platform=ANY, systemPort=1314}]
Session ID: 4ad49834-aeb0-4e40-936a-fe1681c35c32
*** Element info: {Using=accessibility id, value=cart_checkout}]]>
            </message>
            <full-stacktrace>
              <![CDATA[org.openqa.selenium.NoSuchElementException: An element could not be located on the page using the given search parameters. (WARNING: The server did not provide any stacktrace information)
Command duration or timeout: 78 milliseconds
For documentation on this error, please visit: http://seleniumhq.org/exceptions/no_such_element.html
Build info: version: '2.53.0', revision: '35ae25b', time: '2016-03-15 17:00:58'
System info: host: 'DivyaT.local', ip: '192.168.3.171', os.name: 'Mac OS X', os.arch: 'x86_64', os.version: '10.12.6', java.version: '1.8.0_101'
Driver info: io.appium.java_client.android.AndroidDriver
Capabilities [{app=/Users/testuser/Downloads/app-v141-garage-ca-internal_qa.apk, platformVersion=7.1.2, automationName=uiautomator2, platformName=Android, deviceName=Redmi, platform=ANY, systemPort=1314}]
Session ID: 4ad49834-aeb0-4e40-936a-fe1681c35c32
*** Element info: {Using=accessibility id, value=cart_checkout}
	at sun.reflect.GeneratedConstructorAccessor45.newInstance(Unknown Source)
	at sun.reflect.DelegatingConstructorAccessorImpl.newInstance(DelegatingConstructorAccessorImpl.java:45)
	at java.lang.reflect.Constructor.newInstance(Constructor.java:423)
	at org.openqa.selenium.remote.ErrorHandler.createThrowable(ErrorHandler.java:206)
	at org.openqa.selenium.remote.ErrorHandler.throwIfResponseFailed(ErrorHandler.java:158)
	at org.openqa.selenium.remote.RemoteWebDriver.execute(RemoteWebDriver.java:678)
	at io.appium.java_client.AppiumDriver.execute(AppiumDriver.java:180)
	at org.openqa.selenium.remote.RemoteWebDriver.findElement(RemoteWebDriver.java:363)
	at io.appium.java_client.AppiumDriver.findElementByAccessibilityId(AppiumDriver.java:587)
	at com.gdi.locators.CartLocators.placeYourOrderButton(CartLocators.java:90)
	at com.gdi.testscenarios.UC40_CheckOutWithGC.checkOutWithGC(UC40_CheckOutWithGC.java:23)
	at com.gdi.testscenarios.UC40_CheckOutWithGC.<init>(UC40_CheckOutWithGC.java:17)
	at com.gdi.testscenarios.TestScenarioMapper.executeFunction(TestScenarioMapper.java:165)
	at com.gdi.testexecutor.TestExecutor.testScenarios(TestExecutor.java:129)
	at sun.reflect.GeneratedMethodAccessor2.invoke(Unknown Source)
	at sun.reflect.DelegatingMethodAccessorImpl.invoke(DelegatingMethodAccessorImpl.java:43)
	at java.lang.reflect.Method.invoke(Method.java:498)
	at org.testng.internal.MethodInvocationHelper.invokeMethod(MethodInvocationHelper.java:85)
	at org.testng.internal.Invoker.invokeMethod(Invoker.java:639)
	at org.testng.internal.Invoker.invokeTestMethod(Invoker.java:816)
	at org.testng.internal.Invoker.invokeTestMethods(Invoker.java:1124)
	at org.testng.internal.TestMethodWorker.invokeTestMethods(TestMethodWorker.java:125)
	at org.testng.internal.TestMethodWorker.run(TestMethodWorker.java:108)
	at org.testng.TestRunner.privateRun(TestRunner.java:774)
	at org.testng.TestRunner.run(TestRunner.java:624)
	at org.testng.SuiteRunner.runTest(SuiteRunner.java:359)
	at org.testng.SuiteRunner.runSequentially(SuiteRunner.java:354)
	at org.testng.SuiteRunner.privateRun(SuiteRunner.java:312)
	at org.testng.SuiteRunner.run(SuiteRunner.java:261)
	at org.testng.SuiteRunnerWorker.runSuite(SuiteRunnerWorker.java:52)
	at org.testng.SuiteRunnerWorker.run(SuiteRunnerWorker.java:86)
	at org.testng.TestNG.runSuitesSequentially(TestNG.java:1215)
	at org.testng.TestNG.runSuitesLocally(TestNG.java:1140)
	at org.testng.TestNG.run(TestNG.java:1048)
	at org.testng.remote.AbstractRemoteTestNG.run(AbstractRemoteTestNG.java:132)
	at org.testng.remote.RemoteTestNG.initAndRun(RemoteTestNG.java:236)
	at org.testng.remote.RemoteTestNG.main(RemoteTestNG.java:81)
]]>
            </full-stacktrace>
          </exception> <!-- org.openqa.selenium.NoSuchElementException -->
          <reporter-output>
          </reporter-output>
        </test-method> <!-- testScenarios -->
        <test-method status="PASS" signature="testScenarios(java.lang.String, java.lang.String)[pri:0, instance:com.gdi.testexecutor.TestExecutor@18be83e4]" name="testScenarios" duration-ms="48545" started-at="2018-01-15T09:57:40Z" data-provider="getScenarios" finished-at="2018-01-15T09:58:29Z">
          <params>
            <param index="0">
              <value>
                <![CDATA[UC41_CountrySelection]]>
              </value>
            </param>
            <param index="1">
              <value>
                <![CDATA[Yes]]>
              </value>
            </param>
          </params>
          <reporter-output>
          </reporter-output>
        </test-method> <!-- testScenarios -->
        <test-method status="PASS" signature="testScenarios(java.lang.String, java.lang.String)[pri:0, instance:com.gdi.testexecutor.TestExecutor@18be83e4]" name="testScenarios" duration-ms="2284" started-at="2018-01-15T09:58:29Z" data-provider="getScenarios" finished-at="2018-01-15T09:58:31Z">
          <params>
            <param index="0">
              <value>
                <![CDATA[UC42_ProvinceSelection]]>
              </value>
            </param>
            <param index="1">
              <value>
                <![CDATA[Yes]]>
              </value>
            </param>
          </params>
          <reporter-output>
          </reporter-output>
        </test-method> <!-- testScenarios -->
        <test-method status="PASS" signature="testScenarios(java.lang.String, java.lang.String)[pri:0, instance:com.gdi.testexecutor.TestExecutor@18be83e4]" name="testScenarios" duration-ms="4106" started-at="2018-01-15T09:58:31Z" data-provider="getScenarios" finished-at="2018-01-15T09:58:35Z">
          <params>
            <param index="0">
              <value>
                <![CDATA[UC43_CitySelection]]>
              </value>
            </param>
            <param index="1">
              <value>
                <![CDATA[Yes]]>
              </value>
            </param>
          </params>
          <reporter-output>
          </reporter-output>
        </test-method> <!-- testScenarios -->
        <test-method status="PASS" signature="testScenarios(java.lang.String, java.lang.String)[pri:0, instance:com.gdi.testexecutor.TestExecutor@18be83e4]" name="testScenarios" duration-ms="7348" started-at="2018-01-15T09:58:35Z" data-provider="getScenarios" finished-at="2018-01-15T09:58:42Z">
          <params>
            <param index="0">
              <value>
                <![CDATA[UC44_StoreSelection]]>
              </value>
            </param>
            <param index="1">
              <value>
                <![CDATA[Yes]]>
              </value>
            </param>
          </params>
          <reporter-output>
          </reporter-output>
        </test-method> <!-- testScenarios -->
        <test-method status="PASS" signature="testScenarios(java.lang.String, java.lang.String)[pri:0, instance:com.gdi.testexecutor.TestExecutor@18be83e4]" name="testScenarios" duration-ms="535" started-at="2018-01-15T09:58:42Z" data-provider="getScenarios" finished-at="2018-01-15T09:58:43Z">
          <params>
            <param index="0">
              <value>
                <![CDATA[UC45_ValidateBottomButtons]]>
              </value>
            </param>
            <param index="1">
              <value>
                <![CDATA[Yes]]>
              </value>
            </param>
          </params>
          <reporter-output>
          </reporter-output>
        </test-method> <!-- testScenarios -->
        <test-method status="PASS" signature="testScenarios(java.lang.String, java.lang.String)[pri:0, instance:com.gdi.testexecutor.TestExecutor@18be83e4]" name="testScenarios" duration-ms="10289" started-at="2018-01-15T09:58:43Z" data-provider="getScenarios" finished-at="2018-01-15T09:58:53Z">
          <params>
            <param index="0">
              <value>
                <![CDATA[UC46_MyProfile]]>
              </value>
            </param>
            <param index="1">
              <value>
                <![CDATA[Yes]]>
              </value>
            </param>
          </params>
          <reporter-output>
          </reporter-output>
        </test-method> <!-- testScenarios -->
        <test-method status="PASS" signature="testScenarios(java.lang.String, java.lang.String)[pri:0, instance:com.gdi.testexecutor.TestExecutor@18be83e4]" name="testScenarios" duration-ms="70" started-at="2018-01-15T09:58:53Z" data-provider="getScenarios" finished-at="2018-01-15T09:58:53Z">
          <params>
            <param index="0">
              <value>
                <![CDATA[UC47_OrderHistory]]>
              </value>
            </param>
            <param index="1">
              <value>
                <![CDATA[Yes]]>
              </value>
            </param>
          </params>
          <reporter-output>
          </reporter-output>
        </test-method> <!-- testScenarios -->
        <test-method status="PASS" signature="testScenarios(java.lang.String, java.lang.String)[pri:0, instance:com.gdi.testexecutor.TestExecutor@18be83e4]" name="testScenarios" duration-ms="69" started-at="2018-01-15T09:58:53Z" data-provider="getScenarios" finished-at="2018-01-15T09:58:53Z">
          <params>
            <param index="0">
              <value>
                <![CDATA[UC48_CustomerId]]>
              </value>
            </param>
            <param index="1">
              <value>
                <![CDATA[Yes]]>
              </value>
            </param>
          </params>
          <reporter-output>
          </reporter-output>
        </test-method> <!-- testScenarios -->
        <test-method status="PASS" signature="testScenarios(java.lang.String, java.lang.String)[pri:0, instance:com.gdi.testexecutor.TestExecutor@18be83e4]" name="testScenarios" duration-ms="2075" started-at="2018-01-15T09:58:53Z" data-provider="getScenarios" finished-at="2018-01-15T09:58:55Z">
          <params>
            <param index="0">
              <value>
                <![CDATA[UC49_ProfileSetting]]>
              </value>
            </param>
            <param index="1">
              <value>
                <![CDATA[Yes]]>
              </value>
            </param>
          </params>
          <reporter-output>
          </reporter-output>
        </test-method> <!-- testScenarios -->
        <test-method status="PASS" signature="testScenarios(java.lang.String, java.lang.String)[pri:0, instance:com.gdi.testexecutor.TestExecutor@18be83e4]" name="testScenarios" duration-ms="1600" started-at="2018-01-15T09:58:55Z" data-provider="getScenarios" finished-at="2018-01-15T09:58:57Z">
          <params>
            <param index="0">
              <value>
                <![CDATA[UC50_ValidateTagScanButton]]>
              </value>
            </param>
            <param index="1">
              <value>
                <![CDATA[Yes]]>
              </value>
            </param>
          </params>
          <reporter-output>
          </reporter-output>
        </test-method> <!-- testScenarios -->
        <test-method status="PASS" signature="testScenarios(java.lang.String, java.lang.String)[pri:0, instance:com.gdi.testexecutor.TestExecutor@18be83e4]" name="testScenarios" duration-ms="6732" started-at="2018-01-15T09:58:57Z" data-provider="getScenarios" finished-at="2018-01-15T09:59:04Z">
          <params>
            <param index="0">
              <value>
                <![CDATA[UC51_GetFirstName]]>
              </value>
            </param>
            <param index="1">
              <value>
                <![CDATA[Yes]]>
              </value>
            </param>
          </params>
          <reporter-output>
          </reporter-output>
        </test-method> <!-- testScenarios -->
        <test-method status="PASS" signature="testScenarios(java.lang.String, java.lang.String)[pri:0, instance:com.gdi.testexecutor.TestExecutor@18be83e4]" name="testScenarios" duration-ms="72" started-at="2018-01-15T09:59:04Z" data-provider="getScenarios" finished-at="2018-01-15T09:59:04Z">
          <params>
            <param index="0">
              <value>
                <![CDATA[UC52_GetLastName]]>
              </value>
            </param>
            <param index="1">
              <value>
                <![CDATA[Yes]]>
              </value>
            </param>
          </params>
          <reporter-output>
          </reporter-output>
        </test-method> <!-- testScenarios -->
        <test-method status="PASS" signature="testScenarios(java.lang.String, java.lang.String)[pri:0, instance:com.gdi.testexecutor.TestExecutor@18be83e4]" name="testScenarios" duration-ms="75" started-at="2018-01-15T09:59:04Z" data-provider="getScenarios" finished-at="2018-01-15T09:59:04Z">
          <params>
            <param index="0">
              <value>
                <![CDATA[UC53_GetPhoneNumber]]>
              </value>
            </param>
            <param index="1">
              <value>
                <![CDATA[Yes]]>
              </value>
            </param>
          </params>
          <reporter-output>
          </reporter-output>
        </test-method> <!-- testScenarios -->
        <test-method status="PASS" signature="testScenarios(java.lang.String, java.lang.String)[pri:0, instance:com.gdi.testexecutor.TestExecutor@18be83e4]" name="testScenarios" duration-ms="71" started-at="2018-01-15T09:59:04Z" data-provider="getScenarios" finished-at="2018-01-15T09:59:04Z">
          <params>
            <param index="0">
              <value>
                <![CDATA[UC54_ChangePasswordLink]]>
              </value>
            </param>
            <param index="1">
              <value>
                <![CDATA[Yes]]>
              </value>
            </param>
          </params>
          <reporter-output>
          </reporter-output>
        </test-method> <!-- testScenarios -->
        <test-method status="PASS" signature="testScenarios(java.lang.String, java.lang.String)[pri:0, instance:com.gdi.testexecutor.TestExecutor@18be83e4]" name="testScenarios" duration-ms="4044" started-at="2018-01-15T09:59:04Z" data-provider="getScenarios" finished-at="2018-01-15T09:59:08Z">
          <params>
            <param index="0">
              <value>
                <![CDATA[UC55_BirthdayEdit]]>
              </value>
            </param>
            <param index="1">
              <value>
                <![CDATA[Yes]]>
              </value>
            </param>
          </params>
          <reporter-output>
          </reporter-output>
        </test-method> <!-- testScenarios -->
        <test-method status="PASS" signature="testScenarios(java.lang.String, java.lang.String)[pri:0, instance:com.gdi.testexecutor.TestExecutor@18be83e4]" name="testScenarios" duration-ms="6764" started-at="2018-01-15T09:59:08Z" data-provider="getScenarios" finished-at="2018-01-15T09:59:15Z">
          <params>
            <param index="0">
              <value>
                <![CDATA[UC56_EditAddressButton]]>
              </value>
            </param>
            <param index="1">
              <value>
                <![CDATA[Yes]]>
              </value>
            </param>
          </params>
          <reporter-output>
          </reporter-output>
        </test-method> <!-- testScenarios -->
        <test-method status="PASS" signature="testScenarios(java.lang.String, java.lang.String)[pri:0, instance:com.gdi.testexecutor.TestExecutor@18be83e4]" name="testScenarios" duration-ms="4319" started-at="2018-01-15T09:59:15Z" data-provider="getScenarios" finished-at="2018-01-15T09:59:19Z">
          <params>
            <param index="0">
              <value>
                <![CDATA[UC57_RemoveAddressButton]]>
              </value>
            </param>
            <param index="1">
              <value>
                <![CDATA[Yes]]>
              </value>
            </param>
          </params>
          <reporter-output>
          </reporter-output>
        </test-method> <!-- testScenarios -->
        <test-method status="PASS" signature="testScenarios(java.lang.String, java.lang.String)[pri:0, instance:com.gdi.testexecutor.TestExecutor@18be83e4]" name="testScenarios" duration-ms="8829" started-at="2018-01-15T09:59:19Z" data-provider="getScenarios" finished-at="2018-01-15T09:59:28Z">
          <params>
            <param index="0">
              <value>
                <![CDATA[UC58_AddNewAddress]]>
              </value>
            </param>
            <param index="1">
              <value>
                <![CDATA[Yes]]>
              </value>
            </param>
          </params>
          <reporter-output>
          </reporter-output>
        </test-method> <!-- testScenarios -->
        <test-method status="PASS" signature="testScenarios(java.lang.String, java.lang.String)[pri:0, instance:com.gdi.testexecutor.TestExecutor@18be83e4]" name="testScenarios" duration-ms="4698" started-at="2018-01-15T09:59:28Z" data-provider="getScenarios" finished-at="2018-01-15T09:59:33Z">
          <params>
            <param index="0">
              <value>
                <![CDATA[UC59_LanguagePreferences]]>
              </value>
            </param>
            <param index="1">
              <value>
                <![CDATA[Yes]]>
              </value>
            </param>
          </params>
          <reporter-output>
          </reporter-output>
        </test-method> <!-- testScenarios -->
        <test-method status="PASS" signature="testScenarios(java.lang.String, java.lang.String)[pri:0, instance:com.gdi.testexecutor.TestExecutor@18be83e4]" name="testScenarios" duration-ms="6533" started-at="2018-01-15T09:59:33Z" data-provider="getScenarios" finished-at="2018-01-15T09:59:39Z">
          <params>
            <param index="0">
              <value>
                <![CDATA[UC60_UpdateProfileButton]]>
              </value>
            </param>
            <param index="1">
              <value>
                <![CDATA[Yes]]>
              </value>
            </param>
          </params>
          <reporter-output>
          </reporter-output>
        </test-method> <!-- testScenarios -->
        <test-method status="PASS" signature="testScenarios(java.lang.String, java.lang.String)[pri:0, instance:com.gdi.testexecutor.TestExecutor@18be83e4]" name="testScenarios" duration-ms="31460" started-at="2018-01-15T09:59:39Z" data-provider="getScenarios" finished-at="2018-01-15T10:00:11Z">
          <params>
            <param index="0">
              <value>
                <![CDATA[UC63_OfferSorryMessage]]>
              </value>
            </param>
            <param index="1">
              <value>
                <![CDATA[Yes]]>
              </value>
            </param>
          </params>
          <reporter-output>
          </reporter-output>
        </test-method> <!-- testScenarios -->
        <test-method status="FAIL" signature="testScenarios(java.lang.String, java.lang.String)[pri:0, instance:com.gdi.testexecutor.TestExecutor@18be83e4]" name="testScenarios" duration-ms="45" started-at="2018-01-15T10:00:11Z" data-provider="getScenarios" finished-at="2018-01-15T10:00:11Z">
          <params>
            <param index="0">
              <value>
                <![CDATA[UC64_OfferStartShoppingButton]]>
              </value>
            </param>
            <param index="1">
              <value>
                <![CDATA[Yes]]>
              </value>
            </param>
          </params>
          <exception class="org.openqa.selenium.NoSuchElementException">
            <message>
              <![CDATA[An element could not be located on the page using the given search parameters. (WARNING: The server did not provide any stacktrace information)
Command duration or timeout: 40 milliseconds
For documentation on this error, please visit: http://seleniumhq.org/exceptions/no_such_element.html
Build info: version: '2.53.0', revision: '35ae25b', time: '2016-03-15 17:00:58'
System info: host: 'DivyaT.local', ip: '192.168.3.171', os.name: 'Mac OS X', os.arch: 'x86_64', os.version: '10.12.6', java.version: '1.8.0_101'
Driver info: io.appium.java_client.android.AndroidDriver
Capabilities [{app=/Users/testuser/Downloads/app-v141-garage-ca-internal_qa.apk, platformVersion=7.1.2, automationName=uiautomator2, platformName=Android, deviceName=Redmi, platform=ANY, systemPort=1314}]
Session ID: 4ad49834-aeb0-4e40-936a-fe1681c35c32
*** Element info: {Using=accessibility id, value=start_shopping}]]>
            </message>
            <full-stacktrace>
              <![CDATA[org.openqa.selenium.NoSuchElementException: An element could not be located on the page using the given search parameters. (WARNING: The server did not provide any stacktrace information)
Command duration or timeout: 40 milliseconds
For documentation on this error, please visit: http://seleniumhq.org/exceptions/no_such_element.html
Build info: version: '2.53.0', revision: '35ae25b', time: '2016-03-15 17:00:58'
System info: host: 'DivyaT.local', ip: '192.168.3.171', os.name: 'Mac OS X', os.arch: 'x86_64', os.version: '10.12.6', java.version: '1.8.0_101'
Driver info: io.appium.java_client.android.AndroidDriver
Capabilities [{app=/Users/testuser/Downloads/app-v141-garage-ca-internal_qa.apk, platformVersion=7.1.2, automationName=uiautomator2, platformName=Android, deviceName=Redmi, platform=ANY, systemPort=1314}]
Session ID: 4ad49834-aeb0-4e40-936a-fe1681c35c32
*** Element info: {Using=accessibility id, value=start_shopping}
	at sun.reflect.GeneratedConstructorAccessor45.newInstance(Unknown Source)
	at sun.reflect.DelegatingConstructorAccessorImpl.newInstance(DelegatingConstructorAccessorImpl.java:45)
	at java.lang.reflect.Constructor.newInstance(Constructor.java:423)
	at org.openqa.selenium.remote.ErrorHandler.createThrowable(ErrorHandler.java:206)
	at org.openqa.selenium.remote.ErrorHandler.throwIfResponseFailed(ErrorHandler.java:158)
	at org.openqa.selenium.remote.RemoteWebDriver.execute(RemoteWebDriver.java:678)
	at io.appium.java_client.AppiumDriver.execute(AppiumDriver.java:180)
	at org.openqa.selenium.remote.RemoteWebDriver.findElement(RemoteWebDriver.java:363)
	at io.appium.java_client.AppiumDriver.findElementByAccessibilityId(AppiumDriver.java:587)
	at com.gdi.locators.OfferPageLocators.startShoppingButton(OfferPageLocators.java:16)
	at com.gdi.testscenarios.UC64_OfferStartShoppingButton.offerStartShoppingButton(UC64_OfferStartShoppingButton.java:22)
	at com.gdi.testscenarios.UC64_OfferStartShoppingButton.<init>(UC64_OfferStartShoppingButton.java:17)
	at com.gdi.testscenarios.TestScenarioMapper.executeFunction(TestScenarioMapper.java:276)
	at com.gdi.testexecutor.TestExecutor.testScenarios(TestExecutor.java:129)
	at sun.reflect.GeneratedMethodAccessor2.invoke(Unknown Source)
	at sun.reflect.DelegatingMethodAccessorImpl.invoke(DelegatingMethodAccessorImpl.java:43)
	at java.lang.reflect.Method.invoke(Method.java:498)
	at org.testng.internal.MethodInvocationHelper.invokeMethod(MethodInvocationHelper.java:85)
	at org.testng.internal.Invoker.invokeMethod(Invoker.java:639)
	at org.testng.internal.Invoker.invokeTestMethod(Invoker.java:816)
	at org.testng.internal.Invoker.invokeTestMethods(Invoker.java:1124)
	at org.testng.internal.TestMethodWorker.invokeTestMethods(TestMethodWorker.java:125)
	at org.testng.internal.TestMethodWorker.run(TestMethodWorker.java:108)
	at org.testng.TestRunner.privateRun(TestRunner.java:774)
	at org.testng.TestRunner.run(TestRunner.java:624)
	at org.testng.SuiteRunner.runTest(SuiteRunner.java:359)
	at org.testng.SuiteRunner.runSequentially(SuiteRunner.java:354)
	at org.testng.SuiteRunner.privateRun(SuiteRunner.java:312)
	at org.testng.SuiteRunner.run(SuiteRunner.java:261)
	at org.testng.SuiteRunnerWorker.runSuite(SuiteRunnerWorker.java:52)
	at org.testng.SuiteRunnerWorker.run(SuiteRunnerWorker.java:86)
	at org.testng.TestNG.runSuitesSequentially(TestNG.java:1215)
	at org.testng.TestNG.runSuitesLocally(TestNG.java:1140)
	at org.testng.TestNG.run(TestNG.java:1048)
	at org.testng.remote.AbstractRemoteTestNG.run(AbstractRemoteTestNG.java:132)
	at org.testng.remote.RemoteTestNG.initAndRun(RemoteTestNG.java:236)
	at org.testng.remote.RemoteTestNG.main(RemoteTestNG.java:81)
]]>
            </full-stacktrace>
          </exception> <!-- org.openqa.selenium.NoSuchElementException -->
          <reporter-output>
          </reporter-output>
        </test-method> <!-- testScenarios -->
        <test-method status="PASS" signature="testScenarios(java.lang.String, java.lang.String)[pri:0, instance:com.gdi.testexecutor.TestExecutor@18be83e4]" name="testScenarios" duration-ms="3395" started-at="2018-01-15T10:00:11Z" data-provider="getScenarios" finished-at="2018-01-15T10:00:14Z">
          <params>
            <param index="0">
              <value>
                <![CDATA[UC65_MyStudioTitle]]>
              </value>
            </param>
            <param index="1">
              <value>
                <![CDATA[Yes]]>
              </value>
            </param>
          </params>
          <reporter-output>
          </reporter-output>
        </test-method> <!-- testScenarios -->
        <test-method status="PASS" signature="testScenarios(java.lang.String, java.lang.String)[pri:0, instance:com.gdi.testexecutor.TestExecutor@18be83e4]" name="testScenarios" duration-ms="3762" started-at="2018-01-15T10:00:14Z" data-provider="getScenarios" finished-at="2018-01-15T10:00:18Z">
          <params>
            <param index="0">
              <value>
                <![CDATA[UC66_StudioInfoHeader]]>
              </value>
            </param>
            <param index="1">
              <value>
                <![CDATA[Yes]]>
              </value>
            </param>
          </params>
          <reporter-output>
          </reporter-output>
        </test-method> <!-- testScenarios -->
        <test-method status="PASS" signature="testScenarios(java.lang.String, java.lang.String)[pri:0, instance:com.gdi.testexecutor.TestExecutor@18be83e4]" name="testScenarios" duration-ms="339" started-at="2018-01-15T10:00:18Z" data-provider="getScenarios" finished-at="2018-01-15T10:00:18Z">
          <params>
            <param index="0">
              <value>
                <![CDATA[UC67_LocalizationHeader]]>
              </value>
            </param>
            <param index="1">
              <value>
                <![CDATA[Yes]]>
              </value>
            </param>
          </params>
          <reporter-output>
          </reporter-output>
        </test-method> <!-- testScenarios -->
        <test-method status="PASS" signature="testScenarios(java.lang.String, java.lang.String)[pri:0, instance:com.gdi.testexecutor.TestExecutor@18be83e4]" name="testScenarios" duration-ms="25263" started-at="2018-01-15T10:00:18Z" data-provider="getScenarios" finished-at="2018-01-15T10:00:43Z">
          <params>
            <param index="0">
              <value>
                <![CDATA[UC68_SlideBetweenBadges]]>
              </value>
            </param>
            <param index="1">
              <value>
                <![CDATA[Yes]]>
              </value>
            </param>
          </params>
          <reporter-output>
          </reporter-output>
        </test-method> <!-- testScenarios -->
        <test-method status="PASS" signature="testScenarios(java.lang.String, java.lang.String)[pri:0, instance:com.gdi.testexecutor.TestExecutor@18be83e4]" name="testScenarios" duration-ms="3631" started-at="2018-01-15T10:00:43Z" data-provider="getScenarios" finished-at="2018-01-15T10:00:47Z">
          <params>
            <param index="0">
              <value>
                <![CDATA[UC69_SeeRewardsLink]]>
              </value>
            </param>
            <param index="1">
              <value>
                <![CDATA[Yes]]>
              </value>
            </param>
          </params>
          <reporter-output>
          </reporter-output>
        </test-method> <!-- testScenarios -->
        <test-method status="PASS" signature="testScenarios(java.lang.String, java.lang.String)[pri:0, instance:com.gdi.testexecutor.TestExecutor@18be83e4]" name="testScenarios" duration-ms="2159" started-at="2018-01-15T10:00:47Z" data-provider="getScenarios" finished-at="2018-01-15T10:00:49Z">
          <params>
            <param index="0">
              <value>
                <![CDATA[UC70_RewardsAndBenifitsTitle]]>
              </value>
            </param>
            <param index="1">
              <value>
                <![CDATA[Yes]]>
              </value>
            </param>
          </params>
          <reporter-output>
          </reporter-output>
        </test-method> <!-- testScenarios -->
        <test-method status="PASS" signature="testScenarios(java.lang.String, java.lang.String)[pri:0, instance:com.gdi.testexecutor.TestExecutor@18be83e4]" name="testScenarios" duration-ms="3080" started-at="2018-01-15T10:00:49Z" data-provider="getScenarios" finished-at="2018-01-15T10:00:52Z">
          <params>
            <param index="0">
              <value>
                <![CDATA[UC71_BaseBenifits]]>
              </value>
            </param>
            <param index="1">
              <value>
                <![CDATA[Yes]]>
              </value>
            </param>
          </params>
          <reporter-output>
          </reporter-output>
        </test-method> <!-- testScenarios -->
        <test-method status="PASS" signature="testScenarios(java.lang.String, java.lang.String)[pri:0, instance:com.gdi.testexecutor.TestExecutor@18be83e4]" name="testScenarios" duration-ms="3160" started-at="2018-01-15T10:00:52Z" data-provider="getScenarios" finished-at="2018-01-15T10:00:55Z">
          <params>
            <param index="0">
              <value>
                <![CDATA[UC72_VIPBenifits]]>
              </value>
            </param>
            <param index="1">
              <value>
                <![CDATA[Yes]]>
              </value>
            </param>
          </params>
          <reporter-output>
          </reporter-output>
        </test-method> <!-- testScenarios -->
        <test-method status="PASS" signature="testScenarios(java.lang.String, java.lang.String)[pri:0, instance:com.gdi.testexecutor.TestExecutor@18be83e4]" name="testScenarios" duration-ms="16910" started-at="2018-01-15T10:00:55Z" data-provider="getScenarios" finished-at="2018-01-15T10:01:12Z">
          <params>
            <param index="0">
              <value>
                <![CDATA[UC73_KeepProductInWishlist]]>
              </value>
            </param>
            <param index="1">
              <value>
                <![CDATA[Yes]]>
              </value>
            </param>
          </params>
          <reporter-output>
          </reporter-output>
        </test-method> <!-- testScenarios -->
        <test-method status="PASS" signature="testScenarios(java.lang.String, java.lang.String)[pri:0, instance:com.gdi.testexecutor.TestExecutor@18be83e4]" name="testScenarios" duration-ms="3212" started-at="2018-01-15T10:01:12Z" data-provider="getScenarios" finished-at="2018-01-15T10:01:15Z">
          <params>
            <param index="0">
              <value>
                <![CDATA[UC74_AddProductToBagFromWishlist]]>
              </value>
            </param>
            <param index="1">
              <value>
                <![CDATA[Yes]]>
              </value>
            </param>
          </params>
          <reporter-output>
          </reporter-output>
        </test-method> <!-- testScenarios -->
        <test-method status="PASS" signature="testScenarios(java.lang.String, java.lang.String)[pri:0, instance:com.gdi.testexecutor.TestExecutor@18be83e4]" name="testScenarios" duration-ms="24153" started-at="2018-01-15T10:01:15Z" data-provider="getScenarios" finished-at="2018-01-15T10:01:40Z">
          <params>
            <param index="0">
              <value>
                <![CDATA[UC75_RemoveProductFromCart]]>
              </value>
            </param>
            <param index="1">
              <value>
                <![CDATA[Yes]]>
              </value>
            </param>
          </params>
          <reporter-output>
          </reporter-output>
        </test-method> <!-- testScenarios -->
        <test-method status="PASS" signature="endFrameWork()[pri:0, instance:com.gdi.testexecutor.TestExecutor@18be83e4]" name="endFrameWork" is-config="true" duration-ms="529" started-at="2018-01-15T10:01:40Z" finished-at="2018-01-15T10:01:40Z">
          <reporter-output>
          </reporter-output>
        </test-method> <!-- endFrameWork -->
      </class> <!-- com.gdi.testexecutor.TestExecutor -->
    </test> <!-- Default test -->
  </suite> <!-- Default suite -->
</testng-results>
