<?xml version="1.0" encoding="UTF-8"?>
<!-- Generated by org.testng.reporters.JUnitReportReporter -->
<testsuite hostname="DivyaT.local" name="com.gdi.testexecutor.TestExecutor" tests="72" failures="0" timestamp="15 Jan 2018 04:31:40 GMT" time="1016.560" errors="11">
  <testcase name="testScenarios" time="34.693" classname="com.gdi.testexecutor.TestExecutor"/>
  <testcase name="testScenarios" time="3.395" classname="com.gdi.testexecutor.TestExecutor"/>
  <testcase name="testScenarios" time="10.351" classname="com.gdi.testexecutor.TestExecutor"/>
  <testcase name="testScenarios" time="34.158" classname="com.gdi.testexecutor.TestExecutor"/>
  <testcase name="testScenarios" time="0.070" classname="com.gdi.testexecutor.TestExecutor"/>
  <testcase name="testScenarios" time="1.081" classname="com.gdi.testexecutor.TestExecutor">
    <error type="org.openqa.selenium.NoSuchElementException" message="An element could not be located on the page using the given search parameters. (WARNING: The server did not provide any stacktrace information)
Command duration or timeout: 78 milliseconds
For documentation on this error, please visit: http://seleniumhq.org/exceptions/no_such_element.html
Build info: version: &#039;2.53.0&#039;, revision: &#039;35ae25b&#039;, time: &#039;2016-03-15 17:00:58&#039;
System info: host: &#039;DivyaT.local&#039;, ip: &#039;192.168.3.171&#039;, os.name: &#039;Mac OS X&#039;, os.arch: &#039;x86_64&#039;, os.version: &#039;10.12.6&#039;, java.version: &#039;1.8.0_101&#039;
Driver info: io.appium.java_client.android.AndroidDriver
Capabilities [{app=/Users/testuser/Downloads/app-v141-garage-ca-internal_qa.apk, platformVersion=7.1.2, automationName=uiautomator2, platformName=Android, deviceName=Redmi, platform=ANY, systemPort=1314}]
Session ID: 4ad49834-aeb0-4e40-936a-fe1681c35c32
*** Element info: {Using=accessibility id, value=cart_checkout}">
      <![CDATA[org.openqa.selenium.NoSuchElementException: An element could not be located on the page using the given search parameters. (WARNING: The server did not provide any stacktrace information)
Command duration or timeout: 78 milliseconds
For documentation on this error, please visit: http://seleniumhq.org/exceptions/no_such_element.html
Build info: version: '2.53.0', revision: '35ae25b', time: '2016-03-15 17:00:58'
System info: host: 'DivyaT.local', ip: '192.168.3.171', os.name: 'Mac OS X', os.arch: 'x86_64', os.version: '10.12.6', java.version: '1.8.0_101'
Driver info: io.appium.java_client.android.AndroidDriver
Capabilities [{app=/Users/testuser/Downloads/app-v141-garage-ca-internal_qa.apk, platformVersion=7.1.2, automationName=uiautomator2, platformName=Android, deviceName=Redmi, platform=ANY, systemPort=1314}]
Session ID: 4ad49834-aeb0-4e40-936a-fe1681c35c32
*** Element info: {Using=accessibility id, value=cart_checkout}
	at sun.reflect.GeneratedConstructorAccessor45.newInstance(Unknown Source)
	at sun.reflect.DelegatingConstructorAccessorImpl.newInstance(DelegatingConstructorAccessorImpl.java:45)
	at java.lang.reflect.Constructor.newInstance(Constructor.java:423)
	at org.openqa.selenium.remote.ErrorHandler.createThrowable(ErrorHandler.java:206)
	at org.openqa.selenium.remote.ErrorHandler.throwIfResponseFailed(ErrorHandler.java:158)
	at org.openqa.selenium.remote.RemoteWebDriver.execute(RemoteWebDriver.java:678)
	at io.appium.java_client.AppiumDriver.execute(AppiumDriver.java:180)
	at org.openqa.selenium.remote.RemoteWebDriver.findElement(RemoteWebDriver.java:363)
	at io.appium.java_client.AppiumDriver.findElementByAccessibilityId(AppiumDriver.java:587)
	at com.gdi.locators.CartLocators.placeYourOrderButton(CartLocators.java:90)
	at com.gdi.testscenarios.UC40_CheckOutWithGC.checkOutWithGC(UC40_CheckOutWithGC.java:23)
	at com.gdi.testscenarios.UC40_CheckOutWithGC.<init>(UC40_CheckOutWithGC.java:17)
	at com.gdi.testscenarios.TestScenarioMapper.executeFunction(TestScenarioMapper.java:165)
	at com.gdi.testexecutor.TestExecutor.testScenarios(TestExecutor.java:129)
	at sun.reflect.GeneratedMethodAccessor2.invoke(Unknown Source)
	at sun.reflect.DelegatingMethodAccessorImpl.invoke(DelegatingMethodAccessorImpl.java:43)
	at java.lang.reflect.Method.invoke(Method.java:498)
	at org.testng.internal.MethodInvocationHelper.invokeMethod(MethodInvocationHelper.java:85)
	at org.testng.internal.Invoker.invokeMethod(Invoker.java:639)
	at org.testng.internal.Invoker.invokeTestMethod(Invoker.java:816)
	at org.testng.internal.Invoker.invokeTestMethods(Invoker.java:1124)
	at org.testng.internal.TestMethodWorker.invokeTestMethods(TestMethodWorker.java:125)
	at org.testng.internal.TestMethodWorker.run(TestMethodWorker.java:108)
	at org.testng.TestRunner.privateRun(TestRunner.java:774)
	at org.testng.TestRunner.run(TestRunner.java:624)
	at org.testng.SuiteRunner.runTest(SuiteRunner.java:359)
	at org.testng.SuiteRunner.runSequentially(SuiteRunner.java:354)
	at org.testng.SuiteRunner.privateRun(SuiteRunner.java:312)
	at org.testng.SuiteRunner.run(SuiteRunner.java:261)
	at org.testng.SuiteRunnerWorker.runSuite(SuiteRunnerWorker.java:52)
	at org.testng.SuiteRunnerWorker.run(SuiteRunnerWorker.java:86)
	at org.testng.TestNG.runSuitesSequentially(TestNG.java:1215)
	at org.testng.TestNG.runSuitesLocally(TestNG.java:1140)
	at org.testng.TestNG.run(TestNG.java:1048)
	at org.testng.remote.AbstractRemoteTestNG.run(AbstractRemoteTestNG.java:132)
	at org.testng.remote.RemoteTestNG.initAndRun(RemoteTestNG.java:236)
	at org.testng.remote.RemoteTestNG.main(RemoteTestNG.java:81)
]]>
    </error>
  </testcase> <!-- testScenarios -->
  <testcase name="testScenarios" time="10.289" classname="com.gdi.testexecutor.TestExecutor"/>
  <testcase name="testScenarios" time="86.898" classname="com.gdi.testexecutor.TestExecutor"/>
  <testcase name="testScenarios" time="4.044" classname="com.gdi.testexecutor.TestExecutor"/>
  <testcase name="testScenarios" time="45.617" classname="com.gdi.testexecutor.TestExecutor"/>
  <testcase name="testScenarios" time="6.764" classname="com.gdi.testexecutor.TestExecutor"/>
  <testcase name="testScenarios" time="3.762" classname="com.gdi.testexecutor.TestExecutor"/>
  <testcase name="testScenarios" time="3.080" classname="com.gdi.testexecutor.TestExecutor"/>
  <testcase name="testScenarios" time="16.910" classname="com.gdi.testexecutor.TestExecutor"/>
  <testcase name="testScenarios" time="0.143" classname="com.gdi.testexecutor.TestExecutor"/>
  <testcase name="testScenarios" time="0.071" classname="com.gdi.testexecutor.TestExecutor"/>
  <testcase name="testScenarios" time="0.210" classname="com.gdi.testexecutor.TestExecutor"/>
  <testcase name="testScenarios" time="10.275" classname="com.gdi.testexecutor.TestExecutor"/>
  <testcase name="testScenarios" time="3.160" classname="com.gdi.testexecutor.TestExecutor"/>
  <testcase name="testScenarios" time="7.348" classname="com.gdi.testexecutor.TestExecutor"/>
  <testcase name="testScenarios" time="0.535" classname="com.gdi.testexecutor.TestExecutor"/>
  <testcase name="testScenarios" time="48.545" classname="com.gdi.testexecutor.TestExecutor"/>
  <testcase name="testScenarios" time="2.075" classname="com.gdi.testexecutor.TestExecutor"/>
  <testcase name="testScenarios" time="0.045" classname="com.gdi.testexecutor.TestExecutor">
    <error type="org.openqa.selenium.NoSuchElementException" message="An element could not be located on the page using the given search parameters. (WARNING: The server did not provide any stacktrace information)
Command duration or timeout: 40 milliseconds
For documentation on this error, please visit: http://seleniumhq.org/exceptions/no_such_element.html
Build info: version: &#039;2.53.0&#039;, revision: &#039;35ae25b&#039;, time: &#039;2016-03-15 17:00:58&#039;
System info: host: &#039;DivyaT.local&#039;, ip: &#039;192.168.3.171&#039;, os.name: &#039;Mac OS X&#039;, os.arch: &#039;x86_64&#039;, os.version: &#039;10.12.6&#039;, java.version: &#039;1.8.0_101&#039;
Driver info: io.appium.java_client.android.AndroidDriver
Capabilities [{app=/Users/testuser/Downloads/app-v141-garage-ca-internal_qa.apk, platformVersion=7.1.2, automationName=uiautomator2, platformName=Android, deviceName=Redmi, platform=ANY, systemPort=1314}]
Session ID: 4ad49834-aeb0-4e40-936a-fe1681c35c32
*** Element info: {Using=accessibility id, value=start_shopping}">
      <![CDATA[org.openqa.selenium.NoSuchElementException: An element could not be located on the page using the given search parameters. (WARNING: The server did not provide any stacktrace information)
Command duration or timeout: 40 milliseconds
For documentation on this error, please visit: http://seleniumhq.org/exceptions/no_such_element.html
Build info: version: '2.53.0', revision: '35ae25b', time: '2016-03-15 17:00:58'
System info: host: 'DivyaT.local', ip: '192.168.3.171', os.name: 'Mac OS X', os.arch: 'x86_64', os.version: '10.12.6', java.version: '1.8.0_101'
Driver info: io.appium.java_client.android.AndroidDriver
Capabilities [{app=/Users/testuser/Downloads/app-v141-garage-ca-internal_qa.apk, platformVersion=7.1.2, automationName=uiautomator2, platformName=Android, deviceName=Redmi, platform=ANY, systemPort=1314}]
Session ID: 4ad49834-aeb0-4e40-936a-fe1681c35c32
*** Element info: {Using=accessibility id, value=start_shopping}
	at sun.reflect.GeneratedConstructorAccessor45.newInstance(Unknown Source)
	at sun.reflect.DelegatingConstructorAccessorImpl.newInstance(DelegatingConstructorAccessorImpl.java:45)
	at java.lang.reflect.Constructor.newInstance(Constructor.java:423)
	at org.openqa.selenium.remote.ErrorHandler.createThrowable(ErrorHandler.java:206)
	at org.openqa.selenium.remote.ErrorHandler.throwIfResponseFailed(ErrorHandler.java:158)
	at org.openqa.selenium.remote.RemoteWebDriver.execute(RemoteWebDriver.java:678)
	at io.appium.java_client.AppiumDriver.execute(AppiumDriver.java:180)
	at org.openqa.selenium.remote.RemoteWebDriver.findElement(RemoteWebDriver.java:363)
	at io.appium.java_client.AppiumDriver.findElementByAccessibilityId(AppiumDriver.java:587)
	at com.gdi.locators.OfferPageLocators.startShoppingButton(OfferPageLocators.java:16)
	at com.gdi.testscenarios.UC64_OfferStartShoppingButton.offerStartShoppingButton(UC64_OfferStartShoppingButton.java:22)
	at com.gdi.testscenarios.UC64_OfferStartShoppingButton.<init>(UC64_OfferStartShoppingButton.java:17)
	at com.gdi.testscenarios.TestScenarioMapper.executeFunction(TestScenarioMapper.java:276)
	at com.gdi.testexecutor.TestExecutor.testScenarios(TestExecutor.java:129)
	at sun.reflect.GeneratedMethodAccessor2.invoke(Unknown Source)
	at sun.reflect.DelegatingMethodAccessorImpl.invoke(DelegatingMethodAccessorImpl.java:43)
	at java.lang.reflect.Method.invoke(Method.java:498)
	at org.testng.internal.MethodInvocationHelper.invokeMethod(MethodInvocationHelper.java:85)
	at org.testng.internal.Invoker.invokeMethod(Invoker.java:639)
	at org.testng.internal.Invoker.invokeTestMethod(Invoker.java:816)
	at org.testng.internal.Invoker.invokeTestMethods(Invoker.java:1124)
	at org.testng.internal.TestMethodWorker.invokeTestMethods(TestMethodWorker.java:125)
	at org.testng.internal.TestMethodWorker.run(TestMethodWorker.java:108)
	at org.testng.TestRunner.privateRun(TestRunner.java:774)
	at org.testng.TestRunner.run(TestRunner.java:624)
	at org.testng.SuiteRunner.runTest(SuiteRunner.java:359)
	at org.testng.SuiteRunner.runSequentially(SuiteRunner.java:354)
	at org.testng.SuiteRunner.privateRun(SuiteRunner.java:312)
	at org.testng.SuiteRunner.run(SuiteRunner.java:261)
	at org.testng.SuiteRunnerWorker.runSuite(SuiteRunnerWorker.java:52)
	at org.testng.SuiteRunnerWorker.run(SuiteRunnerWorker.java:86)
	at org.testng.TestNG.runSuitesSequentially(TestNG.java:1215)
	at org.testng.TestNG.runSuitesLocally(TestNG.java:1140)
	at org.testng.TestNG.run(TestNG.java:1048)
	at org.testng.remote.AbstractRemoteTestNG.run(AbstractRemoteTestNG.java:132)
	at org.testng.remote.RemoteTestNG.initAndRun(RemoteTestNG.java:236)
	at org.testng.remote.RemoteTestNG.main(RemoteTestNG.java:81)
]]>
    </error>
  </testcase> <!-- testScenarios -->
  <testcase name="testScenarios" time="0.168" classname="com.gdi.testexecutor.TestExecutor"/>
  <testcase name="testScenarios" time="38.888" classname="com.gdi.testexecutor.TestExecutor"/>
  <testcase name="testScenarios" time="3.876" classname="com.gdi.testexecutor.TestExecutor"/>
  <testcase name="testScenarios" time="14.520" classname="com.gdi.testexecutor.TestExecutor"/>
  <testcase name="testScenarios" time="3.631" classname="com.gdi.testexecutor.TestExecutor"/>
  <testcase name="testScenarios" time="1.600" classname="com.gdi.testexecutor.TestExecutor"/>
  <testcase name="testScenarios" time="31.866" classname="com.gdi.testexecutor.TestExecutor"/>
  <testcase name="testScenarios" time="6.732" classname="com.gdi.testexecutor.TestExecutor"/>
  <testcase name="testScenarios" time="7.028" classname="com.gdi.testexecutor.TestExecutor"/>
  <testcase name="testScenarios" time="0.069" classname="com.gdi.testexecutor.TestExecutor"/>
  <testcase name="testScenarios" time="0.072" classname="com.gdi.testexecutor.TestExecutor"/>
  <testcase name="testScenarios" time="4.698" classname="com.gdi.testexecutor.TestExecutor"/>
  <testcase name="testScenarios" time="0.339" classname="com.gdi.testexecutor.TestExecutor"/>
  <testcase name="testScenarios" time="2.689" classname="com.gdi.testexecutor.TestExecutor">
    <error type="org.openqa.selenium.NoSuchElementException" message="An element could not be located on the page using the given search parameters. (WARNING: The server did not provide any stacktrace information)
Command duration or timeout: 93 milliseconds
For documentation on this error, please visit: http://seleniumhq.org/exceptions/no_such_element.html
Build info: version: &#039;2.53.0&#039;, revision: &#039;35ae25b&#039;, time: &#039;2016-03-15 17:00:58&#039;
System info: host: &#039;DivyaT.local&#039;, ip: &#039;192.168.3.171&#039;, os.name: &#039;Mac OS X&#039;, os.arch: &#039;x86_64&#039;, os.version: &#039;10.12.6&#039;, java.version: &#039;1.8.0_101&#039;
Driver info: io.appium.java_client.android.AndroidDriver
Capabilities [{app=/Users/testuser/Downloads/app-v141-garage-ca-internal_qa.apk, platformVersion=7.1.2, automationName=uiautomator2, platformName=Android, deviceName=Redmi, platform=ANY, systemPort=1314}]
Session ID: 4ad49834-aeb0-4e40-936a-fe1681c35c32
*** Element info: {Using=accessibility id, value=faq}">
      <![CDATA[org.openqa.selenium.NoSuchElementException: An element could not be located on the page using the given search parameters. (WARNING: The server did not provide any stacktrace information)
Command duration or timeout: 93 milliseconds
For documentation on this error, please visit: http://seleniumhq.org/exceptions/no_such_element.html
Build info: version: '2.53.0', revision: '35ae25b', time: '2016-03-15 17:00:58'
System info: host: 'DivyaT.local', ip: '192.168.3.171', os.name: 'Mac OS X', os.arch: 'x86_64', os.version: '10.12.6', java.version: '1.8.0_101'
Driver info: io.appium.java_client.android.AndroidDriver
Capabilities [{app=/Users/testuser/Downloads/app-v141-garage-ca-internal_qa.apk, platformVersion=7.1.2, automationName=uiautomator2, platformName=Android, deviceName=Redmi, platform=ANY, systemPort=1314}]
Session ID: 4ad49834-aeb0-4e40-936a-fe1681c35c32
*** Element info: {Using=accessibility id, value=faq}
	at sun.reflect.GeneratedConstructorAccessor45.newInstance(Unknown Source)
	at sun.reflect.DelegatingConstructorAccessorImpl.newInstance(DelegatingConstructorAccessorImpl.java:45)
	at java.lang.reflect.Constructor.newInstance(Constructor.java:423)
	at org.openqa.selenium.remote.ErrorHandler.createThrowable(ErrorHandler.java:206)
	at org.openqa.selenium.remote.ErrorHandler.throwIfResponseFailed(ErrorHandler.java:158)
	at org.openqa.selenium.remote.RemoteWebDriver.execute(RemoteWebDriver.java:678)
	at io.appium.java_client.AppiumDriver.execute(AppiumDriver.java:180)
	at org.openqa.selenium.remote.RemoteWebDriver.findElement(RemoteWebDriver.java:363)
	at io.appium.java_client.AppiumDriver.findElementByAccessibilityId(AppiumDriver.java:587)
	at com.gdi.locators.HomePageLocators.faq(HomePageLocators.java:142)
	at com.gdi.testscenarios.UC17_FaqTermsPrivacyLinks.faqTermsPrivacyLinks(UC17_FaqTermsPrivacyLinks.java:25)
	at com.gdi.testscenarios.UC17_FaqTermsPrivacyLinks.<init>(UC17_FaqTermsPrivacyLinks.java:17)
	at com.gdi.testscenarios.TestScenarioMapper.executeFunction(TestScenarioMapper.java:76)
	at com.gdi.testexecutor.TestExecutor.testScenarios(TestExecutor.java:129)
	at sun.reflect.GeneratedMethodAccessor2.invoke(Unknown Source)
	at sun.reflect.DelegatingMethodAccessorImpl.invoke(DelegatingMethodAccessorImpl.java:43)
	at java.lang.reflect.Method.invoke(Method.java:498)
	at org.testng.internal.MethodInvocationHelper.invokeMethod(MethodInvocationHelper.java:85)
	at org.testng.internal.Invoker.invokeMethod(Invoker.java:639)
	at org.testng.internal.Invoker.invokeTestMethod(Invoker.java:816)
	at org.testng.internal.Invoker.invokeTestMethods(Invoker.java:1124)
	at org.testng.internal.TestMethodWorker.invokeTestMethods(TestMethodWorker.java:125)
	at org.testng.internal.TestMethodWorker.run(TestMethodWorker.java:108)
	at org.testng.TestRunner.privateRun(TestRunner.java:774)
	at org.testng.TestRunner.run(TestRunner.java:624)
	at org.testng.SuiteRunner.runTest(SuiteRunner.java:359)
	at org.testng.SuiteRunner.runSequentially(SuiteRunner.java:354)
	at org.testng.SuiteRunner.privateRun(SuiteRunner.java:312)
	at org.testng.SuiteRunner.run(SuiteRunner.java:261)
	at org.testng.SuiteRunnerWorker.runSuite(SuiteRunnerWorker.java:52)
	at org.testng.SuiteRunnerWorker.run(SuiteRunnerWorker.java:86)
	at org.testng.TestNG.runSuitesSequentially(TestNG.java:1215)
	at org.testng.TestNG.runSuitesLocally(TestNG.java:1140)
	at org.testng.TestNG.run(TestNG.java:1048)
	at org.testng.remote.AbstractRemoteTestNG.run(AbstractRemoteTestNG.java:132)
	at org.testng.remote.RemoteTestNG.initAndRun(RemoteTestNG.java:236)
	at org.testng.remote.RemoteTestNG.main(RemoteTestNG.java:81)
]]>
    </error>
  </testcase> <!-- testScenarios -->
  <testcase name="testScenarios" time="35.411" classname="com.gdi.testexecutor.TestExecutor">
    <error type="org.openqa.selenium.NoSuchElementException" message="An element could not be located on the page using the given search parameters. (WARNING: The server did not provide any stacktrace information)
Command duration or timeout: 1.30 seconds
For documentation on this error, please visit: http://seleniumhq.org/exceptions/no_such_element.html
Build info: version: &#039;2.53.0&#039;, revision: &#039;35ae25b&#039;, time: &#039;2016-03-15 17:00:58&#039;
System info: host: &#039;DivyaT.local&#039;, ip: &#039;192.168.3.171&#039;, os.name: &#039;Mac OS X&#039;, os.arch: &#039;x86_64&#039;, os.version: &#039;10.12.6&#039;, java.version: &#039;1.8.0_101&#039;
Driver info: io.appium.java_client.android.AndroidDriver
Capabilities [{app=/Users/testuser/Downloads/app-v141-garage-ca-internal_qa.apk, platformVersion=7.1.2, automationName=uiautomator2, platformName=Android, deviceName=Redmi, platform=ANY, systemPort=1314}]
Session ID: 4ad49834-aeb0-4e40-936a-fe1681c35c32
*** Element info: {Using=accessibility id, value=payment_credit_card}">
      <![CDATA[org.openqa.selenium.NoSuchElementException: An element could not be located on the page using the given search parameters. (WARNING: The server did not provide any stacktrace information)
Command duration or timeout: 1.30 seconds
For documentation on this error, please visit: http://seleniumhq.org/exceptions/no_such_element.html
Build info: version: '2.53.0', revision: '35ae25b', time: '2016-03-15 17:00:58'
System info: host: 'DivyaT.local', ip: '192.168.3.171', os.name: 'Mac OS X', os.arch: 'x86_64', os.version: '10.12.6', java.version: '1.8.0_101'
Driver info: io.appium.java_client.android.AndroidDriver
Capabilities [{app=/Users/testuser/Downloads/app-v141-garage-ca-internal_qa.apk, platformVersion=7.1.2, automationName=uiautomator2, platformName=Android, deviceName=Redmi, platform=ANY, systemPort=1314}]
Session ID: 4ad49834-aeb0-4e40-936a-fe1681c35c32
*** Element info: {Using=accessibility id, value=payment_credit_card}
	at sun.reflect.GeneratedConstructorAccessor45.newInstance(Unknown Source)
	at sun.reflect.DelegatingConstructorAccessorImpl.newInstance(DelegatingConstructorAccessorImpl.java:45)
	at java.lang.reflect.Constructor.newInstance(Constructor.java:423)
	at org.openqa.selenium.remote.ErrorHandler.createThrowable(ErrorHandler.java:206)
	at org.openqa.selenium.remote.ErrorHandler.throwIfResponseFailed(ErrorHandler.java:158)
	at org.openqa.selenium.remote.RemoteWebDriver.execute(RemoteWebDriver.java:678)
	at io.appium.java_client.AppiumDriver.execute(AppiumDriver.java:180)
	at org.openqa.selenium.remote.RemoteWebDriver.findElement(RemoteWebDriver.java:363)
	at io.appium.java_client.AppiumDriver.findElementByAccessibilityId(AppiumDriver.java:587)
	at com.gdi.locators.CartLocators.addCreditCardImage(CartLocators.java:71)
	at com.gdi.testscenarios.UC37_AddCreditCard.addCreditCard(UC37_AddCreditCard.java:24)
	at com.gdi.testscenarios.UC37_AddCreditCard.<init>(UC37_AddCreditCard.java:17)
	at com.gdi.testscenarios.TestScenarioMapper.executeFunction(TestScenarioMapper.java:153)
	at com.gdi.testexecutor.TestExecutor.testScenarios(TestExecutor.java:129)
	at sun.reflect.GeneratedMethodAccessor2.invoke(Unknown Source)
	at sun.reflect.DelegatingMethodAccessorImpl.invoke(DelegatingMethodAccessorImpl.java:43)
	at java.lang.reflect.Method.invoke(Method.java:498)
	at org.testng.internal.MethodInvocationHelper.invokeMethod(MethodInvocationHelper.java:85)
	at org.testng.internal.Invoker.invokeMethod(Invoker.java:639)
	at org.testng.internal.Invoker.invokeTestMethod(Invoker.java:816)
	at org.testng.internal.Invoker.invokeTestMethods(Invoker.java:1124)
	at org.testng.internal.TestMethodWorker.invokeTestMethods(TestMethodWorker.java:125)
	at org.testng.internal.TestMethodWorker.run(TestMethodWorker.java:108)
	at org.testng.TestRunner.privateRun(TestRunner.java:774)
	at org.testng.TestRunner.run(TestRunner.java:624)
	at org.testng.SuiteRunner.runTest(SuiteRunner.java:359)
	at org.testng.SuiteRunner.runSequentially(SuiteRunner.java:354)
	at org.testng.SuiteRunner.privateRun(SuiteRunner.java:312)
	at org.testng.SuiteRunner.run(SuiteRunner.java:261)
	at org.testng.SuiteRunnerWorker.runSuite(SuiteRunnerWorker.java:52)
	at org.testng.SuiteRunnerWorker.run(SuiteRunnerWorker.java:86)
	at org.testng.TestNG.runSuitesSequentially(TestNG.java:1215)
	at org.testng.TestNG.runSuitesLocally(TestNG.java:1140)
	at org.testng.TestNG.run(TestNG.java:1048)
	at org.testng.remote.AbstractRemoteTestNG.run(AbstractRemoteTestNG.java:132)
	at org.testng.remote.RemoteTestNG.initAndRun(RemoteTestNG.java:236)
	at org.testng.remote.RemoteTestNG.main(RemoteTestNG.java:81)
]]>
    </error>
  </testcase> <!-- testScenarios -->
  <testcase name="testScenarios" time="2.159" classname="com.gdi.testexecutor.TestExecutor"/>
  <testcase name="testScenarios" time="31.460" classname="com.gdi.testexecutor.TestExecutor"/>
  <testcase name="testScenarios" time="5.428" classname="com.gdi.testexecutor.TestExecutor"/>
  <testcase name="testScenarios" time="5.129" classname="com.gdi.testexecutor.TestExecutor"/>
  <testcase name="testScenarios" time="13.285" classname="com.gdi.testexecutor.TestExecutor"/>
  <testcase name="testScenarios" time="2.284" classname="com.gdi.testexecutor.TestExecutor"/>
  <testcase name="testScenarios" time="55.765" classname="com.gdi.testexecutor.TestExecutor"/>
  <testcase name="testScenarios" time="4.319" classname="com.gdi.testexecutor.TestExecutor"/>
  <testcase name="testScenarios" time="0.075" classname="com.gdi.testexecutor.TestExecutor"/>
  <testcase name="testScenarios" time="3.212" classname="com.gdi.testexecutor.TestExecutor"/>
  <testcase name="testScenarios" time="111.887" classname="com.gdi.testexecutor.TestExecutor"/>
  <testcase name="testScenarios" time="38.296" classname="com.gdi.testexecutor.TestExecutor">
    <error type="org.openqa.selenium.NoSuchElementException" message="An element could not be located on the page using the given search parameters. (WARNING: The server did not provide any stacktrace information)
Command duration or timeout: 60 milliseconds
For documentation on this error, please visit: http://seleniumhq.org/exceptions/no_such_element.html
Build info: version: &#039;2.53.0&#039;, revision: &#039;35ae25b&#039;, time: &#039;2016-03-15 17:00:58&#039;
System info: host: &#039;DivyaT.local&#039;, ip: &#039;192.168.3.171&#039;, os.name: &#039;Mac OS X&#039;, os.arch: &#039;x86_64&#039;, os.version: &#039;10.12.6&#039;, java.version: &#039;1.8.0_101&#039;
Driver info: io.appium.java_client.android.AndroidDriver
Capabilities [{app=/Users/testuser/Downloads/app-v141-garage-ca-internal_qa.apk, platformVersion=7.1.2, automationName=uiautomator2, platformName=Android, deviceName=Redmi, platform=ANY, systemPort=1314}]
Session ID: 4ad49834-aeb0-4e40-936a-fe1681c35c32
*** Element info: {Using=accessibility id, value=cart_checkout}">
      <![CDATA[org.openqa.selenium.NoSuchElementException: An element could not be located on the page using the given search parameters. (WARNING: The server did not provide any stacktrace information)
Command duration or timeout: 60 milliseconds
For documentation on this error, please visit: http://seleniumhq.org/exceptions/no_such_element.html
Build info: version: '2.53.0', revision: '35ae25b', time: '2016-03-15 17:00:58'
System info: host: 'DivyaT.local', ip: '192.168.3.171', os.name: 'Mac OS X', os.arch: 'x86_64', os.version: '10.12.6', java.version: '1.8.0_101'
Driver info: io.appium.java_client.android.AndroidDriver
Capabilities [{app=/Users/testuser/Downloads/app-v141-garage-ca-internal_qa.apk, platformVersion=7.1.2, automationName=uiautomator2, platformName=Android, deviceName=Redmi, platform=ANY, systemPort=1314}]
Session ID: 4ad49834-aeb0-4e40-936a-fe1681c35c32
*** Element info: {Using=accessibility id, value=cart_checkout}
	at sun.reflect.GeneratedConstructorAccessor45.newInstance(Unknown Source)
	at sun.reflect.DelegatingConstructorAccessorImpl.newInstance(DelegatingConstructorAccessorImpl.java:45)
	at java.lang.reflect.Constructor.newInstance(Constructor.java:423)
	at org.openqa.selenium.remote.ErrorHandler.createThrowable(ErrorHandler.java:206)
	at org.openqa.selenium.remote.ErrorHandler.throwIfResponseFailed(ErrorHandler.java:158)
	at org.openqa.selenium.remote.RemoteWebDriver.execute(RemoteWebDriver.java:678)
	at io.appium.java_client.AppiumDriver.execute(AppiumDriver.java:180)
	at org.openqa.selenium.remote.RemoteWebDriver.findElement(RemoteWebDriver.java:363)
	at io.appium.java_client.AppiumDriver.findElementByAccessibilityId(AppiumDriver.java:587)
	at com.gdi.locators.CartLocators.selectPayment(CartLocators.java:68)
	at com.gdi.testscenarios.UC36_ShippingMethod.shippingMethod(UC36_ShippingMethod.java:23)
	at com.gdi.testscenarios.UC36_ShippingMethod.<init>(UC36_ShippingMethod.java:17)
	at com.gdi.testscenarios.TestScenarioMapper.executeFunction(TestScenarioMapper.java:149)
	at com.gdi.testexecutor.TestExecutor.testScenarios(TestExecutor.java:129)
	at sun.reflect.GeneratedMethodAccessor2.invoke(Unknown Source)
	at sun.reflect.DelegatingMethodAccessorImpl.invoke(DelegatingMethodAccessorImpl.java:43)
	at java.lang.reflect.Method.invoke(Method.java:498)
	at org.testng.internal.MethodInvocationHelper.invokeMethod(MethodInvocationHelper.java:85)
	at org.testng.internal.Invoker.invokeMethod(Invoker.java:639)
	at org.testng.internal.Invoker.invokeTestMethod(Invoker.java:816)
	at org.testng.internal.Invoker.invokeTestMethods(Invoker.java:1124)
	at org.testng.internal.TestMethodWorker.invokeTestMethods(TestMethodWorker.java:125)
	at org.testng.internal.TestMethodWorker.run(TestMethodWorker.java:108)
	at org.testng.TestRunner.privateRun(TestRunner.java:774)
	at org.testng.TestRunner.run(TestRunner.java:624)
	at org.testng.SuiteRunner.runTest(SuiteRunner.java:359)
	at org.testng.SuiteRunner.runSequentially(SuiteRunner.java:354)
	at org.testng.SuiteRunner.privateRun(SuiteRunner.java:312)
	at org.testng.SuiteRunner.run(SuiteRunner.java:261)
	at org.testng.SuiteRunnerWorker.runSuite(SuiteRunnerWorker.java:52)
	at org.testng.SuiteRunnerWorker.run(SuiteRunnerWorker.java:86)
	at org.testng.TestNG.runSuitesSequentially(TestNG.java:1215)
	at org.testng.TestNG.runSuitesLocally(TestNG.java:1140)
	at org.testng.TestNG.run(TestNG.java:1048)
	at org.testng.remote.AbstractRemoteTestNG.run(AbstractRemoteTestNG.java:132)
	at org.testng.remote.RemoteTestNG.initAndRun(RemoteTestNG.java:236)
	at org.testng.remote.RemoteTestNG.main(RemoteTestNG.java:81)
]]>
    </error>
  </testcase> <!-- testScenarios -->
  <testcase name="testScenarios" time="33.305" classname="com.gdi.testexecutor.TestExecutor"/>
  <testcase name="testScenarios" time="36.352" classname="com.gdi.testexecutor.TestExecutor">
    <error type="org.openqa.selenium.NoSuchElementException" message="An element could not be located on the page using the given search parameters. (WARNING: The server did not provide any stacktrace information)
Command duration or timeout: 60 milliseconds
For documentation on this error, please visit: http://seleniumhq.org/exceptions/no_such_element.html
Build info: version: &#039;2.53.0&#039;, revision: &#039;35ae25b&#039;, time: &#039;2016-03-15 17:00:58&#039;
System info: host: &#039;DivyaT.local&#039;, ip: &#039;192.168.3.171&#039;, os.name: &#039;Mac OS X&#039;, os.arch: &#039;x86_64&#039;, os.version: &#039;10.12.6&#039;, java.version: &#039;1.8.0_101&#039;
Driver info: io.appium.java_client.android.AndroidDriver
Capabilities [{app=/Users/testuser/Downloads/app-v141-garage-ca-internal_qa.apk, platformVersion=7.1.2, automationName=uiautomator2, platformName=Android, deviceName=Redmi, platform=ANY, systemPort=1314}]
Session ID: 4ad49834-aeb0-4e40-936a-fe1681c35c32
*** Element info: {Using=accessibility id, value=cart_checkout}">
      <![CDATA[org.openqa.selenium.NoSuchElementException: An element could not be located on the page using the given search parameters. (WARNING: The server did not provide any stacktrace information)
Command duration or timeout: 60 milliseconds
For documentation on this error, please visit: http://seleniumhq.org/exceptions/no_such_element.html
Build info: version: '2.53.0', revision: '35ae25b', time: '2016-03-15 17:00:58'
System info: host: 'DivyaT.local', ip: '192.168.3.171', os.name: 'Mac OS X', os.arch: 'x86_64', os.version: '10.12.6', java.version: '1.8.0_101'
Driver info: io.appium.java_client.android.AndroidDriver
Capabilities [{app=/Users/testuser/Downloads/app-v141-garage-ca-internal_qa.apk, platformVersion=7.1.2, automationName=uiautomator2, platformName=Android, deviceName=Redmi, platform=ANY, systemPort=1314}]
Session ID: 4ad49834-aeb0-4e40-936a-fe1681c35c32
*** Element info: {Using=accessibility id, value=cart_checkout}
	at sun.reflect.GeneratedConstructorAccessor45.newInstance(Unknown Source)
	at sun.reflect.DelegatingConstructorAccessorImpl.newInstance(DelegatingConstructorAccessorImpl.java:45)
	at java.lang.reflect.Constructor.newInstance(Constructor.java:423)
	at org.openqa.selenium.remote.ErrorHandler.createThrowable(ErrorHandler.java:206)
	at org.openqa.selenium.remote.ErrorHandler.throwIfResponseFailed(ErrorHandler.java:158)
	at org.openqa.selenium.remote.RemoteWebDriver.execute(RemoteWebDriver.java:678)
	at io.appium.java_client.AppiumDriver.execute(AppiumDriver.java:180)
	at org.openqa.selenium.remote.RemoteWebDriver.findElement(RemoteWebDriver.java:363)
	at io.appium.java_client.AppiumDriver.findElementByAccessibilityId(AppiumDriver.java:587)
	at com.gdi.locators.CartLocators.saveSelectShipping(CartLocators.java:65)
	at com.gdi.testscenarios.UC35_SaveSelectShipping.saveSelectShipping(UC35_SaveSelectShipping.java:23)
	at com.gdi.testscenarios.UC35_SaveSelectShipping.<init>(UC35_SaveSelectShipping.java:17)
	at com.gdi.testscenarios.TestScenarioMapper.executeFunction(TestScenarioMapper.java:145)
	at com.gdi.testexecutor.TestExecutor.testScenarios(TestExecutor.java:129)
	at sun.reflect.GeneratedMethodAccessor2.invoke(Unknown Source)
	at sun.reflect.DelegatingMethodAccessorImpl.invoke(DelegatingMethodAccessorImpl.java:43)
	at java.lang.reflect.Method.invoke(Method.java:498)
	at org.testng.internal.MethodInvocationHelper.invokeMethod(MethodInvocationHelper.java:85)
	at org.testng.internal.Invoker.invokeMethod(Invoker.java:639)
	at org.testng.internal.Invoker.invokeTestMethod(Invoker.java:816)
	at org.testng.internal.Invoker.invokeTestMethods(Invoker.java:1124)
	at org.testng.internal.TestMethodWorker.invokeTestMethods(TestMethodWorker.java:125)
	at org.testng.internal.TestMethodWorker.run(TestMethodWorker.java:108)
	at org.testng.TestRunner.privateRun(TestRunner.java:774)
	at org.testng.TestRunner.run(TestRunner.java:624)
	at org.testng.SuiteRunner.runTest(SuiteRunner.java:359)
	at org.testng.SuiteRunner.runSequentially(SuiteRunner.java:354)
	at org.testng.SuiteRunner.privateRun(SuiteRunner.java:312)
	at org.testng.SuiteRunner.run(SuiteRunner.java:261)
	at org.testng.SuiteRunnerWorker.runSuite(SuiteRunnerWorker.java:52)
	at org.testng.SuiteRunnerWorker.run(SuiteRunnerWorker.java:86)
	at org.testng.TestNG.runSuitesSequentially(TestNG.java:1215)
	at org.testng.TestNG.runSuitesLocally(TestNG.java:1140)
	at org.testng.TestNG.run(TestNG.java:1048)
	at org.testng.remote.AbstractRemoteTestNG.run(AbstractRemoteTestNG.java:132)
	at org.testng.remote.RemoteTestNG.initAndRun(RemoteTestNG.java:236)
	at org.testng.remote.RemoteTestNG.main(RemoteTestNG.java:81)
]]>
    </error>
  </testcase> <!-- testScenarios -->
  <testcase name="testScenarios" time="2.113" classname="com.gdi.testexecutor.TestExecutor">
    <error type="org.openqa.selenium.NoSuchElementException" message="An element could not be located on the page using the given search parameters. (WARNING: The server did not provide any stacktrace information)
Command duration or timeout: 103 milliseconds
For documentation on this error, please visit: http://seleniumhq.org/exceptions/no_such_element.html
Build info: version: &#039;2.53.0&#039;, revision: &#039;35ae25b&#039;, time: &#039;2016-03-15 17:00:58&#039;
System info: host: &#039;DivyaT.local&#039;, ip: &#039;192.168.3.171&#039;, os.name: &#039;Mac OS X&#039;, os.arch: &#039;x86_64&#039;, os.version: &#039;10.12.6&#039;, java.version: &#039;1.8.0_101&#039;
Driver info: io.appium.java_client.android.AndroidDriver
Capabilities [{app=/Users/testuser/Downloads/app-v141-garage-ca-internal_qa.apk, platformVersion=7.1.2, automationName=uiautomator2, platformName=Android, deviceName=Redmi, platform=ANY, systemPort=1314}]
Session ID: 4ad49834-aeb0-4e40-936a-fe1681c35c32
*** Element info: {Using=xpath, value=//android.widget.TextView[@text=&#039;Billing Address&#039;]}">
      <![CDATA[org.openqa.selenium.NoSuchElementException: An element could not be located on the page using the given search parameters. (WARNING: The server did not provide any stacktrace information)
Command duration or timeout: 103 milliseconds
For documentation on this error, please visit: http://seleniumhq.org/exceptions/no_such_element.html
Build info: version: '2.53.0', revision: '35ae25b', time: '2016-03-15 17:00:58'
System info: host: 'DivyaT.local', ip: '192.168.3.171', os.name: 'Mac OS X', os.arch: 'x86_64', os.version: '10.12.6', java.version: '1.8.0_101'
Driver info: io.appium.java_client.android.AndroidDriver
Capabilities [{app=/Users/testuser/Downloads/app-v141-garage-ca-internal_qa.apk, platformVersion=7.1.2, automationName=uiautomator2, platformName=Android, deviceName=Redmi, platform=ANY, systemPort=1314}]
Session ID: 4ad49834-aeb0-4e40-936a-fe1681c35c32
*** Element info: {Using=xpath, value=//android.widget.TextView[@text='Billing Address']}
	at sun.reflect.GeneratedConstructorAccessor45.newInstance(Unknown Source)
	at sun.reflect.DelegatingConstructorAccessorImpl.newInstance(DelegatingConstructorAccessorImpl.java:45)
	at java.lang.reflect.Constructor.newInstance(Constructor.java:423)
	at org.openqa.selenium.remote.ErrorHandler.createThrowable(ErrorHandler.java:206)
	at org.openqa.selenium.remote.ErrorHandler.throwIfResponseFailed(ErrorHandler.java:158)
	at org.openqa.selenium.remote.RemoteWebDriver.execute(RemoteWebDriver.java:678)
	at io.appium.java_client.AppiumDriver.execute(AppiumDriver.java:180)
	at org.openqa.selenium.remote.RemoteWebDriver.findElement(RemoteWebDriver.java:363)
	at org.openqa.selenium.remote.RemoteWebDriver.findElementByXPath(RemoteWebDriver.java:500)
	at org.openqa.selenium.By$ByXPath.findElement(By.java:361)
	at org.openqa.selenium.remote.RemoteWebDriver.findElement(RemoteWebDriver.java:355)
	at com.gdi.locators.CartLocators.billingAddressStaticText(CartLocators.java:96)
	at com.gdi.testscenarios.UC38_CheckOutWithNewCC.checkOutWithNewCC(UC38_CheckOutWithNewCC.java:23)
	at com.gdi.testscenarios.UC38_CheckOutWithNewCC.<init>(UC38_CheckOutWithNewCC.java:17)
	at com.gdi.testscenarios.TestScenarioMapper.executeFunction(TestScenarioMapper.java:157)
	at com.gdi.testexecutor.TestExecutor.testScenarios(TestExecutor.java:129)
	at sun.reflect.GeneratedMethodAccessor2.invoke(Unknown Source)
	at sun.reflect.DelegatingMethodAccessorImpl.invoke(DelegatingMethodAccessorImpl.java:43)
	at java.lang.reflect.Method.invoke(Method.java:498)
	at org.testng.internal.MethodInvocationHelper.invokeMethod(MethodInvocationHelper.java:85)
	at org.testng.internal.Invoker.invokeMethod(Invoker.java:639)
	at org.testng.internal.Invoker.invokeTestMethod(Invoker.java:816)
	at org.testng.internal.Invoker.invokeTestMethods(Invoker.java:1124)
	at org.testng.internal.TestMethodWorker.invokeTestMethods(TestMethodWorker.java:125)
	at org.testng.internal.TestMethodWorker.run(TestMethodWorker.java:108)
	at org.testng.TestRunner.privateRun(TestRunner.java:774)
	at org.testng.TestRunner.run(TestRunner.java:624)
	at org.testng.SuiteRunner.runTest(SuiteRunner.java:359)
	at org.testng.SuiteRunner.runSequentially(SuiteRunner.java:354)
	at org.testng.SuiteRunner.privateRun(SuiteRunner.java:312)
	at org.testng.SuiteRunner.run(SuiteRunner.java:261)
	at org.testng.SuiteRunnerWorker.runSuite(SuiteRunnerWorker.java:52)
	at org.testng.SuiteRunnerWorker.run(SuiteRunnerWorker.java:86)
	at org.testng.TestNG.runSuitesSequentially(TestNG.java:1215)
	at org.testng.TestNG.runSuitesLocally(TestNG.java:1140)
	at org.testng.TestNG.run(TestNG.java:1048)
	at org.testng.remote.AbstractRemoteTestNG.run(AbstractRemoteTestNG.java:132)
	at org.testng.remote.RemoteTestNG.initAndRun(RemoteTestNG.java:236)
	at org.testng.remote.RemoteTestNG.main(RemoteTestNG.java:81)
]]>
    </error>
  </testcase> <!-- testScenarios -->
  <testcase name="testScenarios" time="14.299" classname="com.gdi.testexecutor.TestExecutor"/>
  <testcase name="testScenarios" time="8.659" classname="com.gdi.testexecutor.TestExecutor"/>
  <testcase name="testScenarios" time="24.153" classname="com.gdi.testexecutor.TestExecutor"/>
  <testcase name="testScenarios" time="25.263" classname="com.gdi.testexecutor.TestExecutor"/>
  <testcase name="testScenarios" time="2.627" classname="com.gdi.testexecutor.TestExecutor"/>
  <testcase name="testScenarios" time="6.533" classname="com.gdi.testexecutor.TestExecutor"/>
  <testcase name="testScenarios" time="0.071" classname="com.gdi.testexecutor.TestExecutor">
    <error type="org.openqa.selenium.NoSuchElementException" message="An element could not be located on the page using the given search parameters. (WARNING: The server did not provide any stacktrace information)
Command duration or timeout: 69 milliseconds
For documentation on this error, please visit: http://seleniumhq.org/exceptions/no_such_element.html
Build info: version: &#039;2.53.0&#039;, revision: &#039;35ae25b&#039;, time: &#039;2016-03-15 17:00:58&#039;
System info: host: &#039;DivyaT.local&#039;, ip: &#039;192.168.3.171&#039;, os.name: &#039;Mac OS X&#039;, os.arch: &#039;x86_64&#039;, os.version: &#039;10.12.6&#039;, java.version: &#039;1.8.0_101&#039;
Driver info: io.appium.java_client.android.AndroidDriver
Capabilities [{app=/Users/testuser/Downloads/app-v141-garage-ca-internal_qa.apk, platformVersion=7.1.2, automationName=uiautomator2, platformName=Android, deviceName=Redmi, platform=ANY, systemPort=1314}]
Session ID: 4ad49834-aeb0-4e40-936a-fe1681c35c32
*** Element info: {Using=accessibility id, value=save_credit_card_details}">
      <![CDATA[org.openqa.selenium.NoSuchElementException: An element could not be located on the page using the given search parameters. (WARNING: The server did not provide any stacktrace information)
Command duration or timeout: 69 milliseconds
For documentation on this error, please visit: http://seleniumhq.org/exceptions/no_such_element.html
Build info: version: '2.53.0', revision: '35ae25b', time: '2016-03-15 17:00:58'
System info: host: 'DivyaT.local', ip: '192.168.3.171', os.name: 'Mac OS X', os.arch: 'x86_64', os.version: '10.12.6', java.version: '1.8.0_101'
Driver info: io.appium.java_client.android.AndroidDriver
Capabilities [{app=/Users/testuser/Downloads/app-v141-garage-ca-internal_qa.apk, platformVersion=7.1.2, automationName=uiautomator2, platformName=Android, deviceName=Redmi, platform=ANY, systemPort=1314}]
Session ID: 4ad49834-aeb0-4e40-936a-fe1681c35c32
*** Element info: {Using=accessibility id, value=save_credit_card_details}
	at sun.reflect.GeneratedConstructorAccessor45.newInstance(Unknown Source)
	at sun.reflect.DelegatingConstructorAccessorImpl.newInstance(DelegatingConstructorAccessorImpl.java:45)
	at java.lang.reflect.Constructor.newInstance(Constructor.java:423)
	at org.openqa.selenium.remote.ErrorHandler.createThrowable(ErrorHandler.java:206)
	at org.openqa.selenium.remote.ErrorHandler.throwIfResponseFailed(ErrorHandler.java:158)
	at org.openqa.selenium.remote.RemoteWebDriver.execute(RemoteWebDriver.java:678)
	at io.appium.java_client.AppiumDriver.execute(AppiumDriver.java:180)
	at org.openqa.selenium.remote.RemoteWebDriver.findElement(RemoteWebDriver.java:363)
	at io.appium.java_client.AppiumDriver.findElementByAccessibilityId(AppiumDriver.java:587)
	at com.gdi.locators.CartLocators.unCheckSaveCreditCard(CartLocators.java:84)
	at com.gdi.testscenarios.UC39_CheckOutWithoutSavingcreditCard.checkOutWithoutSavingcreditCard(UC39_CheckOutWithoutSavingcreditCard.java:23)
	at com.gdi.testscenarios.UC39_CheckOutWithoutSavingcreditCard.<init>(UC39_CheckOutWithoutSavingcreditCard.java:18)
	at com.gdi.testscenarios.TestScenarioMapper.executeFunction(TestScenarioMapper.java:161)
	at com.gdi.testexecutor.TestExecutor.testScenarios(TestExecutor.java:129)
	at sun.reflect.GeneratedMethodAccessor2.invoke(Unknown Source)
	at sun.reflect.DelegatingMethodAccessorImpl.invoke(DelegatingMethodAccessorImpl.java:43)
	at java.lang.reflect.Method.invoke(Method.java:498)
	at org.testng.internal.MethodInvocationHelper.invokeMethod(MethodInvocationHelper.java:85)
	at org.testng.internal.Invoker.invokeMethod(Invoker.java:639)
	at org.testng.internal.Invoker.invokeTestMethod(Invoker.java:816)
	at org.testng.internal.Invoker.invokeTestMethods(Invoker.java:1124)
	at org.testng.internal.TestMethodWorker.invokeTestMethods(TestMethodWorker.java:125)
	at org.testng.internal.TestMethodWorker.run(TestMethodWorker.java:108)
	at org.testng.TestRunner.privateRun(TestRunner.java:774)
	at org.testng.TestRunner.run(TestRunner.java:624)
	at org.testng.SuiteRunner.runTest(SuiteRunner.java:359)
	at org.testng.SuiteRunner.runSequentially(SuiteRunner.java:354)
	at org.testng.SuiteRunner.privateRun(SuiteRunner.java:312)
	at org.testng.SuiteRunner.run(SuiteRunner.java:261)
	at org.testng.SuiteRunnerWorker.runSuite(SuiteRunnerWorker.java:52)
	at org.testng.SuiteRunnerWorker.run(SuiteRunnerWorker.java:86)
	at org.testng.TestNG.runSuitesSequentially(TestNG.java:1215)
	at org.testng.TestNG.runSuitesLocally(TestNG.java:1140)
	at org.testng.TestNG.run(TestNG.java:1048)
	at org.testng.remote.AbstractRemoteTestNG.run(AbstractRemoteTestNG.java:132)
	at org.testng.remote.RemoteTestNG.initAndRun(RemoteTestNG.java:236)
	at org.testng.remote.RemoteTestNG.main(RemoteTestNG.java:81)
]]>
    </error>
  </testcase> <!-- testScenarios -->
  <testcase name="testScenarios" time="3.594" classname="com.gdi.testexecutor.TestExecutor"/>
  <testcase name="testScenarios" time="13.423" classname="com.gdi.testexecutor.TestExecutor"/>
  <testcase name="testScenarios" time="6.135" classname="com.gdi.testexecutor.TestExecutor">
    <error type="org.openqa.selenium.NoSuchElementException" message="An element could not be located on the page using the given search parameters. (WARNING: The server did not provide any stacktrace information)
Command duration or timeout: 112 milliseconds
For documentation on this error, please visit: http://seleniumhq.org/exceptions/no_such_element.html
Build info: version: &#039;2.53.0&#039;, revision: &#039;35ae25b&#039;, time: &#039;2016-03-15 17:00:58&#039;
System info: host: &#039;DivyaT.local&#039;, ip: &#039;192.168.3.171&#039;, os.name: &#039;Mac OS X&#039;, os.arch: &#039;x86_64&#039;, os.version: &#039;10.12.6&#039;, java.version: &#039;1.8.0_101&#039;
Driver info: io.appium.java_client.android.AndroidDriver
Capabilities [{app=/Users/testuser/Downloads/app-v141-garage-ca-internal_qa.apk, platformVersion=7.1.2, automationName=uiautomator2, platformName=Android, deviceName=Redmi, platform=ANY, systemPort=1314}]
Session ID: 4ad49834-aeb0-4e40-936a-fe1681c35c32
*** Element info: {Using=accessibility id, value=GIFT_CARD}">
      <![CDATA[org.openqa.selenium.NoSuchElementException: An element could not be located on the page using the given search parameters. (WARNING: The server did not provide any stacktrace information)
Command duration or timeout: 112 milliseconds
For documentation on this error, please visit: http://seleniumhq.org/exceptions/no_such_element.html
Build info: version: '2.53.0', revision: '35ae25b', time: '2016-03-15 17:00:58'
System info: host: 'DivyaT.local', ip: '192.168.3.171', os.name: 'Mac OS X', os.arch: 'x86_64', os.version: '10.12.6', java.version: '1.8.0_101'
Driver info: io.appium.java_client.android.AndroidDriver
Capabilities [{app=/Users/testuser/Downloads/app-v141-garage-ca-internal_qa.apk, platformVersion=7.1.2, automationName=uiautomator2, platformName=Android, deviceName=Redmi, platform=ANY, systemPort=1314}]
Session ID: 4ad49834-aeb0-4e40-936a-fe1681c35c32
*** Element info: {Using=accessibility id, value=GIFT_CARD}
	at sun.reflect.GeneratedConstructorAccessor45.newInstance(Unknown Source)
	at sun.reflect.DelegatingConstructorAccessorImpl.newInstance(DelegatingConstructorAccessorImpl.java:45)
	at java.lang.reflect.Constructor.newInstance(Constructor.java:423)
	at org.openqa.selenium.remote.ErrorHandler.createThrowable(ErrorHandler.java:206)
	at org.openqa.selenium.remote.ErrorHandler.throwIfResponseFailed(ErrorHandler.java:158)
	at org.openqa.selenium.remote.RemoteWebDriver.execute(RemoteWebDriver.java:678)
	at io.appium.java_client.AppiumDriver.execute(AppiumDriver.java:180)
	at org.openqa.selenium.remote.RemoteWebDriver.findElement(RemoteWebDriver.java:363)
	at io.appium.java_client.AppiumDriver.findElementByAccessibilityId(AppiumDriver.java:587)
	at com.gdi.locators.HomePageLocators.giftCard(HomePageLocators.java:132)
	at com.gdi.testscenarios.UC16_GiftCard.giftCard(UC16_GiftCard.java:38)
	at com.gdi.testscenarios.UC16_GiftCard.<init>(UC16_GiftCard.java:16)
	at com.gdi.testscenarios.TestScenarioMapper.executeFunction(TestScenarioMapper.java:72)
	at com.gdi.testexecutor.TestExecutor.testScenarios(TestExecutor.java:129)
	at sun.reflect.NativeMethodAccessorImpl.invoke0(Native Method)
	at sun.reflect.NativeMethodAccessorImpl.invoke(NativeMethodAccessorImpl.java:62)
	at sun.reflect.DelegatingMethodAccessorImpl.invoke(DelegatingMethodAccessorImpl.java:43)
	at java.lang.reflect.Method.invoke(Method.java:498)
	at org.testng.internal.MethodInvocationHelper.invokeMethod(MethodInvocationHelper.java:85)
	at org.testng.internal.Invoker.invokeMethod(Invoker.java:639)
	at org.testng.internal.Invoker.invokeTestMethod(Invoker.java:816)
	at org.testng.internal.Invoker.invokeTestMethods(Invoker.java:1124)
	at org.testng.internal.TestMethodWorker.invokeTestMethods(TestMethodWorker.java:125)
	at org.testng.internal.TestMethodWorker.run(TestMethodWorker.java:108)
	at org.testng.TestRunner.privateRun(TestRunner.java:774)
	at org.testng.TestRunner.run(TestRunner.java:624)
	at org.testng.SuiteRunner.runTest(SuiteRunner.java:359)
	at org.testng.SuiteRunner.runSequentially(SuiteRunner.java:354)
	at org.testng.SuiteRunner.privateRun(SuiteRunner.java:312)
	at org.testng.SuiteRunner.run(SuiteRunner.java:261)
	at org.testng.SuiteRunnerWorker.runSuite(SuiteRunnerWorker.java:52)
	at org.testng.SuiteRunnerWorker.run(SuiteRunnerWorker.java:86)
	at org.testng.TestNG.runSuitesSequentially(TestNG.java:1215)
	at org.testng.TestNG.runSuitesLocally(TestNG.java:1140)
	at org.testng.TestNG.run(TestNG.java:1048)
	at org.testng.remote.AbstractRemoteTestNG.run(AbstractRemoteTestNG.java:132)
	at org.testng.remote.RemoteTestNG.initAndRun(RemoteTestNG.java:236)
	at org.testng.remote.RemoteTestNG.main(RemoteTestNG.java:81)
]]>
    </error>
  </testcase> <!-- testScenarios -->
  <testcase name="testScenarios" time="21.354" classname="com.gdi.testexecutor.TestExecutor"/>
  <testcase name="testScenarios" time="2.093" classname="com.gdi.testexecutor.TestExecutor">
    <error type="org.openqa.selenium.NoSuchElementException" message="An element could not be located on the page using the given search parameters. (WARNING: The server did not provide any stacktrace information)
Command duration or timeout: 85 milliseconds
For documentation on this error, please visit: http://seleniumhq.org/exceptions/no_such_element.html
Build info: version: &#039;2.53.0&#039;, revision: &#039;35ae25b&#039;, time: &#039;2016-03-15 17:00:58&#039;
System info: host: &#039;DivyaT.local&#039;, ip: &#039;192.168.3.171&#039;, os.name: &#039;Mac OS X&#039;, os.arch: &#039;x86_64&#039;, os.version: &#039;10.12.6&#039;, java.version: &#039;1.8.0_101&#039;
Driver info: io.appium.java_client.android.AndroidDriver
Capabilities [{app=/Users/testuser/Downloads/app-v141-garage-ca-internal_qa.apk, platformVersion=7.1.2, automationName=uiautomator2, platformName=Android, deviceName=Redmi, platform=ANY, systemPort=1314}]
Session ID: 4ad49834-aeb0-4e40-936a-fe1681c35c32
*** Element info: {Using=accessibility id, value=cart_checkout}">
      <![CDATA[org.openqa.selenium.NoSuchElementException: An element could not be located on the page using the given search parameters. (WARNING: The server did not provide any stacktrace information)
Command duration or timeout: 85 milliseconds
For documentation on this error, please visit: http://seleniumhq.org/exceptions/no_such_element.html
Build info: version: '2.53.0', revision: '35ae25b', time: '2016-03-15 17:00:58'
System info: host: 'DivyaT.local', ip: '192.168.3.171', os.name: 'Mac OS X', os.arch: 'x86_64', os.version: '10.12.6', java.version: '1.8.0_101'
Driver info: io.appium.java_client.android.AndroidDriver
Capabilities [{app=/Users/testuser/Downloads/app-v141-garage-ca-internal_qa.apk, platformVersion=7.1.2, automationName=uiautomator2, platformName=Android, deviceName=Redmi, platform=ANY, systemPort=1314}]
Session ID: 4ad49834-aeb0-4e40-936a-fe1681c35c32
*** Element info: {Using=accessibility id, value=cart_checkout}
	at sun.reflect.GeneratedConstructorAccessor45.newInstance(Unknown Source)
	at sun.reflect.DelegatingConstructorAccessorImpl.newInstance(DelegatingConstructorAccessorImpl.java:45)
	at java.lang.reflect.Constructor.newInstance(Constructor.java:423)
	at org.openqa.selenium.remote.ErrorHandler.createThrowable(ErrorHandler.java:206)
	at org.openqa.selenium.remote.ErrorHandler.throwIfResponseFailed(ErrorHandler.java:158)
	at org.openqa.selenium.remote.RemoteWebDriver.execute(RemoteWebDriver.java:678)
	at io.appium.java_client.AppiumDriver.execute(AppiumDriver.java:180)
	at org.openqa.selenium.remote.RemoteWebDriver.findElement(RemoteWebDriver.java:363)
	at io.appium.java_client.AppiumDriver.findElementByAccessibilityId(AppiumDriver.java:587)
	at com.gdi.locators.CartLocators.checkOutButton(CartLocators.java:62)
	at com.gdi.testscenarios.UC34_CheckOutButton.checkOutButton(UC34_CheckOutButton.java:23)
	at com.gdi.testscenarios.UC34_CheckOutButton.<init>(UC34_CheckOutButton.java:17)
	at com.gdi.testscenarios.TestScenarioMapper.executeFunction(TestScenarioMapper.java:141)
	at com.gdi.testexecutor.TestExecutor.testScenarios(TestExecutor.java:129)
	at sun.reflect.GeneratedMethodAccessor2.invoke(Unknown Source)
	at sun.reflect.DelegatingMethodAccessorImpl.invoke(DelegatingMethodAccessorImpl.java:43)
	at java.lang.reflect.Method.invoke(Method.java:498)
	at org.testng.internal.MethodInvocationHelper.invokeMethod(MethodInvocationHelper.java:85)
	at org.testng.internal.Invoker.invokeMethod(Invoker.java:639)
	at org.testng.internal.Invoker.invokeTestMethod(Invoker.java:816)
	at org.testng.internal.Invoker.invokeTestMethods(Invoker.java:1124)
	at org.testng.internal.TestMethodWorker.invokeTestMethods(TestMethodWorker.java:125)
	at org.testng.internal.TestMethodWorker.run(TestMethodWorker.java:108)
	at org.testng.TestRunner.privateRun(TestRunner.java:774)
	at org.testng.TestRunner.run(TestRunner.java:624)
	at org.testng.SuiteRunner.runTest(SuiteRunner.java:359)
	at org.testng.SuiteRunner.runSequentially(SuiteRunner.java:354)
	at org.testng.SuiteRunner.privateRun(SuiteRunner.java:312)
	at org.testng.SuiteRunner.run(SuiteRunner.java:261)
	at org.testng.SuiteRunnerWorker.runSuite(SuiteRunnerWorker.java:52)
	at org.testng.SuiteRunnerWorker.run(SuiteRunnerWorker.java:86)
	at org.testng.TestNG.runSuitesSequentially(TestNG.java:1215)
	at org.testng.TestNG.runSuitesLocally(TestNG.java:1140)
	at org.testng.TestNG.run(TestNG.java:1048)
	at org.testng.remote.AbstractRemoteTestNG.run(AbstractRemoteTestNG.java:132)
	at org.testng.remote.RemoteTestNG.initAndRun(RemoteTestNG.java:236)
	at org.testng.remote.RemoteTestNG.main(RemoteTestNG.java:81)
]]>
    </error>
  </testcase> <!-- testScenarios -->
  <testcase name="testScenarios" time="0.098" classname="com.gdi.testexecutor.TestExecutor"/>
  <testcase name="testScenarios" time="45.045" classname="com.gdi.testexecutor.TestExecutor">
    <error type="org.openqa.selenium.NoSuchElementException" message="An element could not be located on the page using the given search parameters. (WARNING: The server did not provide any stacktrace information)
Command duration or timeout: 115 milliseconds
For documentation on this error, please visit: http://seleniumhq.org/exceptions/no_such_element.html
Build info: version: &#039;2.53.0&#039;, revision: &#039;35ae25b&#039;, time: &#039;2016-03-15 17:00:58&#039;
System info: host: &#039;DivyaT.local&#039;, ip: &#039;192.168.3.171&#039;, os.name: &#039;Mac OS X&#039;, os.arch: &#039;x86_64&#039;, os.version: &#039;10.12.6&#039;, java.version: &#039;1.8.0_101&#039;
Driver info: io.appium.java_client.android.AndroidDriver
Capabilities [{app=/Users/testuser/Downloads/app-v141-garage-ca-internal_qa.apk, platformVersion=7.1.2, automationName=uiautomator2, platformName=Android, deviceName=Redmi, platform=ANY, systemPort=1314}]
Session ID: 4ad49834-aeb0-4e40-936a-fe1681c35c32
*** Element info: {Using=accessibility id, value=navigationbar_modal_close}">
      <![CDATA[org.openqa.selenium.NoSuchElementException: An element could not be located on the page using the given search parameters. (WARNING: The server did not provide any stacktrace information)
Command duration or timeout: 115 milliseconds
For documentation on this error, please visit: http://seleniumhq.org/exceptions/no_such_element.html
Build info: version: '2.53.0', revision: '35ae25b', time: '2016-03-15 17:00:58'
System info: host: 'DivyaT.local', ip: '192.168.3.171', os.name: 'Mac OS X', os.arch: 'x86_64', os.version: '10.12.6', java.version: '1.8.0_101'
Driver info: io.appium.java_client.android.AndroidDriver
Capabilities [{app=/Users/testuser/Downloads/app-v141-garage-ca-internal_qa.apk, platformVersion=7.1.2, automationName=uiautomator2, platformName=Android, deviceName=Redmi, platform=ANY, systemPort=1314}]
Session ID: 4ad49834-aeb0-4e40-936a-fe1681c35c32
*** Element info: {Using=accessibility id, value=navigationbar_modal_close}
	at sun.reflect.GeneratedConstructorAccessor45.newInstance(Unknown Source)
	at sun.reflect.DelegatingConstructorAccessorImpl.newInstance(DelegatingConstructorAccessorImpl.java:45)
	at java.lang.reflect.Constructor.newInstance(Constructor.java:423)
	at org.openqa.selenium.remote.ErrorHandler.createThrowable(ErrorHandler.java:206)
	at org.openqa.selenium.remote.ErrorHandler.throwIfResponseFailed(ErrorHandler.java:158)
	at org.openqa.selenium.remote.RemoteWebDriver.execute(RemoteWebDriver.java:678)
	at io.appium.java_client.AppiumDriver.execute(AppiumDriver.java:180)
	at org.openqa.selenium.remote.RemoteWebDriver.findElement(RemoteWebDriver.java:363)
	at io.appium.java_client.AppiumDriver.findElementByAccessibilityId(AppiumDriver.java:587)
	at com.gdi.locators.PLPLocators.closeFilterModule(PLPLocators.java:60)
	at com.gdi.testscenarios.UC19_Filters.filters(UC19_Filters.java:63)
	at com.gdi.testscenarios.UC19_Filters.<init>(UC19_Filters.java:19)
	at com.gdi.testscenarios.TestScenarioMapper.executeFunction(TestScenarioMapper.java:84)
	at com.gdi.testexecutor.TestExecutor.testScenarios(TestExecutor.java:129)
	at sun.reflect.GeneratedMethodAccessor2.invoke(Unknown Source)
	at sun.reflect.DelegatingMethodAccessorImpl.invoke(DelegatingMethodAccessorImpl.java:43)
	at java.lang.reflect.Method.invoke(Method.java:498)
	at org.testng.internal.MethodInvocationHelper.invokeMethod(MethodInvocationHelper.java:85)
	at org.testng.internal.Invoker.invokeMethod(Invoker.java:639)
	at org.testng.internal.Invoker.invokeTestMethod(Invoker.java:816)
	at org.testng.internal.Invoker.invokeTestMethods(Invoker.java:1124)
	at org.testng.internal.TestMethodWorker.invokeTestMethods(TestMethodWorker.java:125)
	at org.testng.internal.TestMethodWorker.run(TestMethodWorker.java:108)
	at org.testng.TestRunner.privateRun(TestRunner.java:774)
	at org.testng.TestRunner.run(TestRunner.java:624)
	at org.testng.SuiteRunner.runTest(SuiteRunner.java:359)
	at org.testng.SuiteRunner.runSequentially(SuiteRunner.java:354)
	at org.testng.SuiteRunner.privateRun(SuiteRunner.java:312)
	at org.testng.SuiteRunner.run(SuiteRunner.java:261)
	at org.testng.SuiteRunnerWorker.runSuite(SuiteRunnerWorker.java:52)
	at org.testng.SuiteRunnerWorker.run(SuiteRunnerWorker.java:86)
	at org.testng.TestNG.runSuitesSequentially(TestNG.java:1215)
	at org.testng.TestNG.runSuitesLocally(TestNG.java:1140)
	at org.testng.TestNG.run(TestNG.java:1048)
	at org.testng.remote.AbstractRemoteTestNG.run(AbstractRemoteTestNG.java:132)
	at org.testng.remote.RemoteTestNG.initAndRun(RemoteTestNG.java:236)
	at org.testng.remote.RemoteTestNG.main(RemoteTestNG.java:81)
]]>
    </error>
  </testcase> <!-- testScenarios -->
  <testcase name="testScenarios" time="0.001" classname="com.gdi.testexecutor.TestExecutor"/>
  <testcase name="testScenarios" time="8.829" classname="com.gdi.testexecutor.TestExecutor"/>
  <testcase name="testScenarios" time="0.102" classname="com.gdi.testexecutor.TestExecutor"/>
  <testcase name="testScenarios" time="4.106" classname="com.gdi.testexecutor.TestExecutor"/>
</testsuite> <!-- com.gdi.testexecutor.TestExecutor -->
